2025-12-31 00:01:58,589 [INFO] WebApp:194 - Connection lost
2025-12-31 00:01:58,962 [INFO] WebApp:191 - Connection restablished
2025-12-31 00:08:12,723 [INFO] WebApp:194 - Connection lost
2025-12-31 00:08:13,018 [INFO] WebApp:191 - Connection restablished
2025-12-31 00:17:22,711 [INFO] WebApp:194 - Connection lost
2025-12-31 00:17:23,278 [INFO] WebApp:191 - Connection restablished
2025-12-31 00:32:44,896 [INFO] WebApp:194 - Connection lost
2025-12-31 00:32:45,493 [INFO] WebApp:191 - Connection restablished
2025-12-31 00:33:37,166 [INFO] WebApp:194 - Connection lost
2025-12-31 00:33:37,686 [INFO] WebApp:191 - Connection restablished
2025-12-31 00:34:12,394 [INFO] WebApp:194 - Connection lost
2025-12-31 00:34:13,240 [INFO] WebApp:191 - Connection restablished
2025-12-31 00:34:20,779 [INFO] WebApp:194 - Connection lost
2025-12-31 00:34:21,509 [INFO] WebApp:191 - Connection restablished
2025-12-31 00:34:36,648 [INFO] WebApp:194 - Connection lost
2025-12-31 00:34:37,519 [INFO] WebApp:191 - Connection restablished
2025-12-31 00:35:02,976 [INFO] WebApp:194 - Connection lost
2025-12-31 00:35:03,919 [INFO] WebApp:191 - Connection restablished
2025-12-31 00:35:34,831 [INFO] WebApp:194 - Connection lost
2025-12-31 00:35:35,611 [INFO] WebApp:191 - Connection restablished
2025-12-31 00:39:17,650 [INFO] WebApp:194 - Connection lost
2025-12-31 00:39:18,069 [INFO] WebApp:191 - Connection restablished
2025-12-31 00:39:38,142 [INFO] WebApp:194 - Connection lost
2025-12-31 00:39:38,444 [INFO] WebApp:191 - Connection restablished
2025-12-31 00:40:00,859 [INFO] WebApp:194 - Connection lost
2025-12-31 00:40:01,314 [INFO] WebApp:191 - Connection restablished
2025-12-31 00:41:04,521 [INFO] WebApp:194 - Connection lost
2025-12-31 00:41:04,981 [INFO] WebApp:191 - Connection restablished
2025-12-31 00:41:06,800 [INFO] WebApp:194 - Connection lost
2025-12-31 00:41:08,040 [INFO] WebApp:191 - Connection restablished
2025-12-31 00:41:26,979 [INFO] WebApp:194 - Connection lost
2025-12-31 00:41:27,333 [INFO] WebApp:191 - Connection restablished
2025-12-31 00:43:50,961 [INFO] WebApp:194 - Connection lost
2025-12-31 00:43:51,391 [INFO] WebApp:191 - Connection restablished
2025-12-31 01:00:43,657 [INFO] WebApp:194 - Connection lost
2025-12-31 01:00:44,011 [INFO] WebApp:191 - Connection restablished
2025-12-31 01:16:34,734 [INFO] WebApp:194 - Connection lost
2025-12-31 01:16:35,089 [INFO] WebApp:191 - Connection restablished
2025-12-31 01:18:22,628 [INFO] WebApp:194 - Connection lost
2025-12-31 01:18:23,124 [INFO] WebApp:191 - Connection restablished
2025-12-31 01:33:38,219 [INFO] WebApp:194 - Connection lost
2025-12-31 01:33:38,614 [INFO] WebApp:191 - Connection restablished
2025-12-31 01:34:34,415 [INFO] WebApp:194 - Connection lost
2025-12-31 01:34:34,772 [INFO] WebApp:191 - Connection restablished
2025-12-31 01:38:40,413 [INFO] WebApp:194 - Connection lost
2025-12-31 01:38:40,757 [INFO] WebApp:191 - Connection restablished
2025-12-31 01:42:58,643 [INFO] WebApp:194 - Connection lost
2025-12-31 01:43:00,137 [INFO] WebApp:191 - Connection restablished
2025-12-31 01:47:15,183 [INFO] WebApp:194 - Connection lost
2025-12-31 01:47:15,462 [INFO] WebApp:191 - Connection restablished
2025-12-31 01:47:26,118 [INFO] WebApp:194 - Connection lost
2025-12-31 01:47:26,329 [INFO] WebApp:191 - Connection restablished
2025-12-31 01:48:27,560 [INFO] WebApp:194 - Connection lost
2025-12-31 01:48:27,659 [INFO] WebApp:191 - Connection restablished
2025-12-31 01:49:37,857 [INFO] WebApp:194 - Connection lost
2025-12-31 01:49:38,866 [INFO] WebApp:191 - Connection restablished
2025-12-31 01:50:23,991 [INFO] WebApp:194 - Connection lost
2025-12-31 01:50:24,901 [INFO] WebApp:191 - Connection restablished
2025-12-31 01:50:42,629 [INFO] WebApp:194 - Connection lost
2025-12-31 01:50:43,370 [INFO] WebApp:191 - Connection restablished
2025-12-31 01:50:50,414 [INFO] WebApp:194 - Connection lost
2025-12-31 01:50:51,154 [INFO] WebApp:191 - Connection restablished
2025-12-31 01:52:05,578 [INFO] WebApp:194 - Connection lost
2025-12-31 01:52:06,659 [INFO] WebApp:191 - Connection restablished
2025-12-31 01:52:26,054 [INFO] WebApp:194 - Connection lost
2025-12-31 01:52:27,259 [INFO] WebApp:191 - Connection restablished
2025-12-31 01:52:43,393 [INFO] WebApp:194 - Connection lost
2025-12-31 01:52:44,544 [INFO] WebApp:191 - Connection restablished
2025-12-31 01:52:54,319 [INFO] WebApp:194 - Connection lost
2025-12-31 01:52:54,577 [INFO] WebApp:191 - Connection restablished
2025-12-31 01:53:06,380 [INFO] WebApp:194 - Connection lost
2025-12-31 01:53:06,404 [INFO] WebApp:191 - Connection restablished
2025-12-31 01:53:17,565 [INFO] WebApp:194 - Connection lost
2025-12-31 01:53:18,139 [INFO] WebApp:191 - Connection restablished
2025-12-31 01:53:32,265 [INFO] WebApp:194 - Connection lost
2025-12-31 01:53:32,555 [INFO] WebApp:191 - Connection restablished
2025-12-31 01:53:35,077 [INFO] WebApp:194 - Connection lost
2025-12-31 01:53:35,822 [INFO] WebApp:191 - Connection restablished
2025-12-31 01:54:02,830 [INFO] WebApp:194 - Connection lost
2025-12-31 01:54:03,402 [INFO] WebApp:191 - Connection restablished
2025-12-31 01:54:54,651 [INFO] WebApp:194 - Connection lost
2025-12-31 01:54:55,026 [INFO] WebApp:191 - Connection restablished
2025-12-31 01:55:26,173 [INFO] WebApp:194 - Connection lost
2025-12-31 01:55:26,582 [INFO] WebApp:191 - Connection restablished
2025-12-31 01:55:31,207 [INFO] WebApp:194 - Connection lost
2025-12-31 01:55:32,068 [INFO] WebApp:191 - Connection restablished
2025-12-31 01:57:48,319 [INFO] WebApp:194 - Connection lost
2025-12-31 01:57:48,964 [INFO] WebApp:191 - Connection restablished
2025-12-31 01:57:59,279 [INFO] WebApp:194 - Connection lost
2025-12-31 01:58:01,006 [INFO] WebApp:191 - Connection restablished
2025-12-31 01:58:27,747 [INFO] WebApp:194 - Connection lost
2025-12-31 01:58:28,399 [INFO] WebApp:191 - Connection restablished
2025-12-31 01:58:39,725 [INFO] WebApp:194 - Connection lost
2025-12-31 01:58:39,964 [INFO] WebApp:191 - Connection restablished
2025-12-31 01:58:48,740 [INFO] WebApp:194 - Connection lost
2025-12-31 01:58:49,132 [INFO] WebApp:191 - Connection restablished
2025-12-31 01:58:59,798 [INFO] WebApp:194 - Connection lost
2025-12-31 01:59:00,083 [INFO] WebApp:191 - Connection restablished
2025-12-31 01:59:34,824 [INFO] WebApp:194 - Connection lost
2025-12-31 01:59:35,392 [INFO] WebApp:191 - Connection restablished
2025-12-31 01:59:51,517 [INFO] WebApp:194 - Connection lost
2025-12-31 01:59:52,686 [INFO] WebApp:191 - Connection restablished
2025-12-31 02:00:13,325 [INFO] WebApp:194 - Connection lost
2025-12-31 02:00:14,134 [INFO] WebApp:191 - Connection restablished
2025-12-31 02:00:24,490 [INFO] WebApp:194 - Connection lost
2025-12-31 02:00:25,085 [INFO] WebApp:191 - Connection restablished
2025-12-31 02:03:39,361 [INFO] WebApp:194 - Connection lost
2025-12-31 02:03:40,190 [INFO] WebApp:191 - Connection restablished
2025-12-31 02:04:07,635 [INFO] WebApp:194 - Connection lost
2025-12-31 02:04:08,505 [INFO] WebApp:191 - Connection restablished
2025-12-31 02:04:37,327 [INFO] WebApp:194 - Connection lost
2025-12-31 02:04:38,155 [INFO] WebApp:191 - Connection restablished
2025-12-31 02:05:55,244 [INFO] WebApp:194 - Connection lost
2025-12-31 02:05:55,562 [INFO] WebApp:191 - Connection restablished
2025-12-31 02:06:10,081 [INFO] WebApp:194 - Connection lost
2025-12-31 02:06:10,847 [INFO] WebApp:191 - Connection restablished
2025-12-31 02:06:18,680 [INFO] WebApp:194 - Connection lost
2025-12-31 02:06:19,185 [INFO] WebApp:191 - Connection restablished
2025-12-31 02:06:28,518 [INFO] WebApp:194 - Connection lost
2025-12-31 02:06:28,955 [INFO] WebApp:191 - Connection restablished
2025-12-31 02:06:41,267 [INFO] WebApp:194 - Connection lost
2025-12-31 02:06:42,136 [INFO] WebApp:191 - Connection restablished
2025-12-31 02:06:44,077 [INFO] WebApp:194 - Connection lost
2025-12-31 02:06:45,293 [INFO] WebApp:191 - Connection restablished
2025-12-31 02:10:00,981 [INFO] WebApp:194 - Connection lost
2025-12-31 02:10:01,272 [INFO] WebApp:191 - Connection restablished
2025-12-31 02:12:13,726 [INFO] WebApp:194 - Connection lost
2025-12-31 02:12:14,031 [INFO] WebApp:191 - Connection restablished
2025-12-31 02:12:26,620 [INFO] WebApp:194 - Connection lost
2025-12-31 02:12:26,943 [INFO] WebApp:191 - Connection restablished
2025-12-31 02:12:48,730 [INFO] WebApp:194 - Connection lost
2025-12-31 02:12:49,585 [INFO] WebApp:191 - Connection restablished
2025-12-31 02:19:22,627 [INFO] WebApp:194 - Connection lost
2025-12-31 02:19:23,029 [INFO] WebApp:191 - Connection restablished
2025-12-31 02:19:23,292 [INFO] WebApp:194 - Connection lost
2025-12-31 02:19:23,641 [INFO] WebApp:191 - Connection restablished
2025-12-31 02:25:04,083 [INFO] WebApp:194 - Connection lost
2025-12-31 02:25:04,936 [INFO] WebApp:191 - Connection restablished
2025-12-31 02:25:12,280 [INFO] WebApp:194 - Connection lost
2025-12-31 02:25:12,779 [INFO] WebApp:191 - Connection restablished
2025-12-31 02:25:23,133 [INFO] WebApp:194 - Connection lost
2025-12-31 02:25:23,699 [INFO] WebApp:191 - Connection restablished
2025-12-31 02:41:23,807 [INFO] WebApp:194 - Connection lost
2025-12-31 02:41:23,907 [INFO] WebApp:191 - Connection restablished
2025-12-31 02:58:46,650 [INFO] WebApp:194 - Connection lost
2025-12-31 02:58:48,160 [INFO] WebApp:191 - Connection restablished
2025-12-31 03:16:21,827 [INFO] WebApp:194 - Connection lost
2025-12-31 03:16:24,956 [INFO] WebApp:191 - Connection restablished
2025-12-31 03:20:22,635 [INFO] WebApp:194 - Connection lost
2025-12-31 03:20:23,533 [INFO] WebApp:191 - Connection restablished
2025-12-31 03:37:18,679 [INFO] WebApp:194 - Connection lost
2025-12-31 03:37:18,914 [INFO] WebApp:191 - Connection restablished
2025-12-31 03:53:28,710 [INFO] WebApp:194 - Connection lost
2025-12-31 03:53:29,329 [INFO] WebApp:191 - Connection restablished
2025-12-31 03:58:54,995 [INFO] WebApp:194 - Connection lost
2025-12-31 03:58:55,361 [INFO] WebApp:191 - Connection restablished
2025-12-31 03:59:27,225 [INFO] WebApp:194 - Connection lost
2025-12-31 03:59:29,121 [INFO] WebApp:191 - Connection restablished
2025-12-31 04:00:28,528 [INFO] WebApp:194 - Connection lost
2025-12-31 04:00:29,705 [INFO] WebApp:191 - Connection restablished
2025-12-31 04:15:47,531 [INFO] WebApp:194 - Connection lost
2025-12-31 04:15:47,879 [INFO] WebApp:191 - Connection restablished
2025-12-31 04:20:31,020 [INFO] WebApp:194 - Connection lost
2025-12-31 04:20:32,193 [INFO] WebApp:191 - Connection restablished
2025-12-31 04:35:39,051 [INFO] WebApp:194 - Connection lost
2025-12-31 04:35:39,901 [INFO] WebApp:191 - Connection restablished
2025-12-31 04:37:59,475 [INFO] WebApp:194 - Connection lost
2025-12-31 04:37:59,821 [INFO] WebApp:191 - Connection restablished
2025-12-31 04:55:53,730 [INFO] WebApp:194 - Connection lost
2025-12-31 04:55:56,299 [INFO] WebApp:191 - Connection restablished
2025-12-31 05:13:48,752 [INFO] WebApp:194 - Connection lost
2025-12-31 05:13:49,134 [INFO] WebApp:191 - Connection restablished
2025-12-31 05:14:55,660 [INFO] WebApp:194 - Connection lost
2025-12-31 05:14:56,732 [INFO] WebApp:191 - Connection restablished
2025-12-31 05:21:31,906 [INFO] WebApp:194 - Connection lost
2025-12-31 05:21:32,866 [INFO] WebApp:191 - Connection restablished
2025-12-31 05:38:16,626 [INFO] WebApp:194 - Connection lost
2025-12-31 05:38:17,973 [INFO] WebApp:191 - Connection restablished
2025-12-31 05:53:33,739 [INFO] WebApp:194 - Connection lost
2025-12-31 05:53:35,592 [INFO] WebApp:191 - Connection restablished
2025-12-31 06:09:50,650 [INFO] WebApp:194 - Connection lost
2025-12-31 06:09:53,916 [INFO] WebApp:191 - Connection restablished
2025-12-31 06:22:31,608 [INFO] WebApp:194 - Connection lost
2025-12-31 06:22:32,908 [INFO] WebApp:191 - Connection restablished
2025-12-31 06:56:05,697 [INFO] WebApp:194 - Connection lost
2025-12-31 06:56:07,355 [INFO] WebApp:191 - Connection restablished
2025-12-31 06:56:11,734 [INFO] WebApp:194 - Connection lost
2025-12-31 06:56:14,051 [INFO] WebApp:191 - Connection restablished
2025-12-31 07:11:20,979 [INFO] WebApp:194 - Connection lost
2025-12-31 07:11:21,722 [INFO] WebApp:191 - Connection restablished
2025-12-31 07:13:42,498 [INFO] WebApp:194 - Connection lost
2025-12-31 07:13:42,887 [INFO] WebApp:191 - Connection restablished
2025-12-31 07:18:09,014 [INFO] WebApp:194 - Connection lost
2025-12-31 07:18:09,665 [INFO] WebApp:191 - Connection restablished
2025-12-31 07:18:11,912 [INFO] WebApp:194 - Connection lost
2025-12-31 07:18:12,646 [INFO] WebApp:191 - Connection restablished
2025-12-31 07:21:15,214 [INFO] WebApp:194 - Connection lost
2025-12-31 07:21:15,792 [INFO] WebApp:191 - Connection restablished
2025-12-31 07:38:39,514 [INFO] WebApp:194 - Connection lost
2025-12-31 07:38:40,989 [INFO] WebApp:191 - Connection restablished
2025-12-31 07:43:43,351 [INFO] WebApp:194 - Connection lost
2025-12-31 07:43:43,833 [INFO] WebApp:191 - Connection restablished
2025-12-31 07:44:33,216 [INFO] WebApp:194 - Connection lost
2025-12-31 07:44:33,742 [INFO] WebApp:191 - Connection restablished
2025-12-31 07:45:07,729 [INFO] WebApp:194 - Connection lost
2025-12-31 07:45:08,630 [INFO] WebApp:191 - Connection restablished
2025-12-31 07:45:40,092 [INFO] WebApp:194 - Connection lost
2025-12-31 07:45:40,949 [INFO] WebApp:191 - Connection restablished
2025-12-31 07:45:53,305 [INFO] WebApp:194 - Connection lost
2025-12-31 07:45:54,729 [INFO] WebApp:191 - Connection restablished
2025-12-31 08:01:12,681 [INFO] WebApp:194 - Connection lost
2025-12-31 08:01:13,481 [INFO] WebApp:191 - Connection restablished
2025-12-31 08:01:29,769 [INFO] WebApp:194 - Connection lost
2025-12-31 08:01:31,113 [INFO] WebApp:191 - Connection restablished
2025-12-31 08:16:38,074 [INFO] WebApp:194 - Connection lost
2025-12-31 08:16:39,218 [INFO] WebApp:191 - Connection restablished
2025-12-31 08:17:52,940 [INFO] WebApp:194 - Connection lost
2025-12-31 08:17:53,839 [INFO] WebApp:191 - Connection restablished
2025-12-31 08:24:31,718 [INFO] WebApp:194 - Connection lost
2025-12-31 08:24:32,896 [INFO] WebApp:191 - Connection restablished
2025-12-31 08:26:50,959 [INFO] WebApp:194 - Connection lost
2025-12-31 08:26:51,454 [INFO] WebApp:191 - Connection restablished
2025-12-31 08:27:08,495 [INFO] WebApp:194 - Connection lost
2025-12-31 08:27:08,905 [INFO] WebApp:191 - Connection restablished
2025-12-31 08:28:43,626 [INFO] WebApp:194 - Connection lost
2025-12-31 08:28:44,144 [INFO] WebApp:191 - Connection restablished
2025-12-31 08:30:19,462 [INFO] WebApp:194 - Connection lost
2025-12-31 08:30:20,368 [INFO] WebApp:191 - Connection restablished
2025-12-31 08:30:34,277 [INFO] WebApp:194 - Connection lost
2025-12-31 08:30:34,614 [INFO] WebApp:191 - Connection restablished
2025-12-31 08:30:36,761 [INFO] WebApp:194 - Connection lost
2025-12-31 08:30:37,331 [INFO] WebApp:191 - Connection restablished
2025-12-31 08:37:33,444 [INFO] WebApp:194 - Connection lost
2025-12-31 08:37:35,216 [INFO] WebApp:191 - Connection restablished
2025-12-31 08:37:58,367 [INFO] WebApp:194 - Connection lost
2025-12-31 08:37:58,713 [INFO] WebApp:191 - Connection restablished
2025-12-31 08:38:23,420 [INFO] WebApp:194 - Connection lost
2025-12-31 08:38:24,098 [INFO] WebApp:191 - Connection restablished
2025-12-31 08:55:38,711 [INFO] WebApp:194 - Connection lost
2025-12-31 08:55:39,884 [INFO] WebApp:191 - Connection restablished
2025-12-31 09:11:07,809 [INFO] WebApp:194 - Connection lost
2025-12-31 09:11:09,444 [INFO] WebApp:191 - Connection restablished
2025-12-31 09:25:31,699 [INFO] WebApp:194 - Connection lost
2025-12-31 09:25:33,808 [INFO] WebApp:191 - Connection restablished
2025-12-31 09:25:34,453 [INFO] WebApp:194 - Connection lost
2025-12-31 09:25:36,043 [INFO] WebApp:191 - Connection restablished
2025-12-31 09:55:58,748 [INFO] WebApp:194 - Connection lost
2025-12-31 09:55:59,992 [INFO] WebApp:191 - Connection restablished
2025-12-31 10:11:27,838 [INFO] WebApp:194 - Connection lost
2025-12-31 10:11:29,047 [INFO] WebApp:191 - Connection restablished
2025-12-31 10:26:31,843 [INFO] WebApp:194 - Connection lost
2025-12-31 10:26:33,744 [INFO] WebApp:191 - Connection restablished
2025-12-31 10:44:29,742 [INFO] WebApp:194 - Connection lost
2025-12-31 10:44:30,999 [INFO] WebApp:191 - Connection restablished
2025-12-31 11:02:19,839 [INFO] WebApp:194 - Connection lost
2025-12-31 11:02:21,768 [INFO] WebApp:191 - Connection restablished
2025-12-31 11:19:36,769 [INFO] WebApp:194 - Connection lost
2025-12-31 11:19:40,011 [INFO] WebApp:191 - Connection restablished
2025-12-31 11:27:31,718 [INFO] WebApp:194 - Connection lost
2025-12-31 11:27:32,148 [INFO] WebApp:191 - Connection restablished
2025-12-31 11:42:40,433 [INFO] WebApp:194 - Connection lost
2025-12-31 11:42:41,222 [INFO] WebApp:191 - Connection restablished
2025-12-31 12:00:14,882 [INFO] WebApp:194 - Connection lost
2025-12-31 12:00:15,909 [INFO] WebApp:191 - Connection restablished
2025-12-31 12:01:40,116 [INFO] WebApp:194 - Connection lost
2025-12-31 12:01:42,048 [INFO] WebApp:191 - Connection restablished
2025-12-31 12:01:57,788 [INFO] WebApp:194 - Connection lost
2025-12-31 12:01:58,214 [INFO] WebApp:191 - Connection restablished
2025-12-31 12:03:24,416 [INFO] WebApp:194 - Connection lost
2025-12-31 12:03:25,013 [INFO] WebApp:191 - Connection restablished
2025-12-31 12:06:23,099 [INFO] WebApp:194 - Connection lost
2025-12-31 12:06:23,440 [INFO] WebApp:191 - Connection restablished
2025-12-31 12:07:51,886 [INFO] WebApp:194 - Connection lost
2025-12-31 12:07:52,287 [INFO] WebApp:191 - Connection restablished
2025-12-31 12:08:20,642 [INFO] WebApp:194 - Connection lost
2025-12-31 12:08:21,119 [INFO] WebApp:191 - Connection restablished
2025-12-31 12:08:42,789 [INFO] WebApp:194 - Connection lost
2025-12-31 12:08:43,532 [INFO] WebApp:191 - Connection restablished
2025-12-31 12:08:55,987 [INFO] WebApp:194 - Connection lost
2025-12-31 12:08:56,467 [INFO] WebApp:191 - Connection restablished
2025-12-31 12:09:33,155 [INFO] WebApp:194 - Connection lost
2025-12-31 12:09:34,282 [INFO] WebApp:191 - Connection restablished
2025-12-31 12:10:14,747 [INFO] WebApp:194 - Connection lost
2025-12-31 12:10:15,203 [INFO] WebApp:191 - Connection restablished
2025-12-31 12:28:31,789 [INFO] WebApp:194 - Connection lost
2025-12-31 12:28:32,714 [INFO] WebApp:191 - Connection restablished
2025-12-31 12:45:56,880 [INFO] WebApp:194 - Connection lost
2025-12-31 12:45:58,058 [INFO] WebApp:191 - Connection restablished
2025-12-31 12:47:56,768 [INFO] WebApp:194 - Connection lost
2025-12-31 12:59:37,938 [INFO] WebApp:191 - Connection restablished
2025-12-31 13:00:02,083 [INFO] WebApp:194 - Connection lost
2025-12-31 13:00:07,141 [INFO] WebApp:191 - Connection restablished
2025-12-31 13:00:37,308 [INFO] WebApp:194 - Connection lost
2025-12-31 13:00:42,396 [INFO] WebApp:191 - Connection restablished
2025-12-31 13:01:59,961 [INFO] WebApp:194 - Connection lost
2025-12-31 13:02:05,215 [INFO] WebApp:191 - Connection restablished
2025-12-31 13:02:30,638 [INFO] WebApp:194 - Connection lost
2025-12-31 13:02:36,331 [INFO] WebApp:191 - Connection restablished
2025-12-31 13:35:13,332 [INFO] WebApp:194 - Connection lost
2025-12-31 13:35:15,755 [INFO] WebApp:191 - Connection restablished
2025-12-31 15:05:17,825 [INFO] SpinnerEditorADC:65 - is string kkkk
2025-12-31 15:05:19,806 [INFO] ADCParametersView:116 -                Rank 1 : true
2025-12-31 15:05:19,809 [INFO] ADCParametersView:116 -                Rank 2 : true
2025-12-31 15:05:19,825 [INFO] ADCParametersView:116 -                Rank 1 : true
2025-12-31 15:05:19,826 [INFO] ADCParametersView:116 -                Rank 2 : true
2025-12-31 15:05:19,826 [INFO] ADCParametersView:116 -                Rank 1 : true
2025-12-31 15:05:19,826 [INFO] ADCParametersView:116 -                Rank 2 : true
2025-12-31 15:05:19,827 [INFO] ADCParametersView:116 -                Rank 1 : true
2025-12-31 15:05:19,827 [INFO] ADCParametersView:116 -                Rank 2 : true
2025-12-31 15:05:19,830 [INFO] ADCParametersView:116 -                Rank 1 : true
2025-12-31 15:05:19,830 [INFO] ADCParametersView:116 -                Rank 2 : true
2025-12-31 15:05:19,831 [INFO] ADCParametersView:116 -                Rank 1 : true
2025-12-31 15:05:19,831 [INFO] ADCParametersView:116 -                Rank 2 : true
2025-12-31 15:05:19,831 [INFO] ADCParametersView:116 -                Rank 1 : true
2025-12-31 15:05:19,831 [INFO] ADCParametersView:116 -                Rank 2 : true
2025-12-31 15:05:19,831 [INFO] ADCParametersView:116 -                Rank 1 : true
2025-12-31 15:05:19,831 [INFO] ADCParametersView:116 -                Rank 2 : true
2025-12-31 15:05:19,832 [INFO] ADCParametersView:116 -                Rank 1 : true
2025-12-31 15:05:19,832 [INFO] ADCParametersView:116 -                Rank 2 : true
2025-12-31 15:05:19,832 [INFO] ADCParametersView:116 -                Rank 1 : true
2025-12-31 15:05:19,832 [INFO] ADCParametersView:116 -                Rank 2 : true
2025-12-31 15:05:19,832 [INFO] ADCParametersView:116 -                Rank 1 : true
2025-12-31 15:05:19,832 [INFO] ADCParametersView:116 -                Rank 2 : true
2025-12-31 15:05:19,833 [INFO] ADCParametersView:116 -                Rank 1 : true
2025-12-31 15:05:19,833 [INFO] ADCParametersView:116 -                Rank 2 : true
2025-12-31 15:05:19,833 [INFO] ADCParametersView:116 -                Rank 1 : true
2025-12-31 15:05:19,833 [INFO] ADCParametersView:116 -                Rank 2 : true
2025-12-31 15:05:19,833 [INFO] ADCParametersView:116 -                Rank 1 : true
2025-12-31 15:05:19,833 [INFO] ADCParametersView:116 -                Rank 2 : true
2025-12-31 15:05:19,833 [INFO] ADCParametersView:116 -                Rank 2 : true
2025-12-31 15:05:20,109 [INFO] ADCParametersView:116 -                Rank 1 : true
2025-12-31 15:05:20,111 [INFO] ADCParametersView:116 -                Rank 1 : true
2025-12-31 15:05:20,111 [INFO] ADCParametersView:116 -                Rank 2 : true
2025-12-31 16:12:03,524 [INFO] ADCParametersView:116 -                Rank 1 : true
2025-12-31 16:12:03,530 [INFO] ADCParametersView:116 -                Rank 2 : true
2025-12-31 16:12:04,114 [INFO] ADCParametersView:116 -                Rank 1 : true
2025-12-31 16:12:04,116 [INFO] ADCParametersView:116 -                Rank 2 : true
2025-12-31 16:12:18,059 [INFO] ADCParametersView:116 -                Rank 1 : true
2025-12-31 16:12:18,059 [INFO] ADCParametersView:116 -                Rank 2 : true
2025-12-31 16:12:29,911 [INFO] ADCParametersView:116 -                Rank 1 : true
2025-12-31 16:12:29,911 [INFO] ADCParametersView:116 -                Rank 2 : true
2025-12-31 16:27:05,170 [INFO] ParamManager:905 - [Generic UI] PropertyChangeEvent: TAB_STATUS_CHANGED , "dont care", "never mind"
2025-12-31 16:27:05,299 [INFO] ADCParametersView:116 -                Rank 1 : true
2025-12-31 16:27:05,300 [INFO] ADCParametersView:116 -                Rank 2 : true
2025-12-31 16:27:05,303 [INFO] ADCParametersView:116 -                Rank 1 : true
2025-12-31 16:27:05,303 [INFO] ADCParametersView:116 -                Rank 2 : true
2025-12-31 16:27:05,303 [INFO] ADCParametersView:116 -                Rank 1 : true
2025-12-31 16:27:05,304 [INFO] ADCParametersView:116 -                Rank 2 : true
2025-12-31 16:27:05,304 [INFO] ADCParametersView:116 -                Rank 1 : true
2025-12-31 16:27:05,304 [INFO] ADCParametersView:116 -                Rank 2 : true
2025-12-31 16:27:05,304 [INFO] ADCParametersView:116 -                Rank 1 : true
2025-12-31 16:27:05,305 [INFO] ADCParametersView:116 -                Rank 2 : true
2025-12-31 16:27:05,305 [INFO] ADCParametersView:116 -                Rank 1 : true
2025-12-31 16:27:05,305 [INFO] ADCParametersView:116 -                Rank 2 : true
2025-12-31 16:27:05,306 [INFO] ADCParametersView:116 -                Rank 1 : true
2025-12-31 16:27:05,311 [INFO] ADCParametersView:116 -                Rank 2 : true
2025-12-31 16:27:05,316 [INFO] ADCParametersView:116 -                Rank 1 : true
2025-12-31 16:27:05,317 [INFO] ADCParametersView:116 -                Rank 2 : true
2025-12-31 16:27:05,317 [INFO] ADCParametersView:116 -                Rank 1 : true
2025-12-31 16:27:05,317 [INFO] ADCParametersView:116 -                Rank 2 : true
2025-12-31 16:27:05,318 [INFO] ADCParametersView:116 -                Rank 1 : true
2025-12-31 16:27:05,319 [INFO] ADCParametersView:116 -                Rank 2 : true
2025-12-31 16:27:05,319 [INFO] ADCParametersView:116 -                Rank 1 : true
2025-12-31 16:27:05,320 [INFO] ADCParametersView:116 -                Rank 2 : true
2025-12-31 16:27:05,320 [INFO] ADCParametersView:116 -                Rank 1 : true
2025-12-31 16:27:05,322 [INFO] ADCParametersView:116 -                Rank 2 : true
2025-12-31 16:27:05,323 [INFO] ADCParametersView:116 -                Rank 1 : true
2025-12-31 16:27:05,326 [INFO] ADCParametersView:116 -                Rank 2 : true
2025-12-31 16:27:05,327 [INFO] ADCParametersView:116 -                Rank 1 : true
2025-12-31 16:27:05,327 [INFO] ADCParametersView:116 -                Rank 2 : true
2025-12-31 16:27:05,328 [INFO] ADCParametersView:116 -                Rank 2 : true
2025-12-31 16:27:05,444 [INFO] ADCParametersView:116 -                Rank 1 : true
2025-12-31 16:27:05,448 [INFO] ADCParametersView:116 -                Rank 1 : true
2025-12-31 16:27:05,449 [INFO] ADCParametersView:116 -                Rank 2 : true
2025-12-31 16:27:05,641 [INFO] ADCParametersView:116 -                Rank 1 : true
2025-12-31 16:27:05,646 [INFO] ADCParametersView:116 -                Rank 2 : true
2025-12-31 16:27:05,649 [INFO] ADCParametersView:116 -                Rank 1 : true
2025-12-31 16:27:05,650 [INFO] ADCParametersView:116 -                Rank 2 : true
2025-12-31 16:27:05,651 [INFO] ADCParametersView:116 -                Rank 1 : true
2025-12-31 16:27:05,651 [INFO] ADCParametersView:116 -                Rank 2 : true
2025-12-31 16:27:05,653 [INFO] ADCParametersView:116 -                Rank 1 : true
2025-12-31 16:27:05,653 [INFO] ADCParametersView:116 -                Rank 2 : true
2025-12-31 16:27:05,654 [INFO] ADCParametersView:116 -                Rank 1 : true
2025-12-31 16:27:05,654 [INFO] ADCParametersView:116 -                Rank 2 : true
2025-12-31 16:27:05,655 [INFO] ADCParametersView:116 -                Rank 1 : true
2025-12-31 16:27:05,655 [INFO] ADCParametersView:116 -                Rank 2 : true
2025-12-31 16:27:05,656 [INFO] ADCParametersView:116 -                Rank 1 : true
2025-12-31 16:27:05,656 [INFO] ADCParametersView:116 -                Rank 2 : true
2025-12-31 16:27:05,658 [INFO] ADCParametersView:116 -                Rank 1 : true
2025-12-31 16:27:05,658 [INFO] ADCParametersView:116 -                Rank 2 : true
2025-12-31 16:27:05,659 [INFO] ADCParametersView:116 -                Rank 1 : true
2025-12-31 16:27:05,659 [INFO] ADCParametersView:116 -                Rank 2 : true
2025-12-31 16:27:05,659 [INFO] ADCParametersView:116 -                Rank 1 : true
2025-12-31 16:27:05,659 [INFO] ADCParametersView:116 -                Rank 2 : true
2025-12-31 16:27:05,659 [INFO] ADCParametersView:116 -                Rank 1 : true
2025-12-31 16:27:05,659 [INFO] ADCParametersView:116 -                Rank 2 : true
2025-12-31 16:27:05,660 [INFO] ADCParametersView:116 -                Rank 1 : true
2025-12-31 16:27:05,660 [INFO] ADCParametersView:116 -                Rank 2 : true
2025-12-31 16:27:05,660 [INFO] ADCParametersView:116 -                Rank 1 : true
2025-12-31 16:27:05,660 [INFO] ADCParametersView:116 -                Rank 2 : true
2025-12-31 16:27:05,661 [INFO] ADCParametersView:116 -                Rank 1 : true
2025-12-31 16:27:05,662 [INFO] ADCParametersView:116 -                Rank 2 : true
2025-12-31 16:27:05,662 [INFO] ADCParametersView:116 -                Rank 2 : true
2025-12-31 16:27:05,745 [INFO] ADCParametersView:116 -                Rank 1 : true
2025-12-31 16:27:05,746 [INFO] ADCParametersView:116 -                Rank 1 : true
2025-12-31 16:27:05,746 [INFO] ADCParametersView:116 -                Rank 2 : true
2025-12-31 16:27:06,227 [INFO] ADCParametersView:116 -                Rank 1 : true
2025-12-31 16:27:06,229 [INFO] ADCParametersView:116 -                Rank 2 : true
2025-12-31 16:27:06,230 [INFO] ADCParametersView:116 -                Rank 1 : true
2025-12-31 16:27:06,230 [INFO] ADCParametersView:116 -                Rank 2 : true
2025-12-31 16:27:06,230 [INFO] ADCParametersView:116 -                Rank 1 : true
2025-12-31 16:27:06,231 [INFO] ADCParametersView:116 -                Rank 2 : true
2025-12-31 16:27:06,231 [INFO] ADCParametersView:116 -                Rank 1 : true
2025-12-31 16:27:06,231 [INFO] ADCParametersView:116 -                Rank 2 : true
2025-12-31 16:27:06,231 [INFO] ADCParametersView:116 -                Rank 1 : true
2025-12-31 16:27:06,232 [INFO] ADCParametersView:116 -                Rank 2 : true
2025-12-31 16:27:06,232 [INFO] ADCParametersView:116 -                Rank 1 : true
2025-12-31 16:27:06,233 [INFO] ADCParametersView:116 -                Rank 2 : true
2025-12-31 16:27:06,233 [INFO] ADCParametersView:116 -                Rank 1 : true
2025-12-31 16:27:06,233 [INFO] ADCParametersView:116 -                Rank 2 : true
2025-12-31 16:27:06,233 [INFO] ADCParametersView:116 -                Rank 1 : true
2025-12-31 16:27:06,234 [INFO] ADCParametersView:116 -                Rank 2 : true
2025-12-31 16:27:06,239 [INFO] ADCParametersView:116 -                Rank 1 : true
2025-12-31 16:27:06,247 [INFO] ADCParametersView:116 -                Rank 2 : true
2025-12-31 16:27:06,249 [INFO] ADCParametersView:116 -                Rank 1 : true
2025-12-31 16:27:06,249 [INFO] ADCParametersView:116 -                Rank 2 : true
2025-12-31 16:27:06,249 [INFO] ADCParametersView:116 -                Rank 1 : true
2025-12-31 16:27:06,249 [INFO] ADCParametersView:116 -                Rank 2 : true
2025-12-31 16:27:06,249 [INFO] ADCParametersView:116 -                Rank 1 : true
2025-12-31 16:27:06,249 [INFO] ADCParametersView:116 -                Rank 2 : true
2025-12-31 16:27:06,250 [INFO] ADCParametersView:116 -                Rank 1 : true
2025-12-31 16:27:06,250 [INFO] ADCParametersView:116 -                Rank 2 : true
2025-12-31 16:27:06,250 [INFO] ADCParametersView:116 -                Rank 1 : true
2025-12-31 16:27:06,251 [INFO] ADCParametersView:116 -                Rank 2 : true
2025-12-31 16:27:06,252 [INFO] ADCParametersView:116 -                Rank 2 : true
2025-12-31 16:27:06,321 [INFO] ADCParametersView:116 -                Rank 1 : true
2025-12-31 16:27:06,322 [INFO] ADCParametersView:116 -                Rank 1 : true
2025-12-31 16:27:06,322 [INFO] ADCParametersView:116 -                Rank 2 : true
2025-12-31 16:27:06,421 [INFO] ADCParametersView:116 -                Rank 1 : true
2025-12-31 16:27:06,421 [INFO] ADCParametersView:116 -                Rank 2 : true
2025-12-31 16:27:06,421 [INFO] ADCParametersView:116 -                Rank 1 : true
2025-12-31 16:27:06,421 [INFO] ADCParametersView:116 -                Rank 2 : true
2025-12-31 16:27:06,421 [INFO] ADCParametersView:116 -                Rank 1 : true
2025-12-31 16:27:06,421 [INFO] ADCParametersView:116 -                Rank 2 : true
2025-12-31 16:27:06,421 [INFO] ADCParametersView:116 -                Rank 1 : true
2025-12-31 16:27:06,421 [INFO] ADCParametersView:116 -                Rank 2 : true
2025-12-31 16:27:06,421 [INFO] ADCParametersView:116 -                Rank 1 : true
2025-12-31 16:27:06,421 [INFO] ADCParametersView:116 -                Rank 2 : true
2025-12-31 16:27:06,422 [INFO] ADCParametersView:116 -                Rank 1 : true
2025-12-31 16:27:06,422 [INFO] ADCParametersView:116 -                Rank 2 : true
2025-12-31 16:27:06,422 [INFO] ADCParametersView:116 -                Rank 1 : true
2025-12-31 16:27:06,422 [INFO] ADCParametersView:116 -                Rank 2 : true
2025-12-31 16:27:06,422 [INFO] ADCParametersView:116 -                Rank 1 : true
2025-12-31 16:27:06,422 [INFO] ADCParametersView:116 -                Rank 2 : true
2025-12-31 16:27:06,422 [INFO] ADCParametersView:116 -                Rank 1 : true
2025-12-31 16:27:06,423 [INFO] ADCParametersView:116 -                Rank 2 : true
2025-12-31 16:27:06,423 [INFO] ADCParametersView:116 -                Rank 1 : true
2025-12-31 16:27:06,423 [INFO] ADCParametersView:116 -                Rank 2 : true
2025-12-31 16:27:06,423 [INFO] ADCParametersView:116 -                Rank 1 : true
2025-12-31 16:27:06,423 [INFO] ADCParametersView:116 -                Rank 2 : true
2025-12-31 16:27:06,423 [INFO] ADCParametersView:116 -                Rank 1 : true
2025-12-31 16:27:06,424 [INFO] ADCParametersView:116 -                Rank 2 : true
2025-12-31 16:27:06,425 [INFO] ADCParametersView:116 -                Rank 1 : true
2025-12-31 16:27:06,426 [INFO] ADCParametersView:116 -                Rank 2 : true
2025-12-31 16:27:06,426 [INFO] ADCParametersView:116 -                Rank 1 : true
2025-12-31 16:27:06,426 [INFO] ADCParametersView:116 -                Rank 2 : true
2025-12-31 16:27:06,426 [INFO] ADCParametersView:116 -                Rank 2 : true
2025-12-31 16:27:06,480 [INFO] ADCParametersView:116 -                Rank 1 : true
2025-12-31 16:27:06,481 [INFO] ADCParametersView:116 -                Rank 1 : true
2025-12-31 16:27:06,482 [INFO] ADCParametersView:116 -                Rank 2 : true
2025-12-31 16:27:14,311 [INFO] ParamManager:905 - [Generic UI] PropertyChangeEvent: TAB_STATUS_CHANGED , "dont care", "never mind"
2025-12-31 16:27:14,444 [INFO] ADCParametersView:116 -                Rank 1 : true
2025-12-31 16:27:14,450 [INFO] ADCParametersView:116 -                Rank 2 : true
2025-12-31 16:27:14,452 [INFO] ADCParametersView:116 -                Rank 1 : true
2025-12-31 16:27:14,453 [INFO] ADCParametersView:116 -                Rank 2 : true
2025-12-31 16:27:14,454 [INFO] ADCParametersView:116 -                Rank 1 : true
2025-12-31 16:27:14,454 [INFO] ADCParametersView:116 -                Rank 2 : true
2025-12-31 16:27:14,455 [INFO] ADCParametersView:116 -                Rank 1 : true
2025-12-31 16:27:14,456 [INFO] ADCParametersView:116 -                Rank 2 : true
2025-12-31 16:27:14,458 [INFO] ADCParametersView:116 -                Rank 1 : true
2025-12-31 16:27:14,459 [INFO] ADCParametersView:116 -                Rank 2 : true
2025-12-31 16:27:14,460 [INFO] ADCParametersView:116 -                Rank 1 : true
2025-12-31 16:27:14,461 [INFO] ADCParametersView:116 -                Rank 2 : true
2025-12-31 16:27:14,461 [INFO] ADCParametersView:116 -                Rank 1 : true
2025-12-31 16:27:14,461 [INFO] ADCParametersView:116 -                Rank 2 : true
2025-12-31 16:27:14,461 [INFO] ADCParametersView:116 -                Rank 1 : true
2025-12-31 16:27:14,461 [INFO] ADCParametersView:116 -                Rank 2 : true
2025-12-31 16:27:14,462 [INFO] ADCParametersView:116 -                Rank 1 : true
2025-12-31 16:27:14,462 [INFO] ADCParametersView:116 -                Rank 2 : true
2025-12-31 16:27:14,462 [INFO] ADCParametersView:116 -                Rank 1 : true
2025-12-31 16:27:14,462 [INFO] ADCParametersView:116 -                Rank 2 : true
2025-12-31 16:27:14,468 [INFO] ADCParametersView:116 -                Rank 1 : true
2025-12-31 16:27:14,470 [INFO] ADCParametersView:116 -                Rank 2 : true
2025-12-31 16:27:14,473 [INFO] ADCParametersView:116 -                Rank 1 : true
2025-12-31 16:27:14,474 [INFO] ADCParametersView:116 -                Rank 2 : true
2025-12-31 16:27:14,476 [INFO] ADCParametersView:116 -                Rank 1 : true
2025-12-31 16:27:14,477 [INFO] ADCParametersView:116 -                Rank 2 : true
2025-12-31 16:27:14,478 [INFO] ADCParametersView:116 -                Rank 1 : true
2025-12-31 16:27:14,479 [INFO] ADCParametersView:116 -                Rank 2 : true
2025-12-31 16:27:14,480 [INFO] ADCParametersView:116 -                Rank 2 : true
2025-12-31 16:27:14,639 [INFO] ADCParametersView:116 -                Rank 1 : true
2025-12-31 16:27:14,643 [INFO] ADCParametersView:116 -                Rank 1 : true
2025-12-31 16:27:14,643 [INFO] ADCParametersView:116 -                Rank 2 : true
2025-12-31 16:27:14,838 [INFO] ADCParametersView:116 -                Rank 1 : true
2025-12-31 16:27:14,840 [INFO] ADCParametersView:116 -                Rank 2 : true
2025-12-31 16:27:14,842 [INFO] ADCParametersView:116 -                Rank 1 : true
2025-12-31 16:27:14,842 [INFO] ADCParametersView:116 -                Rank 2 : true
2025-12-31 16:27:14,842 [INFO] ADCParametersView:116 -                Rank 1 : true
2025-12-31 16:27:14,843 [INFO] ADCParametersView:116 -                Rank 2 : true
2025-12-31 16:27:14,843 [INFO] ADCParametersView:116 -                Rank 1 : true
2025-12-31 16:27:14,843 [INFO] ADCParametersView:116 -                Rank 2 : true
2025-12-31 16:27:14,844 [INFO] ADCParametersView:116 -                Rank 1 : true
2025-12-31 16:27:14,844 [INFO] ADCParametersView:116 -                Rank 2 : true
2025-12-31 16:27:14,844 [INFO] ADCParametersView:116 -                Rank 1 : true
2025-12-31 16:27:14,844 [INFO] ADCParametersView:116 -                Rank 2 : true
2025-12-31 16:27:14,845 [INFO] ADCParametersView:116 -                Rank 1 : true
2025-12-31 16:27:14,845 [INFO] ADCParametersView:116 -                Rank 2 : true
2025-12-31 16:27:14,845 [INFO] ADCParametersView:116 -                Rank 1 : true
2025-12-31 16:27:14,845 [INFO] ADCParametersView:116 -                Rank 2 : true
2025-12-31 16:27:14,846 [INFO] ADCParametersView:116 -                Rank 1 : true
2025-12-31 16:27:14,847 [INFO] ADCParametersView:116 -                Rank 2 : true
2025-12-31 16:27:14,848 [INFO] ADCParametersView:116 -                Rank 1 : true
2025-12-31 16:27:14,848 [INFO] ADCParametersView:116 -                Rank 2 : true
2025-12-31 16:27:14,849 [INFO] ADCParametersView:116 -                Rank 1 : true
2025-12-31 16:27:14,849 [INFO] ADCParametersView:116 -                Rank 2 : true
2025-12-31 16:27:14,849 [INFO] ADCParametersView:116 -                Rank 1 : true
2025-12-31 16:27:14,849 [INFO] ADCParametersView:116 -                Rank 2 : true
2025-12-31 16:27:14,850 [INFO] ADCParametersView:116 -                Rank 1 : true
2025-12-31 16:27:14,850 [INFO] ADCParametersView:116 -                Rank 2 : true
2025-12-31 16:27:14,850 [INFO] ADCParametersView:116 -                Rank 1 : true
2025-12-31 16:27:14,850 [INFO] ADCParametersView:116 -                Rank 2 : true
2025-12-31 16:27:14,850 [INFO] ADCParametersView:116 -                Rank 2 : true
2025-12-31 16:27:14,961 [INFO] ADCParametersView:116 -                Rank 1 : true
2025-12-31 16:27:14,962 [INFO] ADCParametersView:116 -                Rank 1 : true
2025-12-31 16:27:14,962 [INFO] ADCParametersView:116 -                Rank 2 : true
2025-12-31 16:27:15,349 [INFO] ADCParametersView:116 -                Rank 1 : true
2025-12-31 16:27:15,351 [INFO] ADCParametersView:116 -                Rank 2 : true
2025-12-31 16:27:15,352 [INFO] ADCParametersView:116 -                Rank 1 : true
2025-12-31 16:27:15,353 [INFO] ADCParametersView:116 -                Rank 2 : true
2025-12-31 16:27:15,354 [INFO] ADCParametersView:116 -                Rank 1 : true
2025-12-31 16:27:15,354 [INFO] ADCParametersView:116 -                Rank 2 : true
2025-12-31 16:27:15,355 [INFO] ADCParametersView:116 -                Rank 1 : true
2025-12-31 16:27:15,355 [INFO] ADCParametersView:116 -                Rank 2 : true
2025-12-31 16:27:15,355 [INFO] ADCParametersView:116 -                Rank 1 : true
2025-12-31 16:27:15,356 [INFO] ADCParametersView:116 -                Rank 2 : true
2025-12-31 16:27:15,356 [INFO] ADCParametersView:116 -                Rank 1 : true
2025-12-31 16:27:15,358 [INFO] ADCParametersView:116 -                Rank 2 : true
2025-12-31 16:27:15,358 [INFO] ADCParametersView:116 -                Rank 1 : true
2025-12-31 16:27:15,364 [INFO] ADCParametersView:116 -                Rank 2 : true
2025-12-31 16:27:15,376 [INFO] ADCParametersView:116 -                Rank 1 : true
2025-12-31 16:27:15,378 [INFO] ADCParametersView:116 -                Rank 2 : true
2025-12-31 16:27:15,378 [INFO] ADCParametersView:116 -                Rank 1 : true
2025-12-31 16:27:15,378 [INFO] ADCParametersView:116 -                Rank 2 : true
2025-12-31 16:27:15,378 [INFO] ADCParametersView:116 -                Rank 1 : true
2025-12-31 16:27:15,378 [INFO] ADCParametersView:116 -                Rank 2 : true
2025-12-31 16:27:15,378 [INFO] ADCParametersView:116 -                Rank 1 : true
2025-12-31 16:27:15,378 [INFO] ADCParametersView:116 -                Rank 2 : true
2025-12-31 16:27:15,379 [INFO] ADCParametersView:116 -                Rank 1 : true
2025-12-31 16:27:15,379 [INFO] ADCParametersView:116 -                Rank 2 : true
2025-12-31 16:27:15,379 [INFO] ADCParametersView:116 -                Rank 1 : true
2025-12-31 16:27:15,379 [INFO] ADCParametersView:116 -                Rank 2 : true
2025-12-31 16:27:15,379 [INFO] ADCParametersView:116 -                Rank 1 : true
2025-12-31 16:27:15,379 [INFO] ADCParametersView:116 -                Rank 2 : true
2025-12-31 16:27:15,379 [INFO] ADCParametersView:116 -                Rank 2 : true
2025-12-31 16:27:15,471 [INFO] ADCParametersView:116 -                Rank 1 : true
2025-12-31 16:27:15,471 [INFO] ADCParametersView:116 -                Rank 1 : true
2025-12-31 16:27:15,471 [INFO] ADCParametersView:116 -                Rank 2 : true
2025-12-31 16:27:15,613 [INFO] ADCParametersView:116 -                Rank 1 : true
2025-12-31 16:27:15,613 [INFO] ADCParametersView:116 -                Rank 2 : true
2025-12-31 16:27:15,613 [INFO] ADCParametersView:116 -                Rank 1 : true
2025-12-31 16:27:15,613 [INFO] ADCParametersView:116 -                Rank 2 : true
2025-12-31 16:27:15,614 [INFO] ADCParametersView:116 -                Rank 1 : true
2025-12-31 16:27:15,614 [INFO] ADCParametersView:116 -                Rank 2 : true
2025-12-31 16:27:15,614 [INFO] ADCParametersView:116 -                Rank 1 : true
2025-12-31 16:27:15,614 [INFO] ADCParametersView:116 -                Rank 2 : true
2025-12-31 16:27:15,614 [INFO] ADCParametersView:116 -                Rank 1 : true
2025-12-31 16:27:15,614 [INFO] ADCParametersView:116 -                Rank 2 : true
2025-12-31 16:27:15,614 [INFO] ADCParametersView:116 -                Rank 1 : true
2025-12-31 16:27:15,614 [INFO] ADCParametersView:116 -                Rank 2 : true
2025-12-31 16:27:15,615 [INFO] ADCParametersView:116 -                Rank 1 : true
2025-12-31 16:27:15,615 [INFO] ADCParametersView:116 -                Rank 2 : true
2025-12-31 16:27:15,615 [INFO] ADCParametersView:116 -                Rank 1 : true
2025-12-31 16:27:15,615 [INFO] ADCParametersView:116 -                Rank 2 : true
2025-12-31 16:27:15,615 [INFO] ADCParametersView:116 -                Rank 1 : true
2025-12-31 16:27:15,615 [INFO] ADCParametersView:116 -                Rank 2 : true
2025-12-31 16:27:15,615 [INFO] ADCParametersView:116 -                Rank 1 : true
2025-12-31 16:27:15,615 [INFO] ADCParametersView:116 -                Rank 2 : true
2025-12-31 16:27:15,616 [INFO] ADCParametersView:116 -                Rank 1 : true
2025-12-31 16:27:15,616 [INFO] ADCParametersView:116 -                Rank 2 : true
2025-12-31 16:27:15,616 [INFO] ADCParametersView:116 -                Rank 1 : true
2025-12-31 16:27:15,616 [INFO] ADCParametersView:116 -                Rank 2 : true
2025-12-31 16:27:15,616 [INFO] ADCParametersView:116 -                Rank 1 : true
2025-12-31 16:27:15,616 [INFO] ADCParametersView:116 -                Rank 2 : true
2025-12-31 16:27:15,616 [INFO] ADCParametersView:116 -                Rank 1 : true
2025-12-31 16:27:15,617 [INFO] ADCParametersView:116 -                Rank 2 : true
2025-12-31 16:27:15,617 [INFO] ADCParametersView:116 -                Rank 2 : true
2025-12-31 16:27:15,727 [INFO] ADCParametersView:116 -                Rank 1 : true
2025-12-31 16:27:15,728 [INFO] ADCParametersView:116 -                Rank 1 : true
2025-12-31 16:27:15,729 [INFO] ADCParametersView:116 -                Rank 2 : true
2025-12-31 16:27:41,213 [INFO] ParamManager:905 - [Generic UI] PropertyChangeEvent: TAB_STATUS_CHANGED , "dont care", "never mind"
2025-12-31 16:27:41,310 [INFO] ADCParametersView:116 -                Rank 1 : true
2025-12-31 16:27:41,315 [INFO] ADCParametersView:116 -                Rank 2 : true
2025-12-31 16:27:41,319 [INFO] ADCParametersView:116 -                Rank 1 : true
2025-12-31 16:27:41,320 [INFO] ADCParametersView:116 -                Rank 2 : true
2025-12-31 16:27:41,321 [INFO] ADCParametersView:116 -                Rank 1 : true
2025-12-31 16:27:41,321 [INFO] ADCParametersView:116 -                Rank 2 : true
2025-12-31 16:27:41,322 [INFO] ADCParametersView:116 -                Rank 1 : true
2025-12-31 16:27:41,322 [INFO] ADCParametersView:116 -                Rank 2 : true
2025-12-31 16:27:41,322 [INFO] ADCParametersView:116 -                Rank 1 : true
2025-12-31 16:27:41,322 [INFO] ADCParametersView:116 -                Rank 2 : true
2025-12-31 16:27:41,323 [INFO] ADCParametersView:116 -                Rank 1 : true
2025-12-31 16:27:41,323 [INFO] ADCParametersView:116 -                Rank 2 : true
2025-12-31 16:27:41,323 [INFO] ADCParametersView:116 -                Rank 1 : true
2025-12-31 16:27:41,323 [INFO] ADCParametersView:116 -                Rank 2 : true
2025-12-31 16:27:41,324 [INFO] ADCParametersView:116 -                Rank 1 : true
2025-12-31 16:27:41,324 [INFO] ADCParametersView:116 -                Rank 2 : true
2025-12-31 16:27:41,324 [INFO] ADCParametersView:116 -                Rank 1 : true
2025-12-31 16:27:41,324 [INFO] ADCParametersView:116 -                Rank 2 : true
2025-12-31 16:27:41,324 [INFO] ADCParametersView:116 -                Rank 1 : true
2025-12-31 16:27:41,324 [INFO] ADCParametersView:116 -                Rank 2 : true
2025-12-31 16:27:41,324 [INFO] ADCParametersView:116 -                Rank 1 : true
2025-12-31 16:27:41,324 [INFO] ADCParametersView:116 -                Rank 2 : true
2025-12-31 16:27:41,324 [INFO] ADCParametersView:116 -                Rank 1 : true
2025-12-31 16:27:41,325 [INFO] ADCParametersView:116 -                Rank 2 : true
2025-12-31 16:27:41,325 [INFO] ADCParametersView:116 -                Rank 1 : true
2025-12-31 16:27:41,325 [INFO] ADCParametersView:116 -                Rank 2 : true
2025-12-31 16:27:41,325 [INFO] ADCParametersView:116 -                Rank 1 : true
2025-12-31 16:27:41,325 [INFO] ADCParametersView:116 -                Rank 2 : true
2025-12-31 16:27:41,325 [INFO] ADCParametersView:116 -                Rank 2 : true
2025-12-31 16:27:41,414 [INFO] ADCParametersView:116 -                Rank 1 : true
2025-12-31 16:27:41,415 [INFO] ADCParametersView:116 -                Rank 1 : true
2025-12-31 16:27:41,415 [INFO] ADCParametersView:116 -                Rank 2 : true
2025-12-31 16:27:41,567 [INFO] ADCParametersView:116 -                Rank 1 : true
2025-12-31 16:27:41,568 [INFO] ADCParametersView:116 -                Rank 2 : true
2025-12-31 16:27:41,568 [INFO] ADCParametersView:116 -                Rank 1 : true
2025-12-31 16:27:41,568 [INFO] ADCParametersView:116 -                Rank 2 : true
2025-12-31 16:27:41,568 [INFO] ADCParametersView:116 -                Rank 1 : true
2025-12-31 16:27:41,568 [INFO] ADCParametersView:116 -                Rank 2 : true
2025-12-31 16:27:41,568 [INFO] ADCParametersView:116 -                Rank 1 : true
2025-12-31 16:27:41,568 [INFO] ADCParametersView:116 -                Rank 2 : true
2025-12-31 16:27:41,569 [INFO] ADCParametersView:116 -                Rank 1 : true
2025-12-31 16:27:41,569 [INFO] ADCParametersView:116 -                Rank 2 : true
2025-12-31 16:27:41,569 [INFO] ADCParametersView:116 -                Rank 1 : true
2025-12-31 16:27:41,569 [INFO] ADCParametersView:116 -                Rank 2 : true
2025-12-31 16:27:41,569 [INFO] ADCParametersView:116 -                Rank 1 : true
2025-12-31 16:27:41,569 [INFO] ADCParametersView:116 -                Rank 2 : true
2025-12-31 16:27:41,569 [INFO] ADCParametersView:116 -                Rank 1 : true
2025-12-31 16:27:41,569 [INFO] ADCParametersView:116 -                Rank 2 : true
2025-12-31 16:27:41,569 [INFO] ADCParametersView:116 -                Rank 1 : true
2025-12-31 16:27:41,569 [INFO] ADCParametersView:116 -                Rank 2 : true
2025-12-31 16:27:41,570 [INFO] ADCParametersView:116 -                Rank 1 : true
2025-12-31 16:27:41,570 [INFO] ADCParametersView:116 -                Rank 2 : true
2025-12-31 16:27:41,570 [INFO] ADCParametersView:116 -                Rank 1 : true
2025-12-31 16:27:41,570 [INFO] ADCParametersView:116 -                Rank 2 : true
2025-12-31 16:27:41,570 [INFO] ADCParametersView:116 -                Rank 1 : true
2025-12-31 16:27:41,570 [INFO] ADCParametersView:116 -                Rank 2 : true
2025-12-31 16:27:41,570 [INFO] ADCParametersView:116 -                Rank 1 : true
2025-12-31 16:27:41,570 [INFO] ADCParametersView:116 -                Rank 2 : true
2025-12-31 16:27:41,570 [INFO] ADCParametersView:116 -                Rank 1 : true
2025-12-31 16:27:41,570 [INFO] ADCParametersView:116 -                Rank 2 : true
2025-12-31 16:27:41,570 [INFO] ADCParametersView:116 -                Rank 2 : true
2025-12-31 16:27:41,624 [INFO] ADCParametersView:116 -                Rank 1 : true
2025-12-31 16:27:41,626 [INFO] ADCParametersView:116 -                Rank 1 : true
2025-12-31 16:27:41,626 [INFO] ADCParametersView:116 -                Rank 2 : true
2025-12-31 16:27:41,951 [INFO] ADCParametersView:116 -                Rank 1 : true
2025-12-31 16:27:41,953 [INFO] ADCParametersView:116 -                Rank 2 : true
2025-12-31 16:27:41,953 [INFO] ADCParametersView:116 -                Rank 1 : true
2025-12-31 16:27:41,953 [INFO] ADCParametersView:116 -                Rank 2 : true
2025-12-31 16:27:41,954 [INFO] ADCParametersView:116 -                Rank 1 : true
2025-12-31 16:27:41,954 [INFO] ADCParametersView:116 -                Rank 2 : true
2025-12-31 16:27:41,954 [INFO] ADCParametersView:116 -                Rank 1 : true
2025-12-31 16:27:41,954 [INFO] ADCParametersView:116 -                Rank 2 : true
2025-12-31 16:27:41,954 [INFO] ADCParametersView:116 -                Rank 1 : true
2025-12-31 16:27:41,954 [INFO] ADCParametersView:116 -                Rank 2 : true
2025-12-31 16:27:41,954 [INFO] ADCParametersView:116 -                Rank 1 : true
2025-12-31 16:27:41,955 [INFO] ADCParametersView:116 -                Rank 2 : true
2025-12-31 16:27:41,955 [INFO] ADCParametersView:116 -                Rank 1 : true
2025-12-31 16:27:41,955 [INFO] ADCParametersView:116 -                Rank 2 : true
2025-12-31 16:27:41,955 [INFO] ADCParametersView:116 -                Rank 1 : true
2025-12-31 16:27:41,955 [INFO] ADCParametersView:116 -                Rank 2 : true
2025-12-31 16:27:41,955 [INFO] ADCParametersView:116 -                Rank 1 : true
2025-12-31 16:27:41,956 [INFO] ADCParametersView:116 -                Rank 2 : true
2025-12-31 16:27:41,956 [INFO] ADCParametersView:116 -                Rank 1 : true
2025-12-31 16:27:41,956 [INFO] ADCParametersView:116 -                Rank 2 : true
2025-12-31 16:27:41,956 [INFO] ADCParametersView:116 -                Rank 1 : true
2025-12-31 16:27:41,956 [INFO] ADCParametersView:116 -                Rank 2 : true
2025-12-31 16:27:41,956 [INFO] ADCParametersView:116 -                Rank 1 : true
2025-12-31 16:27:41,956 [INFO] ADCParametersView:116 -                Rank 2 : true
2025-12-31 16:27:41,956 [INFO] ADCParametersView:116 -                Rank 1 : true
2025-12-31 16:27:41,956 [INFO] ADCParametersView:116 -                Rank 2 : true
2025-12-31 16:27:41,956 [INFO] ADCParametersView:116 -                Rank 1 : true
2025-12-31 16:27:41,956 [INFO] ADCParametersView:116 -                Rank 2 : true
2025-12-31 16:27:41,956 [INFO] ADCParametersView:116 -                Rank 2 : true
2025-12-31 16:27:41,990 [INFO] ADCParametersView:116 -                Rank 1 : true
2025-12-31 16:27:41,990 [INFO] ADCParametersView:116 -                Rank 1 : true
2025-12-31 16:27:41,991 [INFO] ADCParametersView:116 -                Rank 2 : true
2025-12-31 16:27:42,054 [INFO] ADCParametersView:116 -                Rank 1 : true
2025-12-31 16:27:42,054 [INFO] ADCParametersView:116 -                Rank 2 : true
2025-12-31 16:27:42,054 [INFO] ADCParametersView:116 -                Rank 1 : true
2025-12-31 16:27:42,054 [INFO] ADCParametersView:116 -                Rank 2 : true
2025-12-31 16:27:42,054 [INFO] ADCParametersView:116 -                Rank 1 : true
2025-12-31 16:27:42,054 [INFO] ADCParametersView:116 -                Rank 2 : true
2025-12-31 16:27:42,055 [INFO] ADCParametersView:116 -                Rank 1 : true
2025-12-31 16:27:42,055 [INFO] ADCParametersView:116 -                Rank 2 : true
2025-12-31 16:27:42,055 [INFO] ADCParametersView:116 -                Rank 1 : true
2025-12-31 16:27:42,055 [INFO] ADCParametersView:116 -                Rank 2 : true
2025-12-31 16:27:42,055 [INFO] ADCParametersView:116 -                Rank 1 : true
2025-12-31 16:27:42,055 [INFO] ADCParametersView:116 -                Rank 2 : true
2025-12-31 16:27:42,056 [INFO] ADCParametersView:116 -                Rank 1 : true
2025-12-31 16:27:42,056 [INFO] ADCParametersView:116 -                Rank 2 : true
2025-12-31 16:27:42,056 [INFO] ADCParametersView:116 -                Rank 1 : true
2025-12-31 16:27:42,056 [INFO] ADCParametersView:116 -                Rank 2 : true
2025-12-31 16:27:42,056 [INFO] ADCParametersView:116 -                Rank 1 : true
2025-12-31 16:27:42,056 [INFO] ADCParametersView:116 -                Rank 2 : true
2025-12-31 16:27:42,056 [INFO] ADCParametersView:116 -                Rank 1 : true
2025-12-31 16:27:42,056 [INFO] ADCParametersView:116 -                Rank 2 : true
2025-12-31 16:27:42,057 [INFO] ADCParametersView:116 -                Rank 1 : true
2025-12-31 16:27:42,057 [INFO] ADCParametersView:116 -                Rank 2 : true
2025-12-31 16:27:42,057 [INFO] ADCParametersView:116 -                Rank 1 : true
2025-12-31 16:27:42,057 [INFO] ADCParametersView:116 -                Rank 2 : true
2025-12-31 16:27:42,057 [INFO] ADCParametersView:116 -                Rank 1 : true
2025-12-31 16:27:42,057 [INFO] ADCParametersView:116 -                Rank 2 : true
2025-12-31 16:27:42,057 [INFO] ADCParametersView:116 -                Rank 1 : true
2025-12-31 16:27:42,057 [INFO] ADCParametersView:116 -                Rank 2 : true
2025-12-31 16:27:42,058 [INFO] ADCParametersView:116 -                Rank 2 : true
2025-12-31 16:27:42,097 [INFO] ADCParametersView:116 -                Rank 1 : true
2025-12-31 16:27:42,097 [INFO] ADCParametersView:116 -                Rank 1 : true
2025-12-31 16:27:42,098 [INFO] ADCParametersView:116 -                Rank 2 : true
2025-12-31 16:27:47,716 [INFO] ParamManager:905 - [Generic UI] PropertyChangeEvent: TAB_STATUS_CHANGED , "dont care", "never mind"
2025-12-31 16:27:47,783 [INFO] ADCParametersView:116 -                Rank 1 : true
2025-12-31 16:27:47,787 [INFO] ADCParametersView:116 -                Rank 2 : true
2025-12-31 16:27:47,793 [INFO] ADCParametersView:116 -                Rank 1 : true
2025-12-31 16:27:47,793 [INFO] ADCParametersView:116 -                Rank 2 : true
2025-12-31 16:27:47,794 [INFO] ADCParametersView:116 -                Rank 1 : true
2025-12-31 16:27:47,794 [INFO] ADCParametersView:116 -                Rank 2 : true
2025-12-31 16:27:47,794 [INFO] ADCParametersView:116 -                Rank 1 : true
2025-12-31 16:27:47,794 [INFO] ADCParametersView:116 -                Rank 2 : true
2025-12-31 16:27:47,795 [INFO] ADCParametersView:116 -                Rank 1 : true
2025-12-31 16:27:47,795 [INFO] ADCParametersView:116 -                Rank 2 : true
2025-12-31 16:27:47,795 [INFO] ADCParametersView:116 -                Rank 1 : true
2025-12-31 16:27:47,795 [INFO] ADCParametersView:116 -                Rank 2 : true
2025-12-31 16:27:47,795 [INFO] ADCParametersView:116 -                Rank 1 : true
2025-12-31 16:27:47,795 [INFO] ADCParametersView:116 -                Rank 2 : true
2025-12-31 16:27:47,795 [INFO] ADCParametersView:116 -                Rank 1 : true
2025-12-31 16:27:47,795 [INFO] ADCParametersView:116 -                Rank 2 : true
2025-12-31 16:27:47,796 [INFO] ADCParametersView:116 -                Rank 1 : true
2025-12-31 16:27:47,796 [INFO] ADCParametersView:116 -                Rank 2 : true
2025-12-31 16:27:47,796 [INFO] ADCParametersView:116 -                Rank 1 : true
2025-12-31 16:27:47,796 [INFO] ADCParametersView:116 -                Rank 2 : true
2025-12-31 16:27:47,797 [INFO] ADCParametersView:116 -                Rank 1 : true
2025-12-31 16:27:47,797 [INFO] ADCParametersView:116 -                Rank 2 : true
2025-12-31 16:27:47,797 [INFO] ADCParametersView:116 -                Rank 1 : true
2025-12-31 16:27:47,797 [INFO] ADCParametersView:116 -                Rank 2 : true
2025-12-31 16:27:47,797 [INFO] ADCParametersView:116 -                Rank 1 : true
2025-12-31 16:27:47,797 [INFO] ADCParametersView:116 -                Rank 2 : true
2025-12-31 16:27:47,797 [INFO] ADCParametersView:116 -                Rank 1 : true
2025-12-31 16:27:47,797 [INFO] ADCParametersView:116 -                Rank 2 : true
2025-12-31 16:27:47,797 [INFO] ADCParametersView:116 -                Rank 2 : true
2025-12-31 16:27:47,884 [INFO] ADCParametersView:116 -                Rank 1 : true
2025-12-31 16:27:47,885 [INFO] ADCParametersView:116 -                Rank 1 : true
2025-12-31 16:27:47,885 [INFO] ADCParametersView:116 -                Rank 2 : true
2025-12-31 16:27:48,042 [INFO] ADCParametersView:116 -                Rank 1 : true
2025-12-31 16:27:48,043 [INFO] ADCParametersView:116 -                Rank 2 : true
2025-12-31 16:27:48,043 [INFO] ADCParametersView:116 -                Rank 1 : true
2025-12-31 16:27:48,043 [INFO] ADCParametersView:116 -                Rank 2 : true
2025-12-31 16:27:48,043 [INFO] ADCParametersView:116 -                Rank 1 : true
2025-12-31 16:27:48,043 [INFO] ADCParametersView:116 -                Rank 2 : true
2025-12-31 16:27:48,043 [INFO] ADCParametersView:116 -                Rank 1 : true
2025-12-31 16:27:48,043 [INFO] ADCParametersView:116 -                Rank 2 : true
2025-12-31 16:27:48,044 [INFO] ADCParametersView:116 -                Rank 1 : true
2025-12-31 16:27:48,044 [INFO] ADCParametersView:116 -                Rank 2 : true
2025-12-31 16:27:48,044 [INFO] ADCParametersView:116 -                Rank 1 : true
2025-12-31 16:27:48,044 [INFO] ADCParametersView:116 -                Rank 2 : true
2025-12-31 16:27:48,044 [INFO] ADCParametersView:116 -                Rank 1 : true
2025-12-31 16:27:48,044 [INFO] ADCParametersView:116 -                Rank 2 : true
2025-12-31 16:27:48,044 [INFO] ADCParametersView:116 -                Rank 1 : true
2025-12-31 16:27:48,044 [INFO] ADCParametersView:116 -                Rank 2 : true
2025-12-31 16:27:48,044 [INFO] ADCParametersView:116 -                Rank 1 : true
2025-12-31 16:27:48,044 [INFO] ADCParametersView:116 -                Rank 2 : true
2025-12-31 16:27:48,045 [INFO] ADCParametersView:116 -                Rank 1 : true
2025-12-31 16:27:48,045 [INFO] ADCParametersView:116 -                Rank 2 : true
2025-12-31 16:27:48,045 [INFO] ADCParametersView:116 -                Rank 1 : true
2025-12-31 16:27:48,045 [INFO] ADCParametersView:116 -                Rank 2 : true
2025-12-31 16:27:48,045 [INFO] ADCParametersView:116 -                Rank 1 : true
2025-12-31 16:27:48,045 [INFO] ADCParametersView:116 -                Rank 2 : true
2025-12-31 16:27:48,045 [INFO] ADCParametersView:116 -                Rank 1 : true
2025-12-31 16:27:48,045 [INFO] ADCParametersView:116 -                Rank 2 : true
2025-12-31 16:27:48,045 [INFO] ADCParametersView:116 -                Rank 1 : true
2025-12-31 16:27:48,045 [INFO] ADCParametersView:116 -                Rank 2 : true
2025-12-31 16:27:48,045 [INFO] ADCParametersView:116 -                Rank 2 : true
2025-12-31 16:27:48,085 [INFO] ADCParametersView:116 -                Rank 1 : true
2025-12-31 16:27:48,085 [INFO] ADCParametersView:116 -                Rank 1 : true
2025-12-31 16:27:48,085 [INFO] ADCParametersView:116 -                Rank 2 : true
2025-12-31 16:27:48,327 [INFO] ADCParametersView:116 -                Rank 1 : true
2025-12-31 16:27:48,328 [INFO] ADCParametersView:116 -                Rank 2 : true
2025-12-31 16:27:48,328 [INFO] ADCParametersView:116 -                Rank 1 : true
2025-12-31 16:27:48,328 [INFO] ADCParametersView:116 -                Rank 2 : true
2025-12-31 16:27:48,329 [INFO] ADCParametersView:116 -                Rank 1 : true
2025-12-31 16:27:48,329 [INFO] ADCParametersView:116 -                Rank 2 : true
2025-12-31 16:27:48,330 [INFO] ADCParametersView:116 -                Rank 1 : true
2025-12-31 16:27:48,330 [INFO] ADCParametersView:116 -                Rank 2 : true
2025-12-31 16:27:48,330 [INFO] ADCParametersView:116 -                Rank 1 : true
2025-12-31 16:27:48,330 [INFO] ADCParametersView:116 -                Rank 2 : true
2025-12-31 16:27:48,330 [INFO] ADCParametersView:116 -                Rank 1 : true
2025-12-31 16:27:48,330 [INFO] ADCParametersView:116 -                Rank 2 : true
2025-12-31 16:27:48,330 [INFO] ADCParametersView:116 -                Rank 1 : true
2025-12-31 16:27:48,330 [INFO] ADCParametersView:116 -                Rank 2 : true
2025-12-31 16:27:48,331 [INFO] ADCParametersView:116 -                Rank 1 : true
2025-12-31 16:27:48,331 [INFO] ADCParametersView:116 -                Rank 2 : true
2025-12-31 16:27:48,331 [INFO] ADCParametersView:116 -                Rank 1 : true
2025-12-31 16:27:48,331 [INFO] ADCParametersView:116 -                Rank 2 : true
2025-12-31 16:27:48,331 [INFO] ADCParametersView:116 -                Rank 1 : true
2025-12-31 16:27:48,331 [INFO] ADCParametersView:116 -                Rank 2 : true
2025-12-31 16:27:48,331 [INFO] ADCParametersView:116 -                Rank 1 : true
2025-12-31 16:27:48,331 [INFO] ADCParametersView:116 -                Rank 2 : true
2025-12-31 16:27:48,331 [INFO] ADCParametersView:116 -                Rank 1 : true
2025-12-31 16:27:48,331 [INFO] ADCParametersView:116 -                Rank 2 : true
2025-12-31 16:27:48,331 [INFO] ADCParametersView:116 -                Rank 1 : true
2025-12-31 16:27:48,331 [INFO] ADCParametersView:116 -                Rank 2 : true
2025-12-31 16:27:48,331 [INFO] ADCParametersView:116 -                Rank 1 : true
2025-12-31 16:27:48,331 [INFO] ADCParametersView:116 -                Rank 2 : true
2025-12-31 16:27:48,331 [INFO] ADCParametersView:116 -                Rank 2 : true
2025-12-31 16:27:48,369 [INFO] ADCParametersView:116 -                Rank 1 : true
2025-12-31 16:27:48,370 [INFO] ADCParametersView:116 -                Rank 1 : true
2025-12-31 16:27:48,370 [INFO] ADCParametersView:116 -                Rank 2 : true
2025-12-31 16:27:48,428 [INFO] ADCParametersView:116 -                Rank 1 : true
2025-12-31 16:27:48,428 [INFO] ADCParametersView:116 -                Rank 2 : true
2025-12-31 16:27:48,429 [INFO] ADCParametersView:116 -                Rank 1 : true
2025-12-31 16:27:48,429 [INFO] ADCParametersView:116 -                Rank 2 : true
2025-12-31 16:27:48,429 [INFO] ADCParametersView:116 -                Rank 1 : true
2025-12-31 16:27:48,429 [INFO] ADCParametersView:116 -                Rank 2 : true
2025-12-31 16:27:48,429 [INFO] ADCParametersView:116 -                Rank 1 : true
2025-12-31 16:27:48,429 [INFO] ADCParametersView:116 -                Rank 2 : true
2025-12-31 16:27:48,429 [INFO] ADCParametersView:116 -                Rank 1 : true
2025-12-31 16:27:48,429 [INFO] ADCParametersView:116 -                Rank 2 : true
2025-12-31 16:27:48,429 [INFO] ADCParametersView:116 -                Rank 1 : true
2025-12-31 16:27:48,429 [INFO] ADCParametersView:116 -                Rank 2 : true
2025-12-31 16:27:48,430 [INFO] ADCParametersView:116 -                Rank 1 : true
2025-12-31 16:27:48,430 [INFO] ADCParametersView:116 -                Rank 2 : true
2025-12-31 16:27:48,430 [INFO] ADCParametersView:116 -                Rank 1 : true
2025-12-31 16:27:48,430 [INFO] ADCParametersView:116 -                Rank 2 : true
2025-12-31 16:27:48,430 [INFO] ADCParametersView:116 -                Rank 1 : true
2025-12-31 16:27:48,430 [INFO] ADCParametersView:116 -                Rank 2 : true
2025-12-31 16:27:48,430 [INFO] ADCParametersView:116 -                Rank 1 : true
2025-12-31 16:27:48,430 [INFO] ADCParametersView:116 -                Rank 2 : true
2025-12-31 16:27:48,430 [INFO] ADCParametersView:116 -                Rank 1 : true
2025-12-31 16:27:48,430 [INFO] ADCParametersView:116 -                Rank 2 : true
2025-12-31 16:27:48,430 [INFO] ADCParametersView:116 -                Rank 1 : true
2025-12-31 16:27:48,430 [INFO] ADCParametersView:116 -                Rank 2 : true
2025-12-31 16:27:48,430 [INFO] ADCParametersView:116 -                Rank 1 : true
2025-12-31 16:27:48,430 [INFO] ADCParametersView:116 -                Rank 2 : true
2025-12-31 16:27:48,431 [INFO] ADCParametersView:116 -                Rank 1 : true
2025-12-31 16:27:48,431 [INFO] ADCParametersView:116 -                Rank 2 : true
2025-12-31 16:27:48,431 [INFO] ADCParametersView:116 -                Rank 2 : true
2025-12-31 16:27:48,464 [INFO] ADCParametersView:116 -                Rank 1 : true
2025-12-31 16:27:48,465 [INFO] ADCParametersView:116 -                Rank 1 : true
2025-12-31 16:27:48,465 [INFO] ADCParametersView:116 -                Rank 2 : true
2025-12-31 17:13:44,195 [INFO] WebApp:194 - Connection lost
2025-12-31 17:13:49,564 [INFO] WebApp:191 - Connection restablished
2025-12-31 17:22:30,988 [INFO] WebApp:194 - Connection lost
2025-12-31 17:22:36,134 [INFO] WebApp:191 - Connection restablished
2025-12-31 17:23:11,220 [INFO] WebApp:194 - Connection lost
2025-12-31 17:23:16,287 [INFO] WebApp:191 - Connection restablished
2025-12-31 17:23:52,601 [INFO] WebApp:194 - Connection lost
2025-12-31 17:23:58,123 [INFO] WebApp:191 - Connection restablished
2025-12-31 17:24:08,502 [INFO] WebApp:194 - Connection lost
2025-12-31 17:24:28,745 [INFO] WebApp:191 - Connection restablished
2025-12-31 17:24:53,646 [INFO] WebApp:194 - Connection lost
2025-12-31 17:25:03,112 [INFO] WebApp:191 - Connection restablished
2025-12-31 17:35:56,473 [INFO] WebApp:194 - Connection lost
2025-12-31 17:36:01,395 [INFO] WebApp:191 - Connection restablished
2025-12-31 17:40:48,981 [INFO] WebApp:194 - Connection lost
2025-12-31 17:40:49,743 [INFO] WebApp:191 - Connection restablished
2025-12-31 17:45:31,510 [INFO] WebApp:194 - Connection lost
2025-12-31 17:45:31,807 [INFO] WebApp:191 - Connection restablished
2025-12-31 17:47:35,523 [INFO] WebApp:194 - Connection lost
2025-12-31 17:47:35,806 [INFO] WebApp:191 - Connection restablished
2025-12-31 17:48:45,557 [INFO] WebApp:194 - Connection lost
2025-12-31 17:48:45,829 [INFO] WebApp:191 - Connection restablished
2025-12-31 17:49:17,316 [INFO] WebApp:194 - Connection lost
2025-12-31 17:49:17,578 [INFO] WebApp:191 - Connection restablished
2025-12-31 17:52:06,968 [INFO] WebApp:194 - Connection lost
2025-12-31 17:52:07,228 [INFO] WebApp:191 - Connection restablished
2025-12-31 18:08:58,826 [INFO] WebApp:194 - Connection lost
2025-12-31 18:08:59,376 [INFO] WebApp:191 - Connection restablished
2025-12-31 18:11:25,475 [INFO] WebApp:194 - Connection lost
2025-12-31 18:11:25,738 [INFO] WebApp:191 - Connection restablished
2025-12-31 18:13:02,961 [INFO] WebApp:194 - Connection lost
2025-12-31 18:13:03,328 [INFO] WebApp:191 - Connection restablished
2025-12-31 18:13:14,836 [INFO] WebApp:194 - Connection lost
2025-12-31 18:13:15,100 [INFO] WebApp:191 - Connection restablished
2025-12-31 18:13:53,137 [INFO] WebApp:194 - Connection lost
2025-12-31 18:13:53,443 [INFO] WebApp:191 - Connection restablished
2025-12-31 18:14:16,796 [INFO] WebApp:194 - Connection lost
2025-12-31 18:14:17,124 [INFO] WebApp:191 - Connection restablished
2025-12-31 18:20:10,392 [INFO] WebApp:194 - Connection lost
2025-12-31 18:20:10,692 [INFO] WebApp:191 - Connection restablished
2025-12-31 18:24:16,378 [INFO] WebApp:194 - Connection lost
2025-12-31 18:24:16,622 [INFO] WebApp:191 - Connection restablished
2025-12-31 18:24:26,407 [INFO] WebApp:194 - Connection lost
2025-12-31 18:24:26,606 [INFO] WebApp:191 - Connection restablished
2025-12-31 18:24:34,705 [INFO] WebApp:194 - Connection lost
2025-12-31 18:24:34,905 [INFO] WebApp:191 - Connection restablished
2025-12-31 18:32:37,560 [INFO] WebApp:194 - Connection lost
2025-12-31 18:32:37,869 [INFO] WebApp:191 - Connection restablished
2025-12-31 18:33:37,740 [INFO] WebApp:194 - Connection lost
2025-12-31 18:33:38,125 [INFO] WebApp:191 - Connection restablished
2025-12-31 18:34:40,936 [INFO] WebApp:194 - Connection lost
2025-12-31 18:34:41,184 [INFO] WebApp:191 - Connection restablished
2025-12-31 18:35:43,675 [INFO] WebApp:194 - Connection lost
2025-12-31 18:35:44,031 [INFO] WebApp:191 - Connection restablished
2025-12-31 18:35:45,033 [INFO] WebApp:194 - Connection lost
2025-12-31 18:35:45,254 [INFO] WebApp:191 - Connection restablished
2025-12-31 18:36:14,427 [INFO] WebApp:194 - Connection lost
2025-12-31 18:36:14,667 [INFO] WebApp:191 - Connection restablished
2025-12-31 18:36:41,180 [INFO] WebApp:194 - Connection lost
2025-12-31 18:36:41,459 [INFO] WebApp:191 - Connection restablished
2025-12-31 18:37:13,624 [INFO] WebApp:194 - Connection lost
2025-12-31 18:37:14,000 [INFO] WebApp:191 - Connection restablished
2025-12-31 18:37:38,704 [INFO] WebApp:194 - Connection lost
2025-12-31 18:37:38,991 [INFO] WebApp:191 - Connection restablished
2025-12-31 18:39:43,603 [INFO] WebApp:194 - Connection lost
2025-12-31 18:39:44,065 [INFO] WebApp:191 - Connection restablished
2025-12-31 18:39:45,058 [INFO] WebApp:194 - Connection lost
2025-12-31 18:39:45,486 [INFO] WebApp:191 - Connection restablished
2025-12-31 18:42:05,363 [INFO] WebApp:194 - Connection lost
2025-12-31 18:42:05,643 [INFO] WebApp:191 - Connection restablished
2025-12-31 18:42:42,324 [INFO] WebApp:194 - Connection lost
2025-12-31 18:42:42,603 [INFO] WebApp:191 - Connection restablished
2025-12-31 18:43:23,716 [INFO] WebApp:194 - Connection lost
2025-12-31 18:43:23,988 [INFO] WebApp:191 - Connection restablished
2025-12-31 18:43:59,657 [INFO] WebApp:194 - Connection lost
2025-12-31 18:43:59,922 [INFO] WebApp:191 - Connection restablished
2025-12-31 18:44:38,969 [INFO] WebApp:194 - Connection lost
2025-12-31 18:44:39,345 [INFO] WebApp:191 - Connection restablished
2025-12-31 18:45:14,819 [INFO] WebApp:194 - Connection lost
2025-12-31 18:45:15,089 [INFO] WebApp:191 - Connection restablished
2025-12-31 18:45:38,973 [INFO] WebApp:194 - Connection lost
2025-12-31 18:45:39,299 [INFO] WebApp:191 - Connection restablished
2025-12-31 18:46:08,563 [INFO] WebApp:194 - Connection lost
2025-12-31 18:46:08,826 [INFO] WebApp:191 - Connection restablished
2025-12-31 18:47:01,013 [INFO] WebApp:194 - Connection lost
2025-12-31 18:47:01,316 [INFO] WebApp:191 - Connection restablished
2025-12-31 18:47:26,721 [INFO] WebApp:194 - Connection lost
2025-12-31 18:47:26,927 [INFO] WebApp:191 - Connection restablished
2025-12-31 18:48:02,543 [INFO] WebApp:194 - Connection lost
2025-12-31 18:48:02,973 [INFO] WebApp:191 - Connection restablished
2025-12-31 18:48:21,836 [INFO] WebApp:194 - Connection lost
2025-12-31 18:48:22,204 [INFO] WebApp:191 - Connection restablished
2025-12-31 18:48:24,144 [INFO] WebApp:194 - Connection lost
2025-12-31 18:48:26,068 [INFO] WebApp:191 - Connection restablished
2025-12-31 18:48:54,661 [INFO] WebApp:194 - Connection lost
2025-12-31 18:48:55,303 [INFO] WebApp:191 - Connection restablished
2025-12-31 18:49:14,027 [INFO] WebApp:194 - Connection lost
2025-12-31 18:49:14,277 [INFO] WebApp:191 - Connection restablished
2025-12-31 18:52:25,536 [INFO] WebApp:194 - Connection lost
2025-12-31 18:52:25,820 [INFO] WebApp:191 - Connection restablished
2025-12-31 18:52:45,799 [INFO] WebApp:194 - Connection lost
2025-12-31 18:52:46,054 [INFO] WebApp:191 - Connection restablished
2025-12-31 18:52:58,615 [INFO] WebApp:194 - Connection lost
2025-12-31 18:52:58,968 [INFO] WebApp:191 - Connection restablished
2025-12-31 18:54:03,312 [INFO] WebApp:194 - Connection lost
2025-12-31 18:54:03,527 [INFO] WebApp:191 - Connection restablished
2025-12-31 18:54:14,799 [INFO] WebApp:194 - Connection lost
2025-12-31 18:54:15,070 [INFO] WebApp:191 - Connection restablished
2025-12-31 18:54:46,219 [INFO] WebApp:194 - Connection lost
2025-12-31 18:54:46,551 [INFO] WebApp:191 - Connection restablished
2025-12-31 18:55:12,015 [INFO] WebApp:194 - Connection lost
2025-12-31 18:55:12,288 [INFO] WebApp:191 - Connection restablished
2025-12-31 18:55:25,862 [INFO] WebApp:194 - Connection lost
2025-12-31 18:55:26,207 [INFO] WebApp:191 - Connection restablished
2025-12-31 18:55:42,928 [INFO] WebApp:194 - Connection lost
2025-12-31 18:55:43,206 [INFO] WebApp:191 - Connection restablished
2025-12-31 18:56:16,206 [INFO] WebApp:194 - Connection lost
2025-12-31 18:56:16,888 [INFO] WebApp:191 - Connection restablished
2025-12-31 18:56:32,789 [INFO] WebApp:194 - Connection lost
2025-12-31 18:56:32,993 [INFO] WebApp:191 - Connection restablished
2025-12-31 18:56:46,620 [INFO] WebApp:194 - Connection lost
2025-12-31 18:56:46,863 [INFO] WebApp:191 - Connection restablished
2025-12-31 18:57:16,320 [INFO] WebApp:194 - Connection lost
2025-12-31 18:57:17,134 [INFO] WebApp:191 - Connection restablished
2025-12-31 18:57:29,522 [INFO] WebApp:194 - Connection lost
2025-12-31 18:57:29,797 [INFO] WebApp:191 - Connection restablished
2025-12-31 18:57:55,531 [INFO] WebApp:194 - Connection lost
2025-12-31 18:57:55,710 [INFO] WebApp:191 - Connection restablished
2025-12-31 19:00:48,399 [INFO] WebApp:194 - Connection lost
2025-12-31 19:00:48,694 [INFO] WebApp:191 - Connection restablished
2025-12-31 19:06:57,860 [INFO] WebApp:194 - Connection lost
2025-12-31 19:06:58,226 [INFO] WebApp:191 - Connection restablished
2025-12-31 19:07:06,157 [INFO] WebApp:194 - Connection lost
2025-12-31 19:07:06,574 [INFO] WebApp:191 - Connection restablished
2025-12-31 19:07:14,440 [INFO] WebApp:194 - Connection lost
2025-12-31 19:07:14,685 [INFO] WebApp:191 - Connection restablished
2025-12-31 19:07:29,960 [INFO] WebApp:194 - Connection lost
2025-12-31 19:07:30,211 [INFO] WebApp:191 - Connection restablished
2025-12-31 19:08:13,909 [INFO] WebApp:194 - Connection lost
2025-12-31 19:08:14,154 [INFO] WebApp:191 - Connection restablished
2025-12-31 19:08:26,743 [INFO] WebApp:194 - Connection lost
2025-12-31 19:08:27,038 [INFO] WebApp:191 - Connection restablished
2025-12-31 19:08:35,956 [INFO] WebApp:194 - Connection lost
2025-12-31 19:08:36,267 [INFO] WebApp:191 - Connection restablished
2025-12-31 19:13:55,355 [INFO] WebApp:194 - Connection lost
2025-12-31 19:13:55,661 [INFO] WebApp:191 - Connection restablished
2025-12-31 19:14:14,188 [INFO] WebApp:194 - Connection lost
2025-12-31 19:14:14,481 [INFO] WebApp:191 - Connection restablished
2025-12-31 19:14:28,191 [INFO] WebApp:194 - Connection lost
2025-12-31 19:14:28,516 [INFO] WebApp:191 - Connection restablished
2025-12-31 19:14:57,579 [INFO] WebApp:194 - Connection lost
2025-12-31 19:14:57,831 [INFO] WebApp:191 - Connection restablished
2025-12-31 19:15:12,532 [INFO] WebApp:194 - Connection lost
2025-12-31 19:15:13,262 [INFO] WebApp:191 - Connection restablished
2025-12-31 19:15:16,723 [INFO] WebApp:194 - Connection lost
2025-12-31 19:15:18,013 [INFO] WebApp:191 - Connection restablished
2025-12-31 19:22:19,344 [INFO] WebApp:194 - Connection lost
2025-12-31 19:22:19,684 [INFO] WebApp:191 - Connection restablished
2025-12-31 19:22:27,624 [INFO] WebApp:194 - Connection lost
2025-12-31 19:22:27,885 [INFO] WebApp:191 - Connection restablished
2025-12-31 19:22:44,114 [INFO] WebApp:194 - Connection lost
2025-12-31 19:22:44,383 [INFO] WebApp:191 - Connection restablished
2025-12-31 19:23:00,593 [INFO] WebApp:194 - Connection lost
2025-12-31 19:23:01,426 [INFO] WebApp:191 - Connection restablished
2025-12-31 19:39:17,923 [INFO] WebApp:194 - Connection lost
2025-12-31 19:39:18,272 [INFO] WebApp:191 - Connection restablished
2025-12-31 19:56:59,785 [INFO] WebApp:194 - Connection lost
2025-12-31 19:57:00,327 [INFO] WebApp:191 - Connection restablished
2025-12-31 19:57:10,435 [INFO] WebApp:194 - Connection lost
2025-12-31 19:57:10,690 [INFO] WebApp:191 - Connection restablished
2025-12-31 19:58:48,555 [INFO] WebApp:194 - Connection lost
2025-12-31 19:58:48,795 [INFO] WebApp:191 - Connection restablished
2025-12-31 20:07:57,848 [INFO] WebApp:194 - Connection lost
2025-12-31 20:07:58,609 [INFO] WebApp:191 - Connection restablished
2025-12-31 20:25:53,765 [INFO] WebApp:194 - Connection lost
2025-12-31 20:25:54,033 [INFO] WebApp:191 - Connection restablished
2025-12-31 20:25:55,422 [INFO] WebApp:194 - Connection lost
2025-12-31 20:25:56,172 [INFO] WebApp:191 - Connection restablished
2025-12-31 20:41:51,870 [INFO] WebApp:194 - Connection lost
2025-12-31 20:41:53,338 [INFO] WebApp:191 - Connection restablished
2025-12-31 20:44:37,049 [INFO] WebApp:194 - Connection lost
2025-12-31 20:44:37,900 [INFO] WebApp:191 - Connection restablished
2025-12-31 20:49:24,583 [INFO] WebApp:194 - Connection lost
2025-12-31 20:49:24,873 [INFO] WebApp:191 - Connection restablished
2025-12-31 20:49:39,871 [INFO] WebApp:194 - Connection lost
2025-12-31 20:49:40,218 [INFO] WebApp:191 - Connection restablished
2025-12-31 21:06:43,857 [INFO] WebApp:194 - Connection lost
2025-12-31 21:06:44,145 [INFO] WebApp:191 - Connection restablished
2025-12-31 21:08:57,804 [INFO] WebApp:194 - Connection lost
2025-12-31 21:08:58,075 [INFO] WebApp:191 - Connection restablished
2025-12-31 21:10:29,682 [INFO] WebApp:194 - Connection lost
2025-12-31 21:10:30,032 [INFO] WebApp:191 - Connection restablished
2025-12-31 21:11:00,514 [INFO] WebApp:194 - Connection lost
2025-12-31 21:11:00,821 [INFO] WebApp:191 - Connection restablished
2025-12-31 21:11:38,512 [INFO] WebApp:194 - Connection lost
2025-12-31 21:11:38,903 [INFO] WebApp:191 - Connection restablished
2025-12-31 21:12:13,317 [INFO] WebApp:194 - Connection lost
2025-12-31 21:12:13,967 [INFO] WebApp:191 - Connection restablished
2025-12-31 21:12:21,514 [INFO] WebApp:194 - Connection lost
2025-12-31 21:12:21,750 [INFO] WebApp:191 - Connection restablished
2025-12-31 21:12:38,237 [INFO] WebApp:194 - Connection lost
2025-12-31 21:12:38,575 [INFO] WebApp:191 - Connection restablished
2025-12-31 21:13:48,870 [INFO] WebApp:194 - Connection lost
2025-12-31 21:13:49,313 [INFO] WebApp:191 - Connection restablished
2025-12-31 21:14:17,747 [INFO] WebApp:194 - Connection lost
2025-12-31 21:14:18,326 [INFO] WebApp:191 - Connection restablished
2025-12-31 21:16:16,733 [INFO] WebApp:194 - Connection lost
2025-12-31 21:16:17,091 [INFO] WebApp:191 - Connection restablished
2025-12-31 21:16:55,748 [INFO] WebApp:194 - Connection lost
2025-12-31 21:16:56,089 [INFO] WebApp:191 - Connection restablished
2025-12-31 21:17:11,215 [INFO] WebApp:194 - Connection lost
2025-12-31 21:17:11,467 [INFO] WebApp:191 - Connection restablished
2025-12-31 21:17:38,753 [INFO] WebApp:194 - Connection lost
2025-12-31 21:17:39,302 [INFO] WebApp:191 - Connection restablished
2025-12-31 21:17:50,734 [INFO] WebApp:194 - Connection lost
2025-12-31 21:17:50,996 [INFO] WebApp:191 - Connection restablished
2025-12-31 21:18:12,451 [INFO] WebApp:194 - Connection lost
2025-12-31 21:18:13,039 [INFO] WebApp:191 - Connection restablished
2025-12-31 21:18:20,640 [INFO] WebApp:194 - Connection lost
2025-12-31 21:18:21,207 [INFO] WebApp:191 - Connection restablished
2025-12-31 21:18:31,499 [INFO] WebApp:194 - Connection lost
2025-12-31 21:18:31,549 [INFO] WebApp:191 - Connection restablished
2025-12-31 21:18:40,606 [INFO] WebApp:194 - Connection lost
2025-12-31 21:18:40,858 [INFO] WebApp:191 - Connection restablished
2025-12-31 21:18:52,686 [INFO] WebApp:194 - Connection lost
2025-12-31 21:18:52,950 [INFO] WebApp:191 - Connection restablished
2025-12-31 21:19:14,807 [INFO] WebApp:194 - Connection lost
2025-12-31 21:19:15,075 [INFO] WebApp:191 - Connection restablished
2025-12-31 21:20:01,921 [INFO] WebApp:194 - Connection lost
2025-12-31 21:20:02,243 [INFO] WebApp:191 - Connection restablished
2025-12-31 21:20:10,021 [INFO] WebApp:194 - Connection lost
2025-12-31 21:20:10,478 [INFO] WebApp:191 - Connection restablished
2025-12-31 21:20:28,742 [INFO] WebApp:194 - Connection lost
2025-12-31 21:20:28,983 [INFO] WebApp:191 - Connection restablished
2025-12-31 21:24:44,455 [INFO] WebApp:194 - Connection lost
2025-12-31 21:24:44,734 [INFO] WebApp:191 - Connection restablished
2025-12-31 21:25:08,638 [INFO] WebApp:194 - Connection lost
2025-12-31 21:25:09,465 [INFO] WebApp:191 - Connection restablished
2025-12-31 21:28:27,279 [INFO] WebApp:194 - Connection lost
2025-12-31 21:28:28,371 [INFO] WebApp:191 - Connection restablished
2025-12-31 21:28:41,926 [INFO] WebApp:194 - Connection lost
2025-12-31 21:28:42,063 [INFO] WebApp:191 - Connection restablished
2025-12-31 21:32:32,482 [INFO] WebApp:194 - Connection lost
2025-12-31 21:32:32,797 [INFO] WebApp:191 - Connection restablished
2025-12-31 21:47:47,425 [INFO] WebApp:194 - Connection lost
2025-12-31 21:47:48,012 [INFO] WebApp:191 - Connection restablished
2025-12-31 22:03:29,148 [INFO] WebApp:194 - Connection lost
2025-12-31 22:03:29,486 [INFO] WebApp:191 - Connection restablished
2025-12-31 22:09:57,867 [INFO] WebApp:194 - Connection lost
2025-12-31 22:09:58,141 [INFO] WebApp:191 - Connection restablished
2025-12-31 22:16:22,809 [INFO] WebApp:194 - Connection lost
2025-12-31 22:16:23,597 [INFO] WebApp:191 - Connection restablished
2025-12-31 22:24:23,303 [INFO] WebApp:194 - Connection lost
2025-12-31 22:24:24,113 [INFO] WebApp:191 - Connection restablished
2025-12-31 22:39:37,569 [INFO] WebApp:194 - Connection lost
2025-12-31 22:39:37,944 [INFO] WebApp:191 - Connection restablished
2025-12-31 22:41:31,438 [INFO] WebApp:194 - Connection lost
2025-12-31 22:41:32,230 [INFO] WebApp:191 - Connection restablished
2025-12-31 22:42:17,368 [INFO] WebApp:194 - Connection lost
2025-12-31 22:42:17,655 [INFO] WebApp:191 - Connection restablished
2025-12-31 22:42:32,380 [INFO] WebApp:194 - Connection lost
2025-12-31 22:42:33,117 [INFO] WebApp:191 - Connection restablished
2025-12-31 22:43:31,030 [INFO] WebApp:194 - Connection lost
2025-12-31 22:43:31,354 [INFO] WebApp:191 - Connection restablished
2025-12-31 22:45:21,424 [INFO] WebApp:194 - Connection lost
2025-12-31 22:45:22,079 [INFO] WebApp:191 - Connection restablished
2025-12-31 22:47:09,757 [INFO] WebApp:194 - Connection lost
2025-12-31 22:47:10,082 [INFO] WebApp:191 - Connection restablished
2025-12-31 23:03:32,933 [INFO] WebApp:194 - Connection lost
2025-12-31 23:03:33,558 [INFO] WebApp:191 - Connection restablished
2025-12-31 23:10:57,975 [INFO] WebApp:194 - Connection lost
2025-12-31 23:10:59,041 [INFO] WebApp:191 - Connection restablished
2025-12-31 23:26:11,927 [INFO] WebApp:194 - Connection lost
2025-12-31 23:26:12,332 [INFO] WebApp:191 - Connection restablished
2025-12-31 23:43:50,409 [INFO] WebApp:194 - Connection lost
2025-12-31 23:43:50,915 [INFO] WebApp:191 - Connection restablished
2025-12-31 23:44:29,495 [INFO] WebApp:194 - Connection lost
2025-12-31 23:44:30,067 [INFO] WebApp:191 - Connection restablished
