2025-12-02 16:37:54,997 [INFO] Activator:176 - 


2025-12-02 16:37:55,002 [INFO] Activator:177 - !SESSION log4j initialized
2025-12-02 16:37:58,954 [ERROR] LogOutputStream:75 - [STDERR_REDIRECT] 
2025-12-02 16:37:59,418 [INFO] LogOutputStream:77 - [STDOUT_REDIRECT] 
2025-12-02 16:38:01,063 [INFO] LogOutputStream:77 - [STDOUT_REDIRECT] 
2025-12-02 16:38:02,204 [INFO] ApplicationProperties:184 - Using Application install path: /Applications/STM32CubeIDE.app/Contents/Eclipse/plugins/com.st.stm32cube.common.mx_6.15.0.202507011659
2025-12-02 16:38:02,217 [INFO] DbMcusXml:78 - Set database path to: /Applications/STM32CubeIDE.app/Contents/Eclipse/plugins/com.st.stm32cube.common.mx_6.15.0.202507011659//db//mcu/
2025-12-02 16:38:02,217 [INFO] ApiDb:274 - Set plugin database path to: /Applications/STM32CubeIDE.app/Contents/Eclipse/plugins/com.st.stm32cube.common.mx_6.15.0.202507011659//db//plugins/boardmanager/
2025-12-02 16:38:02,218 [WARN] ApiDb:259 - Overriding images path with different value:  => /Applications/STM32CubeIDE.app/Contents/Eclipse/plugins/com.st.stm32cube.common.mx_6.15.0.202507011659//db//plugins/mcufinder/images/
2025-12-02 16:38:02,225 [INFO] ApiDb:250 - Set database path to: /Users/rawandbk/.stmcufinder/plugins/mcufinder//mcu/
2025-12-02 16:38:02,226 [INFO] DbMcusAds:125 - Set database path to: /Users/rawandbk/.stmcufinder/plugins/mcufinder//mcu/
2025-12-02 16:38:02,227 [INFO] CrossReferenceDbSqlite:203 - Set database path to: /Users/rawandbk/.stmcufinder/plugins/mcufinder//mcu/cs/
2025-12-02 16:38:02,345 [INFO] RulesReader:64 - Compatibility file has been processed (317 Rules)
2025-12-02 16:38:02,387 [INFO] DbMcusXml:78 - Set database path to: /Applications/STM32CubeIDE.app/Contents/Eclipse/plugins/com.st.stm32cube.common.mx_6.15.0.202507011659//db//mcu/
2025-12-02 16:38:02,387 [INFO] ApiDb:274 - Set plugin database path to: /Applications/STM32CubeIDE.app/Contents/Eclipse/plugins/com.st.stm32cube.common.mx_6.15.0.202507011659//db//plugins/boardmanager/
2025-12-02 16:38:02,387 [INFO] ApiDb:261 - Set plugin images path to: /Applications/STM32CubeIDE.app/Contents/Eclipse/plugins/com.st.stm32cube.common.mx_6.15.0.202507011659//db//plugins/mcufinder/images/
2025-12-02 16:38:02,387 [WARN] DbFile:41 - Overriding database path with different value: /Users/rawandbk/.stmcufinder/plugins/mcufinder/ => /Users/rawandbk/.stmcufinder/plugins/mcufinder
2025-12-02 16:38:02,387 [INFO] ApiDb:250 - Set database path to: /Users/rawandbk/.stmcufinder/plugins/mcufinder//mcu/
2025-12-02 16:38:02,388 [WARN] DbFile:41 - Overriding database path with different value: /Users/rawandbk/.stmcufinder/plugins/mcufinder/ => /Users/rawandbk/.stmcufinder/plugins/mcufinder
2025-12-02 16:38:02,388 [INFO] DbMcusAds:125 - Set database path to: /Users/rawandbk/.stmcufinder/plugins/mcufinder//mcu/
2025-12-02 16:38:02,388 [WARN] DbFile:41 - Overriding database path with different value: /Users/rawandbk/.stmcufinder/plugins/mcufinder/ => /Users/rawandbk/.stmcufinder/plugins/mcufinder
2025-12-02 16:38:02,388 [WARN] DbFile:41 - Overriding database path with different value: /Users/rawandbk/.stmcufinder/plugins/mcufinder/ => /Users/rawandbk/.stmcufinder/plugins/mcufinder
2025-12-02 16:38:02,388 [INFO] CrossReferenceDbSqlite:203 - Set database path to: /Users/rawandbk/.stmcufinder/plugins/mcufinder//mcu/cs/
2025-12-02 16:38:02,444 [INFO] MainPanel:274 - HeapMemory: 268435456
2025-12-02 16:38:02,647 [INFO] DbMcusXml:78 - Set database path to: /Applications/STM32CubeIDE.app/Contents/Eclipse/plugins/com.st.stm32cube.common.mx_6.15.0.202507011659//db//mcu/
2025-12-02 16:38:02,647 [INFO] ApiDb:274 - Set plugin database path to: /Applications/STM32CubeIDE.app/Contents/Eclipse/plugins/com.st.stm32cube.common.mx_6.15.0.202507011659//db//plugins/boardmanager/
2025-12-02 16:38:02,647 [INFO] ApiDb:261 - Set plugin images path to: /Applications/STM32CubeIDE.app/Contents/Eclipse/plugins/com.st.stm32cube.common.mx_6.15.0.202507011659//db//plugins/mcufinder/images/
2025-12-02 16:38:02,647 [WARN] DbFile:41 - Overriding database path with different value: /Users/rawandbk/.stmcufinder/plugins/mcufinder/ => /Users/rawandbk/.stmcufinder/plugins/mcufinder
2025-12-02 16:38:02,647 [INFO] ApiDb:250 - Set database path to: /Users/rawandbk/.stmcufinder/plugins/mcufinder//mcu/
2025-12-02 16:38:02,647 [WARN] DbFile:41 - Overriding database path with different value: /Users/rawandbk/.stmcufinder/plugins/mcufinder/ => /Users/rawandbk/.stmcufinder/plugins/mcufinder
2025-12-02 16:38:02,647 [INFO] DbMcusAds:125 - Set database path to: /Users/rawandbk/.stmcufinder/plugins/mcufinder//mcu/
2025-12-02 16:38:02,647 [WARN] DbFile:41 - Overriding database path with different value: /Users/rawandbk/.stmcufinder/plugins/mcufinder/ => /Users/rawandbk/.stmcufinder/plugins/mcufinder
2025-12-02 16:38:02,648 [WARN] DbFile:41 - Overriding database path with different value: /Users/rawandbk/.stmcufinder/plugins/mcufinder/ => /Users/rawandbk/.stmcufinder/plugins/mcufinder
2025-12-02 16:38:02,648 [INFO] CrossReferenceDbSqlite:203 - Set database path to: /Users/rawandbk/.stmcufinder/plugins/mcufinder//mcu/cs/
2025-12-02 16:38:02,662 [INFO] ApplicationProperties:184 - Using Application install path: /Applications/STM32CubeIDE.app/Contents/Eclipse/plugins/com.st.stm32cube.common.mx_6.15.0.202507011659
2025-12-02 16:38:02,663 [INFO] PluginManage:196 - Search for loadable plugins [exclusion list=, ]
2025-12-02 16:38:02,664 [INFO] PluginManage:310 - Check plugin analytics
2025-12-02 16:38:02,884 [INFO] AnalyticsPlugin:253 - Accepted Software Licenses: 
2025-12-02 16:38:02,884 [INFO] AnalyticsPlugin:255 - Accepted CMSIS Pack Licenses: 
2025-12-02 16:38:02,884 [INFO] AnalyticsPlugin:257 - Accepted Firmware Licenses: FW.F4.1.28.0
2025-12-02 16:38:02,890 [INFO] PluginManage:359 - Loaded plugin analytics (category:tool,tabindex:-1)
2025-12-02 16:38:02,893 [INFO] PluginManage:310 - Check plugin cadmodel
2025-12-02 16:38:02,905 [INFO] CADModel:105 - Init CAD model plugin
2025-12-02 16:38:02,905 [INFO] PluginManage:359 - Loaded plugin cadmodel (category:power,tabindex:5)
2025-12-02 16:38:02,906 [INFO] PluginManage:310 - Check plugin clock
2025-12-02 16:38:02,914 [INFO] PluginManage:359 - Loaded plugin clock (category:base,tabindex:2)
2025-12-02 16:38:02,915 [INFO] PluginManage:310 - Check plugin ddr
2025-12-02 16:38:02,917 [INFO] PluginManage:359 - Loaded plugin ddr (category:tool,tabindex:6)
2025-12-02 16:38:02,917 [INFO] PluginManage:310 - Check plugin filemanager
2025-12-02 16:38:03,051 [INFO] PluginManage:359 - Loaded plugin filemanager (category:base,tabindex:10)
2025-12-02 16:38:03,051 [INFO] PluginManage:310 - Check plugin ipmanager
2025-12-02 16:38:03,057 [INFO] PluginManage:359 - Loaded plugin ipmanager (category:base,tabindex:5)
2025-12-02 16:38:03,057 [INFO] PluginManage:310 - Check plugin lpbam
2025-12-02 16:38:03,064 [INFO] PluginManage:359 - Loaded plugin lpbam (category:base,tabindex:0)
2025-12-02 16:38:03,064 [INFO] PluginManage:310 - Check plugin memorymap
2025-12-02 16:38:03,072 [INFO] PluginManage:359 - Loaded plugin memorymap (category:base,tabindex:4)
2025-12-02 16:38:03,072 [INFO] PluginManage:310 - Check plugin pinoutandconfiguration
2025-12-02 16:38:03,078 [INFO] PluginManage:359 - Loaded plugin pinoutandconfiguration (category:base,tabindex:1)
2025-12-02 16:38:03,079 [INFO] PluginManage:310 - Check plugin pinoutconfig
2025-12-02 16:38:03,145 [WARN] SupportedApi:132 - Cannot load RTOS API schema: s4s-elt-must-match.1: The content of 'definitions' must match (annotation?, (simpleType | complexType)?, (unique | key | keyref)*)). A problem was found starting at: attribute.
2025-12-02 16:38:03,253 [INFO] PluginManage:359 - Loaded plugin pinoutconfig (category:base,tabindex:0)
2025-12-02 16:38:03,253 [INFO] PluginManage:310 - Check plugin power
2025-12-02 16:38:03,262 [INFO] PluginManage:359 - Loaded plugin power (category:power,tabindex:4)
2025-12-02 16:38:03,263 [INFO] PluginManage:310 - Check plugin projectmanager
2025-12-02 16:38:03,285 [INFO] PluginManage:359 - Loaded plugin projectmanager (category:projectmanager,tabindex:4)
2025-12-02 16:38:03,285 [INFO] PluginManage:310 - Check plugin rif
2025-12-02 16:38:03,291 [INFO] PluginManage:359 - Loaded plugin rif (category:base,tabindex:3)
2025-12-02 16:38:03,292 [INFO] PluginManage:310 - Check plugin thirdparty
2025-12-02 16:38:03,427 [INFO] PluginManage:359 - Loaded plugin thirdparty (category:base,tabindex:-1)
2025-12-02 16:38:03,427 [INFO] PluginManage:310 - Check plugin tools
2025-12-02 16:38:03,426 [WARN] IntegrityCheckThread:84 - waiting for thirdparty lock release [integrity check]
2025-12-02 16:38:03,427 [INFO] IntegrityCheckThread:86 - entering critical section [integrity check]
2025-12-02 16:38:03,428 [INFO] ThirdPartyUpdaterWithRetryManager:70 - Updater plugin not ready yet. [1/15]
2025-12-02 16:38:03,431 [INFO] PluginManage:359 - Loaded plugin tools (category:base,tabindex:7)
2025-12-02 16:38:03,431 [INFO] PluginManage:310 - Check plugin tutovideos
2025-12-02 16:38:03,579 [INFO] PluginManage:359 - Loaded plugin tutovideos (category:base,tabindex:-1)
2025-12-02 16:38:03,580 [INFO] PluginManage:310 - Check plugin updater
2025-12-02 16:38:03,604 [INFO] PluginManage:359 - Loaded plugin updater (category:base,tabindex:12)
2025-12-02 16:38:03,604 [INFO] PluginManage:310 - Check plugin userauth
2025-12-02 16:38:03,608 [INFO] UserAuth:118 - Init User Auth plugin
2025-12-02 16:38:03,608 [INFO] PluginManage:359 - Loaded plugin userauth (category:base,tabindex:14)
2025-12-02 16:38:03,609 [INFO] PluginManage:283 - PluginManage : Loaded plugins [18]
2025-12-02 16:38:03,806 [INFO] PinOutPanel:1589 - setPackage(No Configuration,No Configuration)
2025-12-02 16:38:03,864 [INFO] CADModel:165 - CPN selected for project level
2025-12-02 16:38:03,864 [INFO] CADModel:114 - Register for checkConnection events
2025-12-02 16:38:03,875 [INFO] IPUIPlugin:80 - create IPUIPlugin
2025-12-02 16:38:03,875 [INFO] PluginManager:220 - loadIPPluginJar : add mdma
2025-12-02 16:38:03,880 [INFO] IPUIPlugin:80 - create IPUIPlugin
2025-12-02 16:38:03,880 [INFO] PluginManager:220 - loadIPPluginJar : add freertos
2025-12-02 16:38:03,883 [INFO] IPUIPlugin:80 - create IPUIPlugin
2025-12-02 16:38:03,883 [INFO] PluginManager:220 - loadIPPluginJar : add gic
2025-12-02 16:38:03,888 [INFO] IPUIPlugin:80 - create IPUIPlugin
2025-12-02 16:38:03,889 [INFO] PluginManager:220 - loadIPPluginJar : add adc
2025-12-02 16:38:03,906 [INFO] IPUIPlugin:80 - create IPUIPlugin
2025-12-02 16:38:03,906 [INFO] PluginManager:220 - loadIPPluginJar : add gtzc
2025-12-02 16:38:03,910 [INFO] IPUIPlugin:80 - create IPUIPlugin
2025-12-02 16:38:03,910 [INFO] PluginManager:220 - loadIPPluginJar : add quadspi
2025-12-02 16:38:03,911 [INFO] IPUIPlugin:80 - create IPUIPlugin
2025-12-02 16:38:03,912 [INFO] PluginManager:220 - loadIPPluginJar : add aes
2025-12-02 16:38:03,913 [INFO] IPUIPlugin:80 - create IPUIPlugin
2025-12-02 16:38:03,914 [INFO] PluginManager:220 - loadIPPluginJar : add pdm2pcm
2025-12-02 16:38:03,914 [INFO] IPUIPlugin:80 - create IPUIPlugin
2025-12-02 16:38:03,914 [INFO] PluginManager:220 - loadIPPluginJar : add hash
2025-12-02 16:38:03,915 [INFO] IPUIPlugin:80 - create IPUIPlugin
2025-12-02 16:38:03,915 [INFO] PluginManager:220 - loadIPPluginJar : add tim
2025-12-02 16:38:03,916 [INFO] IPUIPlugin:80 - create IPUIPlugin
2025-12-02 16:38:03,916 [INFO] PluginManager:220 - loadIPPluginJar : add tsc
2025-12-02 16:38:03,917 [INFO] IPUIPlugin:80 - create IPUIPlugin
2025-12-02 16:38:03,917 [INFO] PluginManager:220 - loadIPPluginJar : add extmemmanager
2025-12-02 16:38:03,918 [INFO] IPUIPlugin:80 - create IPUIPlugin
2025-12-02 16:38:03,918 [INFO] PluginManager:220 - loadIPPluginJar : add ts
2025-12-02 16:38:03,919 [INFO] IPUIPlugin:80 - create IPUIPlugin
2025-12-02 16:38:03,919 [INFO] PluginManager:220 - loadIPPluginJar : add radio
2025-12-02 16:38:03,921 [INFO] IPUIPlugin:80 - create IPUIPlugin
2025-12-02 16:38:03,921 [INFO] PluginManager:220 - loadIPPluginJar : add can
2025-12-02 16:38:03,922 [INFO] IPUIPlugin:80 - create IPUIPlugin
2025-12-02 16:38:03,922 [INFO] PluginManager:220 - loadIPPluginJar : add dma3
2025-12-02 16:38:03,923 [INFO] IPUIPlugin:80 - create IPUIPlugin
2025-12-02 16:38:03,923 [INFO] PluginManager:220 - loadIPPluginJar : add dfsdm
2025-12-02 16:38:03,924 [INFO] IPUIPlugin:80 - create IPUIPlugin
2025-12-02 16:38:03,924 [INFO] PluginManager:220 - loadIPPluginJar : add spi
2025-12-02 16:38:03,925 [INFO] IPUIPlugin:80 - create IPUIPlugin
2025-12-02 16:38:03,925 [INFO] PluginManager:220 - loadIPPluginJar : add gfxmmu
2025-12-02 16:38:03,927 [INFO] IPUIPlugin:80 - create IPUIPlugin
2025-12-02 16:38:03,927 [INFO] PluginManager:220 - loadIPPluginJar : add genericplugin
2025-12-02 16:38:03,928 [INFO] IPUIPlugin:80 - create IPUIPlugin
2025-12-02 16:38:03,928 [INFO] PluginManager:220 - loadIPPluginJar : add cryp
2025-12-02 16:38:03,930 [INFO] IPUIPlugin:80 - create IPUIPlugin
2025-12-02 16:38:03,930 [INFO] PluginManager:220 - loadIPPluginJar : add gpio
2025-12-02 16:38:03,932 [INFO] IPUIPlugin:80 - create IPUIPlugin
2025-12-02 16:38:03,932 [INFO] PluginManager:220 - loadIPPluginJar : add ddr_ctrl_phy
2025-12-02 16:38:03,934 [INFO] IPUIPlugin:80 - create IPUIPlugin
2025-12-02 16:38:03,934 [INFO] PluginManager:220 - loadIPPluginJar : add comp
2025-12-02 16:38:03,935 [INFO] IPUIPlugin:80 - create IPUIPlugin
2025-12-02 16:38:03,936 [INFO] PluginManager:220 - loadIPPluginJar : add tracer_emb
2025-12-02 16:38:03,937 [INFO] IPUIPlugin:80 - create IPUIPlugin
2025-12-02 16:38:03,937 [INFO] PluginManager:220 - loadIPPluginJar : add openamp
2025-12-02 16:38:03,941 [INFO] IPUIPlugin:80 - create IPUIPlugin
2025-12-02 16:38:03,941 [INFO] PluginManager:220 - loadIPPluginJar : add stm32_wpan
2025-12-02 16:38:03,943 [INFO] IPUIPlugin:80 - create IPUIPlugin
2025-12-02 16:38:03,946 [INFO] PluginManager:220 - loadIPPluginJar : add plateformsettings
2025-12-02 16:38:03,948 [INFO] IPUIPlugin:80 - create IPUIPlugin
2025-12-02 16:38:03,948 [INFO] PluginManager:220 - loadIPPluginJar : add ipddr
2025-12-02 16:38:03,949 [INFO] IPUIPlugin:80 - create IPUIPlugin
2025-12-02 16:38:03,949 [INFO] PluginManager:220 - loadIPPluginJar : add usart
2025-12-02 16:38:03,949 [INFO] IPUIPlugin:80 - create IPUIPlugin
2025-12-02 16:38:03,950 [INFO] PluginManager:220 - loadIPPluginJar : add ltdc
2025-12-02 16:38:03,951 [INFO] IPUIPlugin:80 - create IPUIPlugin
2025-12-02 16:38:03,951 [INFO] PluginManager:220 - loadIPPluginJar : add nvic
2025-12-02 16:38:03,952 [INFO] IPUIPlugin:80 - create IPUIPlugin
2025-12-02 16:38:03,952 [INFO] PluginManager:220 - loadIPPluginJar : add fatfs
2025-12-02 16:38:03,957 [INFO] IPUIPlugin:80 - create IPUIPlugin
2025-12-02 16:38:03,957 [INFO] PluginManager:220 - loadIPPluginJar : add linkedlist
2025-12-02 16:38:03,959 [INFO] IPUIPlugin:80 - create IPUIPlugin
2025-12-02 16:38:03,960 [INFO] PluginManager:220 - loadIPPluginJar : add dma
2025-12-02 16:38:03,962 [INFO] IPUIPlugin:80 - create IPUIPlugin
2025-12-02 16:38:03,962 [INFO] PluginManager:220 - loadIPPluginJar : add fmc
2025-12-02 16:38:03,963 [INFO] IPUIPlugin:80 - create IPUIPlugin
2025-12-02 16:38:03,963 [INFO] PluginManager:220 - loadIPPluginJar : add i2s
2025-12-02 16:38:03,963 [INFO] IPUIPlugin:80 - create IPUIPlugin
2025-12-02 16:38:03,963 [INFO] PluginManager:220 - loadIPPluginJar : add ucpd
2025-12-02 16:38:03,964 [INFO] IPUIPlugin:80 - create IPUIPlugin
2025-12-02 16:38:03,964 [INFO] PluginManager:220 - loadIPPluginJar : add lorawan
2025-12-02 16:38:03,966 [INFO] IPUIPlugin:80 - create IPUIPlugin
2025-12-02 16:38:03,966 [INFO] PluginManager:220 - loadIPPluginJar : add opamp
2025-12-02 16:38:03,967 [INFO] IPUIPlugin:80 - create IPUIPlugin
2025-12-02 16:38:03,967 [INFO] PluginManager:220 - loadIPPluginJar : add i3c
2025-12-02 16:38:03,969 [INFO] IPUIPlugin:80 - create IPUIPlugin
2025-12-02 16:38:03,972 [INFO] PluginManager:220 - loadIPPluginJar : add touchsensing
2025-12-02 16:38:03,973 [INFO] IPUIPlugin:80 - create IPUIPlugin
2025-12-02 16:38:03,973 [INFO] PluginManager:220 - loadIPPluginJar : add i2c
2025-12-02 16:38:03,975 [INFO] IPUIPlugin:80 - create IPUIPlugin
2025-12-02 16:38:03,975 [INFO] PluginManager:220 - loadIPPluginJar : add resmgrutility
2025-12-02 16:38:03,976 [INFO] IPUIPlugin:80 - create IPUIPlugin
2025-12-02 16:38:03,976 [INFO] PluginManager:220 - loadIPPluginJar : add sai
2025-12-02 16:38:03,978 [INFO] IPUIPlugin:80 - create IPUIPlugin
2025-12-02 16:38:03,978 [INFO] PluginManager:220 - loadIPPluginJar : add usbx
2025-12-02 16:38:04,094 [FATAL] Updater:351 - Updater called before beeing initialized
2025-12-02 16:38:04,129 [INFO] RulesReader:64 - Compatibility file has been processed (317 Rules)
2025-12-02 16:38:04,138 [INFO] RulesReader:64 - Compatibility file has been processed (317 Rules)
2025-12-02 16:38:04,147 [INFO] CADModel:165 - CPN selected for project level
2025-12-02 16:38:04,147 [INFO] CADModel:114 - Register for checkConnection events
2025-12-02 16:38:04,147 [FATAL] Updater:351 - Updater called before beeing initialized
2025-12-02 16:38:04,147 [ERROR] CADModel:125 - Updater not yet initialized, retry later 
2025-12-02 16:38:04,330 [FATAL] Updater:351 - Updater called before beeing initialized
2025-12-02 16:38:04,331 [INFO] CADModel:165 - CPN selected for project level
2025-12-02 16:38:04,331 [INFO] CADModel:114 - Register for checkConnection events
2025-12-02 16:38:04,332 [FATAL] Updater:351 - Updater called before beeing initialized
2025-12-02 16:38:04,332 [ERROR] CADModel:125 - Updater not yet initialized, retry later 
2025-12-02 16:38:04,334 [FATAL] Updater:351 - Updater called before beeing initialized
2025-12-02 16:38:04,468 [FATAL] Updater:351 - Updater called before beeing initialized
2025-12-02 16:38:04,472 [INFO] DbMcusAds:53 - JSON generation date=Mon Nov 10 04:43:01 CST 2025 (1762771381223)
2025-12-02 16:38:04,472 [FATAL] Updater:351 - Updater called before beeing initialized
2025-12-02 16:38:04,524 [WARN] DetailPanel:346 - Failed to get advertising image, set to default
2025-12-02 16:38:04,578 [FATAL] Updater:351 - Updater called before beeing initialized
2025-12-02 16:38:04,581 [FATAL] Updater:351 - Updater called before beeing initialized
2025-12-02 16:38:04,581 [FATAL] Updater:351 - Updater called before beeing initialized
2025-12-02 16:38:04,582 [WARN] DetailPanel:346 - Failed to get advertising image, set to default
2025-12-02 16:38:04,584 [FATAL] Updater:351 - Updater called before beeing initialized
2025-12-02 16:38:04,629 [ERROR] Updater:1198 - MainUpdater not yet initialized. External WinMGr cannot be set.
2025-12-02 16:38:04,666 [INFO] Updater:1134 - Updater Version found : 6.15.0
2025-12-02 16:38:04,678 [INFO] ApplicationProperties:184 - Using Application install path: /Applications/STM32CubeIDE.app/Contents/Eclipse/plugins/com.st.stm32cube.common.mx_6.15.0.202507011659
2025-12-02 16:38:04,994 [INFO] MainUpdater:2872 - connection check result : 10
2025-12-02 16:38:04,994 [INFO] MainUpdater:3604 - Updater definition file requires update
2025-12-02 16:38:04,995 [INFO] MainUpdater:289 - Updater Check For Update Now.
2025-12-02 16:38:04,995 [INFO] MicroXplorer:498 - Change Database Version : DB.6.0.150
2025-12-02 16:38:05,005 [INFO] McuFinderGlobals:63 - Set McuFinder mode to 2 (CubeIDE integrated)
2025-12-02 16:38:05,005 [INFO] UserAuth:171 - activating auth plugin
2025-12-02 16:38:05,011 [INFO] UserAuth:487 - Internet connection configuration mode: 1
2025-12-02 16:38:05,025 [INFO] JxBrowserEngine:152 - Initiate JxBrowser Engine with user profile folder
2025-12-02 16:38:05,049 [INFO] ServerAccessManage:452 - Complete download http(s) 200
2025-12-02 16:38:05,051 [INFO] ServerAccessManage:509 - Download File updaters.zip
2025-12-02 16:38:05,227 [INFO] FileExtend:248 - Unzip File : updaters.zip
2025-12-02 16:38:05,227 [INFO] FileExtend:263 - Standard Zip Deflate
2025-12-02 16:38:05,473 [INFO] ServerAccessManage:452 - Complete download http(s) 200
2025-12-02 16:38:05,474 [INFO] ServerAccessManage:509 - Download File PacksControlFlags.xml
2025-12-02 16:38:05,576 [INFO] ServerAccessManage:452 - Complete download http(s) 200
2025-12-02 16:38:05,576 [INFO] ServerAccessManage:509 - Download File cubemx.pidx
2025-12-02 16:38:05,705 [INFO] LoadServerUpdatesThread:375 - End of LoadServerUpdate Thread
2025-12-02 16:38:05,868 [INFO] CheckServerUpdateThread:120 - End of CheckServer Thread
2025-12-02 16:38:06,574 [WARN] PackLoader:240 - Cannot read IP mode file for STMicroelectronics.FP-SNS-MOTENVWB1.1.4.0
2025-12-02 16:38:06,588 [WARN] PackLoader:240 - Cannot read IP mode file for STMicroelectronics.FP-ATR-ASTRA1.2.0.2
2025-12-02 16:38:06,606 [WARN] PackLoader:240 - Cannot read IP mode file for STMicroelectronics.X-CUBE-SMBUS.2.1.0
2025-12-02 16:38:06,642 [WARN] PackLoader:240 - Cannot read IP mode file for STMicroelectronics.X-CUBE-AZRTOS-F7.1.1.0
2025-12-02 16:38:06,661 [WARN] PackLoader:240 - Cannot read IP mode file for Cesanta.I-CUBE-Mongoose.7.19.0
2025-12-02 16:38:06,666 [WARN] PackLoader:240 - Cannot read IP mode file for STMicroelectronics.FP-SNS-MOTENV1.5.1.0
2025-12-02 16:38:06,686 [WARN] PackLoader:240 - Cannot read IP mode file for WES.I-CUBE-Cesium.1.4.0
2025-12-02 16:38:06,736 [WARN] PackLoader:240 - Cannot read IP mode file for Infineon.AIROC-Wi-Fi-Bluetooth-STM32.1.7.1
2025-12-02 16:38:06,809 [WARN] PackLoader:240 - Cannot read IP mode file for STMicroelectronics.X-CUBE-AZRTOS-H7.3.4.0
2025-12-02 16:38:06,834 [WARN] PackLoader:240 - Cannot read IP mode file for STMicroelectronics.X-CUBE-DISPLAY.3.0.0
2025-12-02 16:38:06,871 [WARN] PackLoader:240 - Cannot read IP mode file for STMicroelectronics.X-CUBE-NFC10.1.0.0
2025-12-02 16:38:06,886 [WARN] PackLoader:240 - Cannot read IP mode file for STMicroelectronics.X-CUBE-ST60.1.1.0
2025-12-02 16:38:06,892 [WARN] PackLoader:240 - Cannot read IP mode file for emotas.I-CUBE-CANOPEN.1.3.0
2025-12-02 16:38:06,900 [WARN] PackLoader:240 - Cannot read IP mode file for STMicroelectronics.X-CUBE-GNSS1.7.1.0
2025-12-02 16:38:06,911 [WARN] PackLoader:240 - Cannot read IP mode file for STMicroelectronics.FP-SNS-STBOX1.2.1.0
2025-12-02 16:38:06,921 [WARN] PackLoader:240 - Cannot read IP mode file for STMicroelectronics.FP-SNS-SMARTAG2.1.2.0
2025-12-02 16:38:06,926 [WARN] PackLoader:240 - Cannot read IP mode file for STMicroelectronics.FP-SNS-FLIGHT1.5.1.0
2025-12-02 16:38:06,935 [INFO] LogOutputStream:77 - [STDOUT_REDIRECT] 1 : Invalid condition id : UX_CORESTACK_Condition cause : null
2025-12-02 16:38:06,936 [INFO] LogOutputStream:77 - [STDOUT_REDIRECT] 1 : Invalid condition id : UX_CORESTACK_Condition cause : null
2025-12-02 16:38:06,937 [INFO] LogOutputStream:77 - [STDOUT_REDIRECT] 1 : Invalid condition id : UX_CORESTACK_Condition cause : null
2025-12-02 16:38:06,937 [INFO] LogOutputStream:77 - [STDOUT_REDIRECT] 1 : Invalid condition id : UX_CORESTACK_Condition cause : null
2025-12-02 16:38:06,937 [INFO] LogOutputStream:77 - [STDOUT_REDIRECT] 1 : Invalid condition id : UX_CORESTACK_Condition cause : null
2025-12-02 16:38:06,943 [WARN] PackLoader:240 - Cannot read IP mode file for STMicroelectronics.X-CUBE-AZRTOS-WL.2.0.0
2025-12-02 16:38:06,949 [WARN] PackLoader:240 - Cannot read IP mode file for STMicroelectronics.FP-SNS-MOTENV1.5.0.0
2025-12-02 16:38:06,979 [WARN] PackLoader:240 - Cannot read IP mode file for STMicroelectronics.X-CUBE-AZRTOS-H7RS.1.2.0
2025-12-02 16:38:06,989 [WARN] PackLoader:240 - Cannot read IP mode file for STMicroelectronics.X-CUBE-BLE2.3.3.0
2025-12-02 16:38:07,018 [WARN] PackLoader:240 - Cannot read IP mode file for STMicroelectronics.X-CUBE-NFC9.1.0.0
2025-12-02 16:38:07,028 [WARN] PackLoader:240 - Cannot read IP mode file for wolfSSL.I-CUBE-wolfSSL.5.8.2
2025-12-02 16:38:07,036 [WARN] PackLoader:240 - Cannot read IP mode file for STMicroelectronics.X-CUBE-BLE1.7.1.0
2025-12-02 16:38:07,043 [WARN] PackLoader:240 - Cannot read IP mode file for wolfSSL.I-CUBE-wolfMQTT.1.19.2
2025-12-02 16:38:07,051 [WARN] PackLoader:240 - Cannot read IP mode file for STMicroelectronics.X-CUBE-FREERTOS.1.4.0
2025-12-02 16:38:07,061 [WARN] PackLoader:240 - Cannot read IP mode file for STMicroelectronics.X-CUBE-EEPRMA1.5.2.0
2025-12-02 16:38:07,072 [WARN] PackLoader:240 - Cannot read IP mode file for STMicroelectronics.X-CUBE-ST67W61.1.1.0
2025-12-02 16:38:07,142 [WARN] PackLoader:240 - Cannot read IP mode file for STMicroelectronics.X-CUBE-MEMS1.12.0.0
2025-12-02 16:38:07,238 [WARN] PackLoader:240 - Cannot read IP mode file for STMicroelectronics.X-CUBE-AZRTOS-G0.1.1.0
2025-12-02 16:38:07,246 [WARN] PackLoader:240 - Cannot read IP mode file for STMicroelectronics.X-CUBE-SAFEA1.1.2.2
2025-12-02 16:38:07,251 [WARN] PackLoader:240 - Cannot read IP mode file for STMicroelectronics.X-CUBE-NFC4.3.0.0
2025-12-02 16:38:07,263 [WARN] PackLoader:240 - Cannot read IP mode file for EmbeddedOffice.I-CUBE-FS-RTOS.1.0.1
2025-12-02 16:38:07,271 [WARN] PackLoader:240 - Cannot read IP mode file for STMicroelectronics.X-CUBE-WB05N.2.0.0
2025-12-02 16:38:07,278 [WARN] PackLoader:240 - Cannot read IP mode file for wolfSSL.I-CUBE-wolfTPM.3.8.0
2025-12-02 16:38:07,285 [WARN] PackLoader:240 - Cannot read IP mode file for STMicroelectronics.X-CUBE-TCPP.4.2.0
2025-12-02 16:38:07,289 [WARN] PackLoader:240 - Cannot read IP mode file for RealThread.X-CUBE-RT-Thread_Nano.4.1.1
2025-12-02 16:38:07,292 [WARN] PackLoader:240 - Cannot read IP mode file for STMicroelectronics.FP-ATR-SIGFOX1.3.2.0
2025-12-02 16:38:07,300 [WARN] PackLoader:240 - Cannot read IP mode file for ITTIA_DB.I-CUBE-ITTIADB.8.9.0
2025-12-02 16:38:07,304 [WARN] PackLoader:240 - Cannot read IP mode file for STMicroelectronics.X-CUBE-AI.10.2.0
2025-12-02 16:38:07,340 [WARN] PackLoader:240 - Cannot read IP mode file for SEGGER.I-CUBE-embOS.1.3.1
2025-12-02 16:38:07,373 [WARN] PackLoader:240 - Cannot read IP mode file for STMicroelectronics.X-CUBE-ALGOBUILD.1.4.0
2025-12-02 16:38:07,439 [WARN] PackLoader:240 - Cannot read IP mode file for STMicroelectronics.X-CUBE-MEMS1.11.3.0
2025-12-02 16:38:07,518 [WARN] PackLoader:240 - Cannot read IP mode file for STMicroelectronics.X-CUBE-PM33A1.1.0.0
2025-12-02 16:38:07,536 [WARN] PackLoader:240 - Cannot read IP mode file for STMicroelectronics.X-CUBE-AZRTOS-F4.1.1.0
2025-12-02 16:38:07,546 [WARN] PackLoader:240 - Cannot read IP mode file for STMicroelectronics.X-CUBE-ISPU.2.1.0
2025-12-02 16:38:07,557 [WARN] PackLoader:240 - Cannot read IP mode file for STMicroelectronics.X-CUBE-IPS.3.2.0
2025-12-02 16:38:07,569 [WARN] PackLoader:240 - Cannot read IP mode file for STMicroelectronics.X-CUBE-NFC12.1.0.0
2025-12-02 16:38:07,589 [WARN] PackLoader:240 - Cannot read IP mode file for STMicroelectronics.X-CUBE-AZRTOS-L5.2.0.0
2025-12-02 16:38:07,604 [WARN] PackLoader:240 - Cannot read IP mode file for STMicroelectronics.X-CUBE-NFC6.3.1.0
2025-12-02 16:38:07,613 [WARN] PackLoader:240 - Cannot read IP mode file for STMicroelectronics.X-CUBE-FREERTOS.1.3.1
2025-12-02 16:38:07,615 [WARN] PackLoader:240 - Cannot read IP mode file for STMicroelectronics.X-CUBE-TOUCHGFX.4.26.0
2025-12-02 16:38:07,618 [WARN] PackLoader:240 - Cannot read IP mode file for STMicroelectronics.FP-SNS-STAIOTCFT.1.0.0
2025-12-02 16:38:07,625 [WARN] PackLoader:240 - Cannot read IP mode file for STMicroelectronics.X-CUBE-DPower.1.3.0
2025-12-02 16:38:07,645 [WARN] ConditionMgr:438 - getConditionDescription Invalid condition id : LAN8742 Phy interface Condition cause : null
2025-12-02 16:38:07,646 [WARN] PackLoader:240 - Cannot read IP mode file for STMicroelectronics.X-CUBE-AZRTOS-L4.2.0.0
2025-12-02 16:38:07,649 [WARN] ConditionMgr:1044 - genDependencies : Invalid condition id : LAN8742 Phy interface Condition cause : null
2025-12-02 16:38:07,650 [WARN] ConditionMgr:1044 - genDependencies : Invalid condition id : LAN8742 Phy interface Condition cause : null
2025-12-02 16:38:07,651 [WARN] ConditionMgr:1044 - genDependencies : Invalid condition id : LAN8742 Phy interface Condition cause : null
2025-12-02 16:38:07,664 [WARN] PackLoader:240 - Cannot read IP mode file for STMicroelectronics.X-CUBE-SFXS2LP1.4.0.0
2025-12-02 16:38:07,681 [WARN] PackLoader:240 - Cannot read IP mode file for STMicroelectronics.X-CUBE-BLEMGR.4.1.0
2025-12-02 16:38:07,712 [WARN] ConditionMgr:438 - getConditionDescription Invalid condition id : UX DEVICE CLASS RTOS Condition cause : null
2025-12-02 16:38:07,713 [WARN] ConditionMgr:438 - getConditionDescription Invalid condition id : UX DEVICE CLASS RTOS Condition cause : null
2025-12-02 16:38:07,716 [WARN] PackLoader:240 - Cannot read IP mode file for STMicroelectronics.X-CUBE-AZRTOS-WB.2.0.0
2025-12-02 16:38:07,717 [WARN] ConditionMgr:1044 - genDependencies : Invalid condition id : UX DEVICE CLASS RTOS Condition cause : null
2025-12-02 16:38:07,717 [WARN] ConditionMgr:1044 - genDependencies : Invalid condition id : UX DEVICE CLASS RTOS Condition cause : null
2025-12-02 16:38:07,718 [WARN] ConditionMgr:1044 - genDependencies : Invalid condition id : UX DEVICE CLASS RTOS Condition cause : null
2025-12-02 16:38:07,718 [WARN] ConditionMgr:1044 - genDependencies : Invalid condition id : UX DEVICE CLASS RTOS Condition cause : null
2025-12-02 16:38:07,718 [WARN] ConditionMgr:1044 - genDependencies : Invalid condition id : UX DEVICE CLASS RTOS Condition cause : null
2025-12-02 16:38:07,725 [WARN] PackLoader:240 - Cannot read IP mode file for STMicroelectronics.X-CUBE-GNSS1.7.0.1
2025-12-02 16:38:07,729 [WARN] ConditionMgr:438 - getConditionDescription Invalid condition id : Cortex-A Device cause : null
2025-12-02 16:38:07,737 [WARN] ConditionMgr:1044 - genDependencies : Invalid condition id : Cortex-A Device cause : null
2025-12-02 16:38:07,738 [WARN] ConditionMgr:1044 - genDependencies : Invalid condition id : Cortex-A Device cause : null
2025-12-02 16:38:07,738 [WARN] ConditionMgr:1044 - genDependencies : Invalid condition id : Cortex-A Device cause : null
2025-12-02 16:38:07,747 [WARN] PackLoader:240 - Cannot read IP mode file for STMicroelectronics.X-CUBE-SUBG2.5.0.0
2025-12-02 16:38:07,768 [WARN] PackLoader:240 - Cannot read IP mode file for STMicroelectronics.X-CUBE-AZRTOS-H7RS.1.1.0
2025-12-02 16:38:07,784 [WARN] PackLoader:240 - Cannot read IP mode file for STMicroelectronics.X-CUBE-AZRTOS-G4.2.0.0
2025-12-02 16:38:07,789 [WARN] PackLoader:240 - Cannot read IP mode file for wolfSSL.I-CUBE-wolfSSH.1.4.20
2025-12-02 16:38:07,792 [WARN] PackLoader:240 - Cannot read IP mode file for STMicroelectronics.X-CUBE-NFC7.2.0.0
2025-12-02 16:38:07,795 [WARN] PackLoader:240 - Cannot read IP mode file for STMicroelectronics.X-CUBE-ALS.1.0.2
2025-12-02 16:38:07,800 [WARN] PackLoader:240 - Cannot read IP mode file for STMicroelectronics.X-CUBE-STSE01.1.0.0
2025-12-02 16:38:07,811 [WARN] PackLoader:240 - Cannot read IP mode file for STMicroelectronics.X-CUBE-TOF1.3.4.3
2025-12-02 16:38:07,818 [INFO] ThirdParty:978 - Integrity check success = true
2025-12-02 16:38:07,818 [INFO] IntegrityCheckThread:100 - exiting critical section [integrity check]
2025-12-02 16:38:07,818 [INFO] IntegrityCheckThread:103 - End integrity checks thread
2025-12-02 16:38:09,659 [INFO] WebApp:169 - Instantiating new browser for Auth
2025-12-02 16:38:11,016 [INFO] WebApp:463 - Apply proxy settings
2025-12-02 16:38:11,021 [INFO] WebApp:508 - Chromium authenticates against Manually configured proxy
2025-12-02 16:38:11,037 [INFO] WebApp:516 - Username used for proxy authentication: 
2025-12-02 16:38:11,077 [INFO] WebApp:900 - Register for checkConnection events
2025-12-02 16:38:11,077 [INFO] WebApp:463 - Apply proxy settings
2025-12-02 16:38:11,079 [INFO] WebApp:508 - Chromium authenticates against Manually configured proxy
2025-12-02 16:38:11,079 [INFO] WebApp:516 - Username used for proxy authentication: 
2025-12-02 16:38:11,203 [INFO] WebApp:225 - Starting web application
2025-12-02 16:38:11,204 [INFO] WebApp:593 - Web application path used /Applications/STM32CubeIDE.app/Contents/Eclipse/plugins/com.st.stm32cube.common.mx_6.15.0.202507011659/db/plugins/mcufinder/reactClient1/index.html
2025-12-02 16:38:11,750 [INFO] WebApp:191 - Connection restablished
2025-12-02 17:04:30,537 [ERROR] ConfigurationRetriever:142 - IOException on connection: Read timed out
2025-12-02 17:04:32,586 [ERROR] ConfigurationRetriever:142 - IOException on connection: Read timed out
2025-12-02 17:04:34,631 [ERROR] ConfigurationRetriever:142 - IOException on connection: Read timed out
2025-12-02 17:04:36,691 [ERROR] ConfigurationRetriever:142 - IOException on connection: Read timed out
2025-12-02 17:04:38,735 [ERROR] ConfigurationRetriever:142 - IOException on connection: Read timed out
2025-12-02 17:04:40,779 [ERROR] ConfigurationRetriever:142 - IOException on connection: Read timed out
2025-12-02 17:40:34,987 [INFO] WebApp:194 - Connection lost
2025-12-02 17:40:36,935 [INFO] WebApp:191 - Connection restablished
2025-12-02 17:41:16,129 [INFO] WebApp:194 - Connection lost
2025-12-02 17:41:21,036 [INFO] WebApp:191 - Connection restablished
2025-12-02 17:41:56,273 [INFO] WebApp:194 - Connection lost
2025-12-02 17:42:02,354 [INFO] WebApp:191 - Connection restablished
2025-12-02 17:43:27,134 [INFO] WebApp:194 - Connection lost
2025-12-02 17:43:32,570 [INFO] WebApp:191 - Connection restablished
2025-12-02 18:00:46,291 [INFO] WebApp:194 - Connection lost
2025-12-02 18:00:51,623 [INFO] WebApp:191 - Connection restablished
2025-12-02 18:01:21,608 [INFO] WebApp:194 - Connection lost
2025-12-02 18:01:27,026 [INFO] WebApp:191 - Connection restablished
2025-12-02 18:41:33,427 [ERROR] LogOutputStream:75 - [STDERR_REDIRECT] 
