2026-01-15 20:30:46,336 [INFO] Activator:176 - 


2026-01-15 20:30:46,340 [INFO] Activator:177 - !SESSION log4j initialized
2026-01-15 20:30:48,217 [INFO] LogOutputStream:77 - [STDOUT_REDIRECT] 
2026-01-15 20:30:48,520 [ERROR] LogOutputStream:75 - [STDERR_REDIRECT] 
2026-01-15 20:30:50,472 [INFO] LogOutputStream:77 - [STDOUT_REDIRECT] 
2026-01-15 20:30:52,547 [INFO] ApplicationProperties:184 - Using Application install path: /Applications/STM32CubeIDE.app/Contents/Eclipse/plugins/com.st.stm32cube.common.mx_6.15.0.202507011659
2026-01-15 20:30:52,560 [INFO] DbMcusXml:78 - Set database path to: /Applications/STM32CubeIDE.app/Contents/Eclipse/plugins/com.st.stm32cube.common.mx_6.15.0.202507011659//db//mcu/
2026-01-15 20:30:52,561 [INFO] ApiDb:274 - Set plugin database path to: /Applications/STM32CubeIDE.app/Contents/Eclipse/plugins/com.st.stm32cube.common.mx_6.15.0.202507011659//db//plugins/boardmanager/
2026-01-15 20:30:52,561 [WARN] ApiDb:259 - Overriding images path with different value:  => /Applications/STM32CubeIDE.app/Contents/Eclipse/plugins/com.st.stm32cube.common.mx_6.15.0.202507011659//db//plugins/mcufinder/images/
2026-01-15 20:30:52,578 [INFO] ApiDb:250 - Set database path to: /Users/rawandbk/.stmcufinder/plugins/mcufinder//mcu/
2026-01-15 20:30:52,580 [INFO] DbMcusAds:125 - Set database path to: /Users/rawandbk/.stmcufinder/plugins/mcufinder//mcu/
2026-01-15 20:30:52,581 [INFO] CrossReferenceDbSqlite:203 - Set database path to: /Users/rawandbk/.stmcufinder/plugins/mcufinder//mcu/cs/
2026-01-15 20:30:52,740 [INFO] RulesReader:64 - Compatibility file has been processed (317 Rules)
2026-01-15 20:30:52,788 [INFO] DbMcusXml:78 - Set database path to: /Applications/STM32CubeIDE.app/Contents/Eclipse/plugins/com.st.stm32cube.common.mx_6.15.0.202507011659//db//mcu/
2026-01-15 20:30:52,788 [INFO] ApiDb:274 - Set plugin database path to: /Applications/STM32CubeIDE.app/Contents/Eclipse/plugins/com.st.stm32cube.common.mx_6.15.0.202507011659//db//plugins/boardmanager/
2026-01-15 20:30:52,788 [INFO] ApiDb:261 - Set plugin images path to: /Applications/STM32CubeIDE.app/Contents/Eclipse/plugins/com.st.stm32cube.common.mx_6.15.0.202507011659//db//plugins/mcufinder/images/
2026-01-15 20:30:52,788 [WARN] DbFile:41 - Overriding database path with different value: /Users/rawandbk/.stmcufinder/plugins/mcufinder/ => /Users/rawandbk/.stmcufinder/plugins/mcufinder
2026-01-15 20:30:52,788 [INFO] ApiDb:250 - Set database path to: /Users/rawandbk/.stmcufinder/plugins/mcufinder//mcu/
2026-01-15 20:30:52,788 [WARN] DbFile:41 - Overriding database path with different value: /Users/rawandbk/.stmcufinder/plugins/mcufinder/ => /Users/rawandbk/.stmcufinder/plugins/mcufinder
2026-01-15 20:30:52,789 [INFO] DbMcusAds:125 - Set database path to: /Users/rawandbk/.stmcufinder/plugins/mcufinder//mcu/
2026-01-15 20:30:52,789 [WARN] DbFile:41 - Overriding database path with different value: /Users/rawandbk/.stmcufinder/plugins/mcufinder/ => /Users/rawandbk/.stmcufinder/plugins/mcufinder
2026-01-15 20:30:52,789 [WARN] DbFile:41 - Overriding database path with different value: /Users/rawandbk/.stmcufinder/plugins/mcufinder/ => /Users/rawandbk/.stmcufinder/plugins/mcufinder
2026-01-15 20:30:52,789 [INFO] CrossReferenceDbSqlite:203 - Set database path to: /Users/rawandbk/.stmcufinder/plugins/mcufinder//mcu/cs/
2026-01-15 20:30:52,863 [INFO] MainPanel:274 - HeapMemory: 268435456
2026-01-15 20:30:53,264 [INFO] DbMcusXml:78 - Set database path to: /Applications/STM32CubeIDE.app/Contents/Eclipse/plugins/com.st.stm32cube.common.mx_6.15.0.202507011659//db//mcu/
2026-01-15 20:30:53,264 [INFO] ApiDb:274 - Set plugin database path to: /Applications/STM32CubeIDE.app/Contents/Eclipse/plugins/com.st.stm32cube.common.mx_6.15.0.202507011659//db//plugins/boardmanager/
2026-01-15 20:30:53,265 [INFO] ApiDb:261 - Set plugin images path to: /Applications/STM32CubeIDE.app/Contents/Eclipse/plugins/com.st.stm32cube.common.mx_6.15.0.202507011659//db//plugins/mcufinder/images/
2026-01-15 20:30:53,265 [WARN] DbFile:41 - Overriding database path with different value: /Users/rawandbk/.stmcufinder/plugins/mcufinder/ => /Users/rawandbk/.stmcufinder/plugins/mcufinder
2026-01-15 20:30:53,265 [INFO] ApiDb:250 - Set database path to: /Users/rawandbk/.stmcufinder/plugins/mcufinder//mcu/
2026-01-15 20:30:53,265 [WARN] DbFile:41 - Overriding database path with different value: /Users/rawandbk/.stmcufinder/plugins/mcufinder/ => /Users/rawandbk/.stmcufinder/plugins/mcufinder
2026-01-15 20:30:53,265 [INFO] DbMcusAds:125 - Set database path to: /Users/rawandbk/.stmcufinder/plugins/mcufinder//mcu/
2026-01-15 20:30:53,265 [WARN] DbFile:41 - Overriding database path with different value: /Users/rawandbk/.stmcufinder/plugins/mcufinder/ => /Users/rawandbk/.stmcufinder/plugins/mcufinder
2026-01-15 20:30:53,265 [WARN] DbFile:41 - Overriding database path with different value: /Users/rawandbk/.stmcufinder/plugins/mcufinder/ => /Users/rawandbk/.stmcufinder/plugins/mcufinder
2026-01-15 20:30:53,265 [INFO] CrossReferenceDbSqlite:203 - Set database path to: /Users/rawandbk/.stmcufinder/plugins/mcufinder//mcu/cs/
2026-01-15 20:30:53,281 [INFO] ApplicationProperties:184 - Using Application install path: /Applications/STM32CubeIDE.app/Contents/Eclipse/plugins/com.st.stm32cube.common.mx_6.15.0.202507011659
2026-01-15 20:30:53,283 [INFO] PluginManage:196 - Search for loadable plugins [exclusion list=, ]
2026-01-15 20:30:53,285 [INFO] PluginManage:310 - Check plugin analytics
2026-01-15 20:30:53,525 [INFO] AnalyticsPlugin:253 - Accepted Software Licenses: 
2026-01-15 20:30:53,525 [INFO] AnalyticsPlugin:255 - Accepted CMSIS Pack Licenses: 
2026-01-15 20:30:53,525 [INFO] AnalyticsPlugin:257 - Accepted Firmware Licenses: FW.F4.1.28.0
2026-01-15 20:30:53,535 [INFO] PluginManage:359 - Loaded plugin analytics (category:tool,tabindex:-1)
2026-01-15 20:30:53,536 [INFO] PluginManage:310 - Check plugin cadmodel
2026-01-15 20:30:53,561 [INFO] CADModel:105 - Init CAD model plugin
2026-01-15 20:30:53,562 [INFO] PluginManage:359 - Loaded plugin cadmodel (category:power,tabindex:5)
2026-01-15 20:30:53,562 [INFO] PluginManage:310 - Check plugin clock
2026-01-15 20:30:53,570 [INFO] PluginManage:359 - Loaded plugin clock (category:base,tabindex:2)
2026-01-15 20:30:53,570 [INFO] PluginManage:310 - Check plugin ddr
2026-01-15 20:30:53,572 [INFO] PluginManage:359 - Loaded plugin ddr (category:tool,tabindex:6)
2026-01-15 20:30:53,573 [INFO] PluginManage:310 - Check plugin filemanager
2026-01-15 20:30:53,760 [INFO] PluginManage:359 - Loaded plugin filemanager (category:base,tabindex:10)
2026-01-15 20:30:53,760 [INFO] PluginManage:310 - Check plugin ipmanager
2026-01-15 20:30:53,769 [INFO] PluginManage:359 - Loaded plugin ipmanager (category:base,tabindex:5)
2026-01-15 20:30:53,770 [INFO] PluginManage:310 - Check plugin lpbam
2026-01-15 20:30:53,782 [INFO] PluginManage:359 - Loaded plugin lpbam (category:base,tabindex:0)
2026-01-15 20:30:53,783 [INFO] PluginManage:310 - Check plugin memorymap
2026-01-15 20:30:53,793 [INFO] PluginManage:359 - Loaded plugin memorymap (category:base,tabindex:4)
2026-01-15 20:30:53,794 [INFO] PluginManage:310 - Check plugin pinoutandconfiguration
2026-01-15 20:30:53,800 [INFO] PluginManage:359 - Loaded plugin pinoutandconfiguration (category:base,tabindex:1)
2026-01-15 20:30:53,800 [INFO] PluginManage:310 - Check plugin pinoutconfig
2026-01-15 20:30:53,885 [WARN] SupportedApi:132 - Cannot load RTOS API schema: s4s-elt-must-match.1: The content of 'definitions' must match (annotation?, (simpleType | complexType)?, (unique | key | keyref)*)). A problem was found starting at: attribute.
2026-01-15 20:30:54,452 [INFO] PluginManage:359 - Loaded plugin pinoutconfig (category:base,tabindex:0)
2026-01-15 20:30:54,455 [INFO] PluginManage:310 - Check plugin power
2026-01-15 20:30:54,502 [INFO] PluginManage:359 - Loaded plugin power (category:power,tabindex:4)
2026-01-15 20:30:54,504 [INFO] PluginManage:310 - Check plugin projectmanager
2026-01-15 20:30:54,561 [INFO] PluginManage:359 - Loaded plugin projectmanager (category:projectmanager,tabindex:4)
2026-01-15 20:30:54,562 [INFO] PluginManage:310 - Check plugin rif
2026-01-15 20:30:54,570 [INFO] PluginManage:359 - Loaded plugin rif (category:base,tabindex:3)
2026-01-15 20:30:54,571 [INFO] PluginManage:310 - Check plugin thirdparty
2026-01-15 20:30:54,825 [INFO] PluginManage:359 - Loaded plugin thirdparty (category:base,tabindex:-1)
2026-01-15 20:30:54,829 [INFO] PluginManage:310 - Check plugin tools
2026-01-15 20:30:54,825 [WARN] IntegrityCheckThread:84 - waiting for thirdparty lock release [integrity check]
2026-01-15 20:30:54,864 [INFO] IntegrityCheckThread:86 - entering critical section [integrity check]
2026-01-15 20:30:54,867 [INFO] PluginManage:359 - Loaded plugin tools (category:base,tabindex:7)
2026-01-15 20:30:54,871 [INFO] ThirdPartyUpdaterWithRetryManager:70 - Updater plugin not ready yet. [1/15]
2026-01-15 20:30:54,870 [INFO] PluginManage:310 - Check plugin tutovideos
2026-01-15 20:30:55,329 [INFO] PluginManage:359 - Loaded plugin tutovideos (category:base,tabindex:-1)
2026-01-15 20:30:55,329 [INFO] PluginManage:310 - Check plugin updater
2026-01-15 20:30:55,379 [INFO] PluginManage:359 - Loaded plugin updater (category:base,tabindex:12)
2026-01-15 20:30:55,379 [INFO] PluginManage:310 - Check plugin userauth
2026-01-15 20:30:55,383 [INFO] UserAuth:118 - Init User Auth plugin
2026-01-15 20:30:55,384 [INFO] PluginManage:359 - Loaded plugin userauth (category:base,tabindex:14)
2026-01-15 20:30:55,384 [INFO] PluginManage:283 - PluginManage : Loaded plugins [18]
2026-01-15 20:30:55,731 [INFO] PinOutPanel:1589 - setPackage(No Configuration,No Configuration)
2026-01-15 20:30:55,809 [INFO] CADModel:165 - CPN selected for project level
2026-01-15 20:30:55,809 [INFO] CADModel:114 - Register for checkConnection events
2026-01-15 20:30:55,821 [INFO] IPUIPlugin:80 - create IPUIPlugin
2026-01-15 20:30:55,821 [INFO] PluginManager:220 - loadIPPluginJar : add mdma
2026-01-15 20:30:55,833 [INFO] IPUIPlugin:80 - create IPUIPlugin
2026-01-15 20:30:55,833 [INFO] PluginManager:220 - loadIPPluginJar : add freertos
2026-01-15 20:30:55,836 [INFO] IPUIPlugin:80 - create IPUIPlugin
2026-01-15 20:30:55,837 [INFO] PluginManager:220 - loadIPPluginJar : add gic
2026-01-15 20:30:55,885 [INFO] IPUIPlugin:80 - create IPUIPlugin
2026-01-15 20:30:55,885 [INFO] PluginManager:220 - loadIPPluginJar : add adc
2026-01-15 20:30:55,891 [INFO] IPUIPlugin:80 - create IPUIPlugin
2026-01-15 20:30:55,891 [INFO] PluginManager:220 - loadIPPluginJar : add gtzc
2026-01-15 20:30:55,892 [INFO] IPUIPlugin:80 - create IPUIPlugin
2026-01-15 20:30:55,892 [INFO] PluginManager:220 - loadIPPluginJar : add quadspi
2026-01-15 20:30:55,893 [INFO] IPUIPlugin:80 - create IPUIPlugin
2026-01-15 20:30:55,893 [INFO] PluginManager:220 - loadIPPluginJar : add aes
2026-01-15 20:30:55,895 [INFO] IPUIPlugin:80 - create IPUIPlugin
2026-01-15 20:30:55,895 [INFO] PluginManager:220 - loadIPPluginJar : add pdm2pcm
2026-01-15 20:30:55,896 [INFO] IPUIPlugin:80 - create IPUIPlugin
2026-01-15 20:30:55,896 [INFO] PluginManager:220 - loadIPPluginJar : add hash
2026-01-15 20:30:55,896 [INFO] IPUIPlugin:80 - create IPUIPlugin
2026-01-15 20:30:55,896 [INFO] PluginManager:220 - loadIPPluginJar : add tim
2026-01-15 20:30:55,897 [INFO] IPUIPlugin:80 - create IPUIPlugin
2026-01-15 20:30:55,897 [INFO] PluginManager:220 - loadIPPluginJar : add tsc
2026-01-15 20:30:55,898 [INFO] IPUIPlugin:80 - create IPUIPlugin
2026-01-15 20:30:55,898 [INFO] PluginManager:220 - loadIPPluginJar : add extmemmanager
2026-01-15 20:30:55,899 [INFO] IPUIPlugin:80 - create IPUIPlugin
2026-01-15 20:30:55,899 [INFO] PluginManager:220 - loadIPPluginJar : add ts
2026-01-15 20:30:55,900 [INFO] IPUIPlugin:80 - create IPUIPlugin
2026-01-15 20:30:55,900 [INFO] PluginManager:220 - loadIPPluginJar : add radio
2026-01-15 20:30:55,901 [INFO] IPUIPlugin:80 - create IPUIPlugin
2026-01-15 20:30:55,901 [INFO] PluginManager:220 - loadIPPluginJar : add can
2026-01-15 20:30:55,902 [INFO] IPUIPlugin:80 - create IPUIPlugin
2026-01-15 20:30:55,902 [INFO] PluginManager:220 - loadIPPluginJar : add dma3
2026-01-15 20:30:55,903 [INFO] IPUIPlugin:80 - create IPUIPlugin
2026-01-15 20:30:55,903 [INFO] PluginManager:220 - loadIPPluginJar : add dfsdm
2026-01-15 20:30:55,904 [INFO] IPUIPlugin:80 - create IPUIPlugin
2026-01-15 20:30:55,904 [INFO] PluginManager:220 - loadIPPluginJar : add spi
2026-01-15 20:30:55,905 [INFO] IPUIPlugin:80 - create IPUIPlugin
2026-01-15 20:30:55,905 [INFO] PluginManager:220 - loadIPPluginJar : add gfxmmu
2026-01-15 20:30:55,907 [INFO] IPUIPlugin:80 - create IPUIPlugin
2026-01-15 20:30:55,908 [INFO] PluginManager:220 - loadIPPluginJar : add genericplugin
2026-01-15 20:30:55,909 [INFO] IPUIPlugin:80 - create IPUIPlugin
2026-01-15 20:30:55,909 [INFO] PluginManager:220 - loadIPPluginJar : add cryp
2026-01-15 20:30:55,913 [INFO] IPUIPlugin:80 - create IPUIPlugin
2026-01-15 20:30:55,913 [INFO] PluginManager:220 - loadIPPluginJar : add gpio
2026-01-15 20:30:55,916 [INFO] IPUIPlugin:80 - create IPUIPlugin
2026-01-15 20:30:55,916 [INFO] PluginManager:220 - loadIPPluginJar : add ddr_ctrl_phy
2026-01-15 20:30:55,919 [INFO] IPUIPlugin:80 - create IPUIPlugin
2026-01-15 20:30:55,919 [INFO] PluginManager:220 - loadIPPluginJar : add comp
2026-01-15 20:30:55,921 [INFO] IPUIPlugin:80 - create IPUIPlugin
2026-01-15 20:30:55,922 [INFO] PluginManager:220 - loadIPPluginJar : add tracer_emb
2026-01-15 20:30:55,926 [INFO] IPUIPlugin:80 - create IPUIPlugin
2026-01-15 20:30:55,927 [INFO] PluginManager:220 - loadIPPluginJar : add openamp
2026-01-15 20:30:55,978 [INFO] IPUIPlugin:80 - create IPUIPlugin
2026-01-15 20:30:55,978 [INFO] PluginManager:220 - loadIPPluginJar : add stm32_wpan
2026-01-15 20:30:55,986 [INFO] IPUIPlugin:80 - create IPUIPlugin
2026-01-15 20:30:56,018 [INFO] PluginManager:220 - loadIPPluginJar : add plateformsettings
2026-01-15 20:30:56,022 [INFO] IPUIPlugin:80 - create IPUIPlugin
2026-01-15 20:30:56,022 [INFO] PluginManager:220 - loadIPPluginJar : add ipddr
2026-01-15 20:30:56,026 [INFO] IPUIPlugin:80 - create IPUIPlugin
2026-01-15 20:30:56,026 [INFO] PluginManager:220 - loadIPPluginJar : add usart
2026-01-15 20:30:56,027 [INFO] IPUIPlugin:80 - create IPUIPlugin
2026-01-15 20:30:56,027 [INFO] PluginManager:220 - loadIPPluginJar : add ltdc
2026-01-15 20:30:56,030 [INFO] IPUIPlugin:80 - create IPUIPlugin
2026-01-15 20:30:56,033 [INFO] PluginManager:220 - loadIPPluginJar : add nvic
2026-01-15 20:30:56,034 [INFO] IPUIPlugin:80 - create IPUIPlugin
2026-01-15 20:30:56,034 [INFO] PluginManager:220 - loadIPPluginJar : add fatfs
2026-01-15 20:30:56,038 [INFO] IPUIPlugin:80 - create IPUIPlugin
2026-01-15 20:30:56,038 [INFO] PluginManager:220 - loadIPPluginJar : add linkedlist
2026-01-15 20:30:56,043 [INFO] IPUIPlugin:80 - create IPUIPlugin
2026-01-15 20:30:56,044 [INFO] PluginManager:220 - loadIPPluginJar : add dma
2026-01-15 20:30:56,045 [INFO] IPUIPlugin:80 - create IPUIPlugin
2026-01-15 20:30:56,046 [INFO] PluginManager:220 - loadIPPluginJar : add fmc
2026-01-15 20:30:56,047 [INFO] IPUIPlugin:80 - create IPUIPlugin
2026-01-15 20:30:56,047 [INFO] PluginManager:220 - loadIPPluginJar : add i2s
2026-01-15 20:30:56,048 [INFO] IPUIPlugin:80 - create IPUIPlugin
2026-01-15 20:30:56,048 [INFO] PluginManager:220 - loadIPPluginJar : add ucpd
2026-01-15 20:30:56,049 [INFO] IPUIPlugin:80 - create IPUIPlugin
2026-01-15 20:30:56,049 [INFO] PluginManager:220 - loadIPPluginJar : add lorawan
2026-01-15 20:30:56,051 [INFO] IPUIPlugin:80 - create IPUIPlugin
2026-01-15 20:30:56,051 [INFO] PluginManager:220 - loadIPPluginJar : add opamp
2026-01-15 20:30:56,052 [INFO] IPUIPlugin:80 - create IPUIPlugin
2026-01-15 20:30:56,052 [INFO] PluginManager:220 - loadIPPluginJar : add i3c
2026-01-15 20:30:56,054 [INFO] IPUIPlugin:80 - create IPUIPlugin
2026-01-15 20:30:56,054 [INFO] PluginManager:220 - loadIPPluginJar : add touchsensing
2026-01-15 20:30:56,056 [INFO] IPUIPlugin:80 - create IPUIPlugin
2026-01-15 20:30:56,056 [INFO] PluginManager:220 - loadIPPluginJar : add i2c
2026-01-15 20:30:56,058 [INFO] IPUIPlugin:80 - create IPUIPlugin
2026-01-15 20:30:56,058 [INFO] PluginManager:220 - loadIPPluginJar : add resmgrutility
2026-01-15 20:30:56,059 [INFO] IPUIPlugin:80 - create IPUIPlugin
2026-01-15 20:30:56,059 [INFO] PluginManager:220 - loadIPPluginJar : add sai
2026-01-15 20:30:56,060 [INFO] IPUIPlugin:80 - create IPUIPlugin
2026-01-15 20:30:56,060 [INFO] PluginManager:220 - loadIPPluginJar : add usbx
2026-01-15 20:30:56,176 [FATAL] Updater:351 - Updater called before beeing initialized
2026-01-15 20:30:56,325 [INFO] RulesReader:64 - Compatibility file has been processed (317 Rules)
2026-01-15 20:30:56,341 [INFO] RulesReader:64 - Compatibility file has been processed (317 Rules)
2026-01-15 20:30:56,360 [INFO] CADModel:165 - CPN selected for project level
2026-01-15 20:30:56,360 [INFO] CADModel:114 - Register for checkConnection events
2026-01-15 20:30:56,360 [FATAL] Updater:351 - Updater called before beeing initialized
2026-01-15 20:30:56,360 [ERROR] CADModel:125 - Updater not yet initialized, retry later 
2026-01-15 20:30:56,804 [FATAL] Updater:351 - Updater called before beeing initialized
2026-01-15 20:30:56,805 [INFO] CADModel:165 - CPN selected for project level
2026-01-15 20:30:56,805 [INFO] CADModel:114 - Register for checkConnection events
2026-01-15 20:30:56,806 [FATAL] Updater:351 - Updater called before beeing initialized
2026-01-15 20:30:56,806 [ERROR] CADModel:125 - Updater not yet initialized, retry later 
2026-01-15 20:30:56,812 [FATAL] Updater:351 - Updater called before beeing initialized
2026-01-15 20:30:57,007 [FATAL] Updater:351 - Updater called before beeing initialized
2026-01-15 20:30:57,012 [INFO] DbMcusAds:53 - JSON generation date=Thu Jan 08 09:56:32 CST 2026 (1767887792457)
2026-01-15 20:30:57,012 [FATAL] Updater:351 - Updater called before beeing initialized
2026-01-15 20:30:57,369 [WARN] DetailPanel:346 - Failed to get advertising image, set to default
2026-01-15 20:30:57,450 [FATAL] Updater:351 - Updater called before beeing initialized
2026-01-15 20:30:57,452 [FATAL] Updater:351 - Updater called before beeing initialized
2026-01-15 20:30:57,452 [FATAL] Updater:351 - Updater called before beeing initialized
2026-01-15 20:30:57,453 [WARN] DetailPanel:346 - Failed to get advertising image, set to default
2026-01-15 20:30:57,454 [FATAL] Updater:351 - Updater called before beeing initialized
2026-01-15 20:30:57,514 [ERROR] Updater:1198 - MainUpdater not yet initialized. External WinMGr cannot be set.
2026-01-15 20:30:57,585 [INFO] Updater:1134 - Updater Version found : 6.15.0
2026-01-15 20:30:57,596 [INFO] ApplicationProperties:184 - Using Application install path: /Applications/STM32CubeIDE.app/Contents/Eclipse/plugins/com.st.stm32cube.common.mx_6.15.0.202507011659
2026-01-15 20:30:57,876 [INFO] ThirdPartyUpdaterWithRetryManager:70 - Updater plugin not ready yet. [2/15]
2026-01-15 20:30:58,260 [INFO] MainUpdater:2872 - connection check result : 10
2026-01-15 20:30:58,261 [INFO] MainUpdater:289 - Updater Check For Update Now.
2026-01-15 20:30:58,261 [INFO] MicroXplorer:498 - Change Database Version : DB.6.0.150
2026-01-15 20:30:58,268 [INFO] McuFinderGlobals:63 - Set McuFinder mode to 2 (CubeIDE integrated)
2026-01-15 20:30:58,268 [INFO] UserAuth:171 - activating auth plugin
2026-01-15 20:30:58,301 [INFO] UserAuth:487 - Internet connection configuration mode: 1
2026-01-15 20:30:58,323 [INFO] JxBrowserEngine:152 - Initiate JxBrowser Engine with user profile folder
2026-01-15 20:30:58,567 [INFO] CheckServerUpdateThread:120 - End of CheckServer Thread
2026-01-15 20:31:01,020 [WARN] PackLoader:240 - Cannot read IP mode file for STMicroelectronics.FP-SNS-MOTENVWB1.1.4.0
2026-01-15 20:31:01,037 [WARN] PackLoader:240 - Cannot read IP mode file for STMicroelectronics.FP-ATR-ASTRA1.2.0.2
2026-01-15 20:31:01,046 [WARN] PackLoader:240 - Cannot read IP mode file for STMicroelectronics.X-CUBE-SMBUS.2.1.0
2026-01-15 20:31:01,079 [WARN] PackLoader:240 - Cannot read IP mode file for STMicroelectronics.X-CUBE-AZRTOS-F7.1.1.0
2026-01-15 20:31:01,098 [WARN] PackLoader:240 - Cannot read IP mode file for Cesanta.I-CUBE-Mongoose.7.19.0
2026-01-15 20:31:01,105 [WARN] PackLoader:240 - Cannot read IP mode file for STMicroelectronics.FP-SNS-MOTENV1.5.1.0
2026-01-15 20:31:01,191 [WARN] PackLoader:240 - Cannot read IP mode file for WES.I-CUBE-Cesium.1.4.0
2026-01-15 20:31:01,222 [WARN] PackLoader:240 - Cannot read IP mode file for Infineon.AIROC-Wi-Fi-Bluetooth-STM32.1.7.1
2026-01-15 20:31:01,271 [WARN] PackLoader:240 - Cannot read IP mode file for STMicroelectronics.X-CUBE-AZRTOS-H7.3.4.0
2026-01-15 20:31:01,292 [WARN] PackLoader:240 - Cannot read IP mode file for STMicroelectronics.X-CUBE-DISPLAY.3.0.0
2026-01-15 20:31:01,325 [WARN] PackLoader:240 - Cannot read IP mode file for STMicroelectronics.X-CUBE-NFC10.1.0.0
2026-01-15 20:31:01,338 [WARN] PackLoader:240 - Cannot read IP mode file for STMicroelectronics.X-CUBE-ST60.1.1.0
2026-01-15 20:31:01,345 [WARN] PackLoader:240 - Cannot read IP mode file for emotas.I-CUBE-CANOPEN.1.3.0
2026-01-15 20:31:01,357 [WARN] PackLoader:240 - Cannot read IP mode file for STMicroelectronics.X-CUBE-GNSS1.7.1.0
2026-01-15 20:31:01,370 [WARN] PackLoader:240 - Cannot read IP mode file for STMicroelectronics.FP-SNS-STBOX1.2.1.0
2026-01-15 20:31:01,381 [WARN] PackLoader:240 - Cannot read IP mode file for STMicroelectronics.FP-SNS-SMARTAG2.1.2.0
2026-01-15 20:31:01,386 [WARN] PackLoader:240 - Cannot read IP mode file for STMicroelectronics.FP-SNS-FLIGHT1.5.1.0
2026-01-15 20:31:01,400 [INFO] LogOutputStream:77 - [STDOUT_REDIRECT] 1 : Invalid condition id : UX_CORESTACK_Condition cause : null
2026-01-15 20:31:01,401 [INFO] LogOutputStream:77 - [STDOUT_REDIRECT] 1 : Invalid condition id : UX_CORESTACK_Condition cause : null
2026-01-15 20:31:01,401 [INFO] LogOutputStream:77 - [STDOUT_REDIRECT] 1 : Invalid condition id : UX_CORESTACK_Condition cause : null
2026-01-15 20:31:01,401 [INFO] LogOutputStream:77 - [STDOUT_REDIRECT] 1 : Invalid condition id : UX_CORESTACK_Condition cause : null
2026-01-15 20:31:01,402 [INFO] LogOutputStream:77 - [STDOUT_REDIRECT] 1 : Invalid condition id : UX_CORESTACK_Condition cause : null
2026-01-15 20:31:01,408 [WARN] PackLoader:240 - Cannot read IP mode file for STMicroelectronics.X-CUBE-AZRTOS-WL.2.0.0
2026-01-15 20:31:01,438 [WARN] PackLoader:240 - Cannot read IP mode file for STMicroelectronics.FP-SNS-MOTENV1.5.0.0
2026-01-15 20:31:01,512 [WARN] PackLoader:240 - Cannot read IP mode file for STMicroelectronics.X-CUBE-AZRTOS-H7RS.1.2.0
2026-01-15 20:31:01,541 [WARN] PackLoader:240 - Cannot read IP mode file for STMicroelectronics.X-CUBE-BLE2.3.3.0
2026-01-15 20:31:01,589 [WARN] PackLoader:240 - Cannot read IP mode file for STMicroelectronics.X-CUBE-NFC9.1.0.0
2026-01-15 20:31:01,605 [WARN] PackLoader:240 - Cannot read IP mode file for wolfSSL.I-CUBE-wolfSSL.5.8.2
2026-01-15 20:31:01,615 [WARN] PackLoader:240 - Cannot read IP mode file for STMicroelectronics.X-CUBE-BLE1.7.1.0
2026-01-15 20:31:01,618 [WARN] PackLoader:240 - Cannot read IP mode file for wolfSSL.I-CUBE-wolfMQTT.1.19.2
2026-01-15 20:31:01,628 [WARN] PackLoader:240 - Cannot read IP mode file for STMicroelectronics.X-CUBE-FREERTOS.1.4.0
2026-01-15 20:31:01,634 [WARN] PackLoader:240 - Cannot read IP mode file for STMicroelectronics.X-CUBE-EEPRMA1.5.2.0
2026-01-15 20:31:01,648 [WARN] PackLoader:240 - Cannot read IP mode file for STMicroelectronics.X-CUBE-ST67W61.1.1.0
2026-01-15 20:31:01,730 [WARN] PackLoader:240 - Cannot read IP mode file for STMicroelectronics.X-CUBE-MEMS1.12.0.0
2026-01-15 20:31:01,832 [WARN] PackLoader:240 - Cannot read IP mode file for STMicroelectronics.X-CUBE-AZRTOS-G0.1.1.0
2026-01-15 20:31:01,842 [WARN] PackLoader:240 - Cannot read IP mode file for STMicroelectronics.X-CUBE-SAFEA1.1.2.2
2026-01-15 20:31:01,848 [WARN] PackLoader:240 - Cannot read IP mode file for STMicroelectronics.X-CUBE-NFC4.3.0.0
2026-01-15 20:31:01,857 [WARN] PackLoader:240 - Cannot read IP mode file for EmbeddedOffice.I-CUBE-FS-RTOS.1.0.1
2026-01-15 20:31:01,863 [WARN] PackLoader:240 - Cannot read IP mode file for STMicroelectronics.X-CUBE-WB05N.2.0.0
2026-01-15 20:31:01,871 [WARN] PackLoader:240 - Cannot read IP mode file for wolfSSL.I-CUBE-wolfTPM.3.8.0
2026-01-15 20:31:01,876 [WARN] PackLoader:240 - Cannot read IP mode file for STMicroelectronics.X-CUBE-TCPP.4.2.0
2026-01-15 20:31:01,880 [WARN] PackLoader:240 - Cannot read IP mode file for RealThread.X-CUBE-RT-Thread_Nano.4.1.1
2026-01-15 20:31:01,888 [WARN] PackLoader:240 - Cannot read IP mode file for STMicroelectronics.FP-ATR-SIGFOX1.3.2.0
2026-01-15 20:31:01,894 [WARN] PackLoader:240 - Cannot read IP mode file for ITTIA_DB.I-CUBE-ITTIADB.8.9.0
2026-01-15 20:31:01,901 [WARN] PackLoader:240 - Cannot read IP mode file for STMicroelectronics.X-CUBE-AI.10.2.0
2026-01-15 20:31:02,075 [WARN] PackLoader:240 - Cannot read IP mode file for SEGGER.I-CUBE-embOS.1.3.1
2026-01-15 20:31:02,248 [WARN] PackLoader:240 - Cannot read IP mode file for STMicroelectronics.X-CUBE-ALGOBUILD.1.4.0
2026-01-15 20:31:02,334 [WARN] PackLoader:240 - Cannot read IP mode file for STMicroelectronics.X-CUBE-MEMS1.11.3.0
2026-01-15 20:31:02,436 [WARN] PackLoader:240 - Cannot read IP mode file for STMicroelectronics.X-CUBE-PM33A1.1.0.0
2026-01-15 20:31:02,461 [WARN] PackLoader:240 - Cannot read IP mode file for STMicroelectronics.X-CUBE-AZRTOS-F4.1.1.0
2026-01-15 20:31:02,473 [WARN] PackLoader:240 - Cannot read IP mode file for STMicroelectronics.X-CUBE-ISPU.2.1.0
2026-01-15 20:31:02,484 [WARN] PackLoader:240 - Cannot read IP mode file for STMicroelectronics.X-CUBE-IPS.3.2.0
2026-01-15 20:31:02,494 [WARN] PackLoader:240 - Cannot read IP mode file for STMicroelectronics.X-CUBE-NFC12.1.0.0
2026-01-15 20:31:02,514 [WARN] PackLoader:240 - Cannot read IP mode file for STMicroelectronics.X-CUBE-AZRTOS-L5.2.0.0
2026-01-15 20:31:02,523 [WARN] PackLoader:240 - Cannot read IP mode file for STMicroelectronics.X-CUBE-NFC6.3.1.0
2026-01-15 20:31:02,532 [WARN] PackLoader:240 - Cannot read IP mode file for STMicroelectronics.X-CUBE-FREERTOS.1.3.1
2026-01-15 20:31:02,549 [WARN] PackLoader:240 - Cannot read IP mode file for STMicroelectronics.X-CUBE-TOUCHGFX.4.26.0
2026-01-15 20:31:02,558 [WARN] PackLoader:240 - Cannot read IP mode file for STMicroelectronics.FP-SNS-STAIOTCFT.1.0.0
2026-01-15 20:31:02,567 [WARN] PackLoader:240 - Cannot read IP mode file for STMicroelectronics.X-CUBE-DPower.1.3.0
2026-01-15 20:31:02,589 [WARN] ConditionMgr:438 - getConditionDescription Invalid condition id : LAN8742 Phy interface Condition cause : null
2026-01-15 20:31:02,590 [WARN] PackLoader:240 - Cannot read IP mode file for STMicroelectronics.X-CUBE-AZRTOS-L4.2.0.0
2026-01-15 20:31:02,593 [WARN] ConditionMgr:1044 - genDependencies : Invalid condition id : LAN8742 Phy interface Condition cause : null
2026-01-15 20:31:02,593 [WARN] ConditionMgr:1044 - genDependencies : Invalid condition id : LAN8742 Phy interface Condition cause : null
2026-01-15 20:31:02,594 [WARN] ConditionMgr:1044 - genDependencies : Invalid condition id : LAN8742 Phy interface Condition cause : null
2026-01-15 20:31:02,603 [WARN] PackLoader:240 - Cannot read IP mode file for STMicroelectronics.X-CUBE-SFXS2LP1.4.0.0
2026-01-15 20:31:02,617 [WARN] PackLoader:240 - Cannot read IP mode file for STMicroelectronics.X-CUBE-BLEMGR.4.1.0
2026-01-15 20:31:02,631 [WARN] ConditionMgr:438 - getConditionDescription Invalid condition id : UX DEVICE CLASS RTOS Condition cause : null
2026-01-15 20:31:02,631 [WARN] ConditionMgr:438 - getConditionDescription Invalid condition id : UX DEVICE CLASS RTOS Condition cause : null
2026-01-15 20:31:02,634 [WARN] PackLoader:240 - Cannot read IP mode file for STMicroelectronics.X-CUBE-AZRTOS-WB.2.0.0
2026-01-15 20:31:02,635 [WARN] ConditionMgr:1044 - genDependencies : Invalid condition id : UX DEVICE CLASS RTOS Condition cause : null
2026-01-15 20:31:02,635 [WARN] ConditionMgr:1044 - genDependencies : Invalid condition id : UX DEVICE CLASS RTOS Condition cause : null
2026-01-15 20:31:02,635 [WARN] ConditionMgr:1044 - genDependencies : Invalid condition id : UX DEVICE CLASS RTOS Condition cause : null
2026-01-15 20:31:02,636 [WARN] ConditionMgr:1044 - genDependencies : Invalid condition id : UX DEVICE CLASS RTOS Condition cause : null
2026-01-15 20:31:02,636 [WARN] ConditionMgr:1044 - genDependencies : Invalid condition id : UX DEVICE CLASS RTOS Condition cause : null
2026-01-15 20:31:02,643 [WARN] PackLoader:240 - Cannot read IP mode file for STMicroelectronics.X-CUBE-GNSS1.7.0.1
2026-01-15 20:31:02,647 [WARN] ConditionMgr:438 - getConditionDescription Invalid condition id : Cortex-A Device cause : null
2026-01-15 20:31:02,668 [WARN] ConditionMgr:1044 - genDependencies : Invalid condition id : Cortex-A Device cause : null
2026-01-15 20:31:02,668 [WARN] ConditionMgr:1044 - genDependencies : Invalid condition id : Cortex-A Device cause : null
2026-01-15 20:31:02,668 [WARN] ConditionMgr:1044 - genDependencies : Invalid condition id : Cortex-A Device cause : null
2026-01-15 20:31:02,686 [WARN] PackLoader:240 - Cannot read IP mode file for STMicroelectronics.X-CUBE-SUBG2.5.0.0
2026-01-15 20:31:02,714 [WARN] PackLoader:240 - Cannot read IP mode file for STMicroelectronics.X-CUBE-AZRTOS-H7RS.1.1.0
2026-01-15 20:31:02,732 [WARN] PackLoader:240 - Cannot read IP mode file for STMicroelectronics.X-CUBE-AZRTOS-G4.2.0.0
2026-01-15 20:31:02,738 [WARN] PackLoader:240 - Cannot read IP mode file for wolfSSL.I-CUBE-wolfSSH.1.4.20
2026-01-15 20:31:02,743 [WARN] PackLoader:240 - Cannot read IP mode file for STMicroelectronics.X-CUBE-NFC7.2.0.0
2026-01-15 20:31:02,747 [WARN] PackLoader:240 - Cannot read IP mode file for STMicroelectronics.X-CUBE-ALS.1.0.2
2026-01-15 20:31:02,752 [WARN] PackLoader:240 - Cannot read IP mode file for STMicroelectronics.X-CUBE-STSE01.1.0.0
2026-01-15 20:31:02,766 [WARN] PackLoader:240 - Cannot read IP mode file for STMicroelectronics.X-CUBE-TOF1.3.4.3
2026-01-15 20:31:02,791 [INFO] ThirdParty:978 - Integrity check success = true
2026-01-15 20:31:02,791 [INFO] IntegrityCheckThread:100 - exiting critical section [integrity check]
2026-01-15 20:31:02,791 [INFO] IntegrityCheckThread:103 - End integrity checks thread
2026-01-15 20:31:26,555 [INFO] WebApp:169 - Instantiating new browser for Auth
2026-01-15 20:31:27,850 [INFO] WebApp:463 - Apply proxy settings
2026-01-15 20:31:27,875 [INFO] WebApp:508 - Chromium authenticates against Manually configured proxy
2026-01-15 20:31:27,883 [INFO] WebApp:516 - Username used for proxy authentication: 
2026-01-15 20:31:27,918 [INFO] WebApp:900 - Register for checkConnection events
2026-01-15 20:31:27,919 [INFO] WebApp:463 - Apply proxy settings
2026-01-15 20:31:27,923 [INFO] WebApp:508 - Chromium authenticates against Manually configured proxy
2026-01-15 20:31:27,923 [INFO] WebApp:516 - Username used for proxy authentication: 
2026-01-15 20:31:28,037 [INFO] WebApp:225 - Starting web application
2026-01-15 20:31:28,037 [INFO] WebApp:593 - Web application path used /Applications/STM32CubeIDE.app/Contents/Eclipse/plugins/com.st.stm32cube.common.mx_6.15.0.202507011659/db/plugins/mcufinder/reactClient1/index.html
2026-01-15 20:31:28,869 [INFO] WebApp:191 - Connection restablished
2026-01-15 21:29:49,301 [INFO] Activator:176 - 


2026-01-15 21:29:49,303 [INFO] Activator:177 - !SESSION log4j initialized
2026-01-15 21:29:53,052 [ERROR] LogOutputStream:75 - [STDERR_REDIRECT] 
2026-01-15 21:29:53,480 [INFO] LogOutputStream:77 - [STDOUT_REDIRECT] 
2026-01-15 21:29:55,317 [INFO] LogOutputStream:77 - [STDOUT_REDIRECT] 
2026-01-15 21:29:56,416 [INFO] ApplicationProperties:184 - Using Application install path: /Applications/STM32CubeIDE.app/Contents/Eclipse/plugins/com.st.stm32cube.common.mx_6.15.0.202507011659
2026-01-15 21:29:56,427 [INFO] DbMcusXml:78 - Set database path to: /Applications/STM32CubeIDE.app/Contents/Eclipse/plugins/com.st.stm32cube.common.mx_6.15.0.202507011659//db//mcu/
2026-01-15 21:29:56,428 [INFO] ApiDb:274 - Set plugin database path to: /Applications/STM32CubeIDE.app/Contents/Eclipse/plugins/com.st.stm32cube.common.mx_6.15.0.202507011659//db//plugins/boardmanager/
2026-01-15 21:29:56,428 [WARN] ApiDb:259 - Overriding images path with different value:  => /Applications/STM32CubeIDE.app/Contents/Eclipse/plugins/com.st.stm32cube.common.mx_6.15.0.202507011659//db//plugins/mcufinder/images/
2026-01-15 21:29:56,436 [INFO] ApiDb:250 - Set database path to: /Users/rawandbk/.stmcufinder/plugins/mcufinder//mcu/
2026-01-15 21:29:56,437 [INFO] DbMcusAds:125 - Set database path to: /Users/rawandbk/.stmcufinder/plugins/mcufinder//mcu/
2026-01-15 21:29:56,438 [INFO] CrossReferenceDbSqlite:203 - Set database path to: /Users/rawandbk/.stmcufinder/plugins/mcufinder//mcu/cs/
2026-01-15 21:29:56,551 [INFO] RulesReader:64 - Compatibility file has been processed (317 Rules)
2026-01-15 21:29:56,592 [INFO] DbMcusXml:78 - Set database path to: /Applications/STM32CubeIDE.app/Contents/Eclipse/plugins/com.st.stm32cube.common.mx_6.15.0.202507011659//db//mcu/
2026-01-15 21:29:56,592 [INFO] ApiDb:274 - Set plugin database path to: /Applications/STM32CubeIDE.app/Contents/Eclipse/plugins/com.st.stm32cube.common.mx_6.15.0.202507011659//db//plugins/boardmanager/
2026-01-15 21:29:56,592 [INFO] ApiDb:261 - Set plugin images path to: /Applications/STM32CubeIDE.app/Contents/Eclipse/plugins/com.st.stm32cube.common.mx_6.15.0.202507011659//db//plugins/mcufinder/images/
2026-01-15 21:29:56,592 [WARN] DbFile:41 - Overriding database path with different value: /Users/rawandbk/.stmcufinder/plugins/mcufinder/ => /Users/rawandbk/.stmcufinder/plugins/mcufinder
2026-01-15 21:29:56,592 [INFO] ApiDb:250 - Set database path to: /Users/rawandbk/.stmcufinder/plugins/mcufinder//mcu/
2026-01-15 21:29:56,592 [WARN] DbFile:41 - Overriding database path with different value: /Users/rawandbk/.stmcufinder/plugins/mcufinder/ => /Users/rawandbk/.stmcufinder/plugins/mcufinder
2026-01-15 21:29:56,592 [INFO] DbMcusAds:125 - Set database path to: /Users/rawandbk/.stmcufinder/plugins/mcufinder//mcu/
2026-01-15 21:29:56,592 [WARN] DbFile:41 - Overriding database path with different value: /Users/rawandbk/.stmcufinder/plugins/mcufinder/ => /Users/rawandbk/.stmcufinder/plugins/mcufinder
2026-01-15 21:29:56,593 [WARN] DbFile:41 - Overriding database path with different value: /Users/rawandbk/.stmcufinder/plugins/mcufinder/ => /Users/rawandbk/.stmcufinder/plugins/mcufinder
2026-01-15 21:29:56,593 [INFO] CrossReferenceDbSqlite:203 - Set database path to: /Users/rawandbk/.stmcufinder/plugins/mcufinder//mcu/cs/
2026-01-15 21:29:56,648 [INFO] MainPanel:274 - HeapMemory: 268435456
2026-01-15 21:29:57,227 [INFO] DbMcusXml:78 - Set database path to: /Applications/STM32CubeIDE.app/Contents/Eclipse/plugins/com.st.stm32cube.common.mx_6.15.0.202507011659//db//mcu/
2026-01-15 21:29:57,227 [INFO] ApiDb:274 - Set plugin database path to: /Applications/STM32CubeIDE.app/Contents/Eclipse/plugins/com.st.stm32cube.common.mx_6.15.0.202507011659//db//plugins/boardmanager/
2026-01-15 21:29:57,228 [INFO] ApiDb:261 - Set plugin images path to: /Applications/STM32CubeIDE.app/Contents/Eclipse/plugins/com.st.stm32cube.common.mx_6.15.0.202507011659//db//plugins/mcufinder/images/
2026-01-15 21:29:57,229 [WARN] DbFile:41 - Overriding database path with different value: /Users/rawandbk/.stmcufinder/plugins/mcufinder/ => /Users/rawandbk/.stmcufinder/plugins/mcufinder
2026-01-15 21:29:57,229 [INFO] ApiDb:250 - Set database path to: /Users/rawandbk/.stmcufinder/plugins/mcufinder//mcu/
2026-01-15 21:29:57,229 [WARN] DbFile:41 - Overriding database path with different value: /Users/rawandbk/.stmcufinder/plugins/mcufinder/ => /Users/rawandbk/.stmcufinder/plugins/mcufinder
2026-01-15 21:29:57,230 [INFO] DbMcusAds:125 - Set database path to: /Users/rawandbk/.stmcufinder/plugins/mcufinder//mcu/
2026-01-15 21:29:57,230 [WARN] DbFile:41 - Overriding database path with different value: /Users/rawandbk/.stmcufinder/plugins/mcufinder/ => /Users/rawandbk/.stmcufinder/plugins/mcufinder
2026-01-15 21:29:57,230 [WARN] DbFile:41 - Overriding database path with different value: /Users/rawandbk/.stmcufinder/plugins/mcufinder/ => /Users/rawandbk/.stmcufinder/plugins/mcufinder
2026-01-15 21:29:57,230 [INFO] CrossReferenceDbSqlite:203 - Set database path to: /Users/rawandbk/.stmcufinder/plugins/mcufinder//mcu/cs/
2026-01-15 21:29:57,248 [INFO] ApplicationProperties:184 - Using Application install path: /Applications/STM32CubeIDE.app/Contents/Eclipse/plugins/com.st.stm32cube.common.mx_6.15.0.202507011659
2026-01-15 21:29:57,249 [INFO] PluginManage:196 - Search for loadable plugins [exclusion list=, ]
2026-01-15 21:29:57,251 [INFO] PluginManage:310 - Check plugin analytics
2026-01-15 21:29:57,538 [INFO] AnalyticsPlugin:253 - Accepted Software Licenses: 
2026-01-15 21:29:57,541 [INFO] AnalyticsPlugin:255 - Accepted CMSIS Pack Licenses: 
2026-01-15 21:29:57,541 [INFO] AnalyticsPlugin:257 - Accepted Firmware Licenses: FW.F4.1.28.0
2026-01-15 21:29:57,547 [INFO] PluginManage:359 - Loaded plugin analytics (category:tool,tabindex:-1)
2026-01-15 21:29:57,548 [INFO] PluginManage:310 - Check plugin cadmodel
2026-01-15 21:29:57,565 [INFO] CADModel:105 - Init CAD model plugin
2026-01-15 21:29:57,566 [INFO] PluginManage:359 - Loaded plugin cadmodel (category:power,tabindex:5)
2026-01-15 21:29:57,566 [INFO] PluginManage:310 - Check plugin clock
2026-01-15 21:29:57,579 [INFO] PluginManage:359 - Loaded plugin clock (category:base,tabindex:2)
2026-01-15 21:29:57,579 [INFO] PluginManage:310 - Check plugin ddr
2026-01-15 21:29:57,583 [INFO] PluginManage:359 - Loaded plugin ddr (category:tool,tabindex:6)
2026-01-15 21:29:57,583 [INFO] PluginManage:310 - Check plugin filemanager
2026-01-15 21:29:57,762 [INFO] PluginManage:359 - Loaded plugin filemanager (category:base,tabindex:10)
2026-01-15 21:29:57,762 [INFO] PluginManage:310 - Check plugin ipmanager
2026-01-15 21:29:57,769 [INFO] PluginManage:359 - Loaded plugin ipmanager (category:base,tabindex:5)
2026-01-15 21:29:57,770 [INFO] PluginManage:310 - Check plugin lpbam
2026-01-15 21:29:57,779 [INFO] PluginManage:359 - Loaded plugin lpbam (category:base,tabindex:0)
2026-01-15 21:29:57,779 [INFO] PluginManage:310 - Check plugin memorymap
2026-01-15 21:29:57,789 [INFO] PluginManage:359 - Loaded plugin memorymap (category:base,tabindex:4)
2026-01-15 21:29:57,789 [INFO] PluginManage:310 - Check plugin pinoutandconfiguration
2026-01-15 21:29:57,796 [INFO] PluginManage:359 - Loaded plugin pinoutandconfiguration (category:base,tabindex:1)
2026-01-15 21:29:57,796 [INFO] PluginManage:310 - Check plugin pinoutconfig
2026-01-15 21:29:57,882 [WARN] SupportedApi:132 - Cannot load RTOS API schema: s4s-elt-must-match.1: The content of 'definitions' must match (annotation?, (simpleType | complexType)?, (unique | key | keyref)*)). A problem was found starting at: attribute.
2026-01-15 21:29:58,182 [INFO] PluginManage:359 - Loaded plugin pinoutconfig (category:base,tabindex:0)
2026-01-15 21:29:58,182 [INFO] PluginManage:310 - Check plugin power
2026-01-15 21:29:58,192 [INFO] PluginManage:359 - Loaded plugin power (category:power,tabindex:4)
2026-01-15 21:29:58,192 [INFO] PluginManage:310 - Check plugin projectmanager
2026-01-15 21:29:58,217 [INFO] PluginManage:359 - Loaded plugin projectmanager (category:projectmanager,tabindex:4)
2026-01-15 21:29:58,217 [INFO] PluginManage:310 - Check plugin rif
2026-01-15 21:29:58,226 [INFO] PluginManage:359 - Loaded plugin rif (category:base,tabindex:3)
2026-01-15 21:29:58,226 [INFO] PluginManage:310 - Check plugin thirdparty
2026-01-15 21:29:58,360 [INFO] PluginManage:359 - Loaded plugin thirdparty (category:base,tabindex:-1)
2026-01-15 21:29:58,360 [INFO] PluginManage:310 - Check plugin tools
2026-01-15 21:29:58,360 [WARN] IntegrityCheckThread:84 - waiting for thirdparty lock release [integrity check]
2026-01-15 21:29:58,361 [INFO] IntegrityCheckThread:86 - entering critical section [integrity check]
2026-01-15 21:29:58,361 [INFO] ThirdPartyUpdaterWithRetryManager:70 - Updater plugin not ready yet. [1/15]
2026-01-15 21:29:58,362 [INFO] PluginManage:359 - Loaded plugin tools (category:base,tabindex:7)
2026-01-15 21:29:58,362 [INFO] PluginManage:310 - Check plugin tutovideos
2026-01-15 21:29:58,572 [INFO] PluginManage:359 - Loaded plugin tutovideos (category:base,tabindex:-1)
2026-01-15 21:29:58,573 [INFO] PluginManage:310 - Check plugin updater
2026-01-15 21:29:58,597 [INFO] PluginManage:359 - Loaded plugin updater (category:base,tabindex:12)
2026-01-15 21:29:58,598 [INFO] PluginManage:310 - Check plugin userauth
2026-01-15 21:29:58,601 [INFO] UserAuth:118 - Init User Auth plugin
2026-01-15 21:29:58,602 [INFO] PluginManage:359 - Loaded plugin userauth (category:base,tabindex:14)
2026-01-15 21:29:58,603 [INFO] PluginManage:283 - PluginManage : Loaded plugins [18]
2026-01-15 21:29:59,216 [INFO] PinOutPanel:1589 - setPackage(No Configuration,No Configuration)
2026-01-15 21:29:59,289 [INFO] CADModel:165 - CPN selected for project level
2026-01-15 21:29:59,289 [INFO] CADModel:114 - Register for checkConnection events
2026-01-15 21:29:59,299 [INFO] IPUIPlugin:80 - create IPUIPlugin
2026-01-15 21:29:59,300 [INFO] PluginManager:220 - loadIPPluginJar : add mdma
2026-01-15 21:29:59,305 [INFO] IPUIPlugin:80 - create IPUIPlugin
2026-01-15 21:29:59,305 [INFO] PluginManager:220 - loadIPPluginJar : add freertos
2026-01-15 21:29:59,309 [INFO] IPUIPlugin:80 - create IPUIPlugin
2026-01-15 21:29:59,309 [INFO] PluginManager:220 - loadIPPluginJar : add gic
2026-01-15 21:29:59,314 [INFO] IPUIPlugin:80 - create IPUIPlugin
2026-01-15 21:29:59,315 [INFO] PluginManager:220 - loadIPPluginJar : add adc
2026-01-15 21:29:59,316 [INFO] IPUIPlugin:80 - create IPUIPlugin
2026-01-15 21:29:59,316 [INFO] PluginManager:220 - loadIPPluginJar : add gtzc
2026-01-15 21:29:59,316 [INFO] IPUIPlugin:80 - create IPUIPlugin
2026-01-15 21:29:59,316 [INFO] PluginManager:220 - loadIPPluginJar : add quadspi
2026-01-15 21:29:59,317 [INFO] IPUIPlugin:80 - create IPUIPlugin
2026-01-15 21:29:59,317 [INFO] PluginManager:220 - loadIPPluginJar : add aes
2026-01-15 21:29:59,319 [INFO] IPUIPlugin:80 - create IPUIPlugin
2026-01-15 21:29:59,319 [INFO] PluginManager:220 - loadIPPluginJar : add pdm2pcm
2026-01-15 21:29:59,320 [INFO] IPUIPlugin:80 - create IPUIPlugin
2026-01-15 21:29:59,320 [INFO] PluginManager:220 - loadIPPluginJar : add hash
2026-01-15 21:29:59,321 [INFO] IPUIPlugin:80 - create IPUIPlugin
2026-01-15 21:29:59,321 [INFO] PluginManager:220 - loadIPPluginJar : add tim
2026-01-15 21:29:59,322 [INFO] IPUIPlugin:80 - create IPUIPlugin
2026-01-15 21:29:59,322 [INFO] PluginManager:220 - loadIPPluginJar : add tsc
2026-01-15 21:29:59,324 [INFO] IPUIPlugin:80 - create IPUIPlugin
2026-01-15 21:29:59,324 [INFO] PluginManager:220 - loadIPPluginJar : add extmemmanager
2026-01-15 21:29:59,325 [INFO] IPUIPlugin:80 - create IPUIPlugin
2026-01-15 21:29:59,325 [INFO] PluginManager:220 - loadIPPluginJar : add ts
2026-01-15 21:29:59,326 [INFO] IPUIPlugin:80 - create IPUIPlugin
2026-01-15 21:29:59,326 [INFO] PluginManager:220 - loadIPPluginJar : add radio
2026-01-15 21:29:59,327 [INFO] IPUIPlugin:80 - create IPUIPlugin
2026-01-15 21:29:59,327 [INFO] PluginManager:220 - loadIPPluginJar : add can
2026-01-15 21:29:59,328 [INFO] IPUIPlugin:80 - create IPUIPlugin
2026-01-15 21:29:59,328 [INFO] PluginManager:220 - loadIPPluginJar : add dma3
2026-01-15 21:29:59,329 [INFO] IPUIPlugin:80 - create IPUIPlugin
2026-01-15 21:29:59,329 [INFO] PluginManager:220 - loadIPPluginJar : add dfsdm
2026-01-15 21:29:59,330 [INFO] IPUIPlugin:80 - create IPUIPlugin
2026-01-15 21:29:59,330 [INFO] PluginManager:220 - loadIPPluginJar : add spi
2026-01-15 21:29:59,331 [INFO] IPUIPlugin:80 - create IPUIPlugin
2026-01-15 21:29:59,331 [INFO] PluginManager:220 - loadIPPluginJar : add gfxmmu
2026-01-15 21:29:59,332 [INFO] IPUIPlugin:80 - create IPUIPlugin
2026-01-15 21:29:59,332 [INFO] PluginManager:220 - loadIPPluginJar : add genericplugin
2026-01-15 21:29:59,333 [INFO] IPUIPlugin:80 - create IPUIPlugin
2026-01-15 21:29:59,333 [INFO] PluginManager:220 - loadIPPluginJar : add cryp
2026-01-15 21:29:59,335 [INFO] IPUIPlugin:80 - create IPUIPlugin
2026-01-15 21:29:59,335 [INFO] PluginManager:220 - loadIPPluginJar : add gpio
2026-01-15 21:29:59,337 [INFO] IPUIPlugin:80 - create IPUIPlugin
2026-01-15 21:29:59,337 [INFO] PluginManager:220 - loadIPPluginJar : add ddr_ctrl_phy
2026-01-15 21:29:59,338 [INFO] IPUIPlugin:80 - create IPUIPlugin
2026-01-15 21:29:59,338 [INFO] PluginManager:220 - loadIPPluginJar : add comp
2026-01-15 21:29:59,340 [INFO] IPUIPlugin:80 - create IPUIPlugin
2026-01-15 21:29:59,340 [INFO] PluginManager:220 - loadIPPluginJar : add tracer_emb
2026-01-15 21:29:59,341 [INFO] IPUIPlugin:80 - create IPUIPlugin
2026-01-15 21:29:59,341 [INFO] PluginManager:220 - loadIPPluginJar : add openamp
2026-01-15 21:29:59,345 [INFO] IPUIPlugin:80 - create IPUIPlugin
2026-01-15 21:29:59,345 [INFO] PluginManager:220 - loadIPPluginJar : add stm32_wpan
2026-01-15 21:29:59,348 [INFO] IPUIPlugin:80 - create IPUIPlugin
2026-01-15 21:29:59,350 [INFO] PluginManager:220 - loadIPPluginJar : add plateformsettings
2026-01-15 21:29:59,352 [INFO] IPUIPlugin:80 - create IPUIPlugin
2026-01-15 21:29:59,352 [INFO] PluginManager:220 - loadIPPluginJar : add ipddr
2026-01-15 21:29:59,353 [INFO] IPUIPlugin:80 - create IPUIPlugin
2026-01-15 21:29:59,353 [INFO] PluginManager:220 - loadIPPluginJar : add usart
2026-01-15 21:29:59,353 [INFO] IPUIPlugin:80 - create IPUIPlugin
2026-01-15 21:29:59,353 [INFO] PluginManager:220 - loadIPPluginJar : add ltdc
2026-01-15 21:29:59,355 [INFO] IPUIPlugin:80 - create IPUIPlugin
2026-01-15 21:29:59,355 [INFO] PluginManager:220 - loadIPPluginJar : add nvic
2026-01-15 21:29:59,356 [INFO] IPUIPlugin:80 - create IPUIPlugin
2026-01-15 21:29:59,356 [INFO] PluginManager:220 - loadIPPluginJar : add fatfs
2026-01-15 21:29:59,361 [INFO] IPUIPlugin:80 - create IPUIPlugin
2026-01-15 21:29:59,361 [INFO] PluginManager:220 - loadIPPluginJar : add linkedlist
2026-01-15 21:29:59,364 [INFO] IPUIPlugin:80 - create IPUIPlugin
2026-01-15 21:29:59,364 [INFO] PluginManager:220 - loadIPPluginJar : add dma
2026-01-15 21:29:59,366 [INFO] IPUIPlugin:80 - create IPUIPlugin
2026-01-15 21:29:59,366 [INFO] PluginManager:220 - loadIPPluginJar : add fmc
2026-01-15 21:29:59,368 [INFO] IPUIPlugin:80 - create IPUIPlugin
2026-01-15 21:29:59,369 [INFO] PluginManager:220 - loadIPPluginJar : add i2s
2026-01-15 21:29:59,371 [INFO] IPUIPlugin:80 - create IPUIPlugin
2026-01-15 21:29:59,371 [INFO] PluginManager:220 - loadIPPluginJar : add ucpd
2026-01-15 21:29:59,372 [INFO] IPUIPlugin:80 - create IPUIPlugin
2026-01-15 21:29:59,372 [INFO] PluginManager:220 - loadIPPluginJar : add lorawan
2026-01-15 21:29:59,374 [INFO] IPUIPlugin:80 - create IPUIPlugin
2026-01-15 21:29:59,374 [INFO] PluginManager:220 - loadIPPluginJar : add opamp
2026-01-15 21:29:59,376 [INFO] IPUIPlugin:80 - create IPUIPlugin
2026-01-15 21:29:59,376 [INFO] PluginManager:220 - loadIPPluginJar : add i3c
2026-01-15 21:29:59,379 [INFO] IPUIPlugin:80 - create IPUIPlugin
2026-01-15 21:29:59,379 [INFO] PluginManager:220 - loadIPPluginJar : add touchsensing
2026-01-15 21:29:59,380 [INFO] IPUIPlugin:80 - create IPUIPlugin
2026-01-15 21:29:59,381 [INFO] PluginManager:220 - loadIPPluginJar : add i2c
2026-01-15 21:29:59,383 [INFO] IPUIPlugin:80 - create IPUIPlugin
2026-01-15 21:29:59,383 [INFO] PluginManager:220 - loadIPPluginJar : add resmgrutility
2026-01-15 21:29:59,384 [INFO] IPUIPlugin:80 - create IPUIPlugin
2026-01-15 21:29:59,384 [INFO] PluginManager:220 - loadIPPluginJar : add sai
2026-01-15 21:29:59,385 [INFO] IPUIPlugin:80 - create IPUIPlugin
2026-01-15 21:29:59,385 [INFO] PluginManager:220 - loadIPPluginJar : add usbx
2026-01-15 21:29:59,501 [FATAL] Updater:351 - Updater called before beeing initialized
2026-01-15 21:29:59,543 [INFO] RulesReader:64 - Compatibility file has been processed (317 Rules)
2026-01-15 21:29:59,553 [INFO] RulesReader:64 - Compatibility file has been processed (317 Rules)
2026-01-15 21:29:59,560 [INFO] CADModel:165 - CPN selected for project level
2026-01-15 21:29:59,560 [INFO] CADModel:114 - Register for checkConnection events
2026-01-15 21:29:59,560 [FATAL] Updater:351 - Updater called before beeing initialized
2026-01-15 21:29:59,560 [ERROR] CADModel:125 - Updater not yet initialized, retry later 
2026-01-15 21:29:59,728 [FATAL] Updater:351 - Updater called before beeing initialized
2026-01-15 21:29:59,729 [INFO] CADModel:165 - CPN selected for project level
2026-01-15 21:29:59,729 [INFO] CADModel:114 - Register for checkConnection events
2026-01-15 21:29:59,729 [FATAL] Updater:351 - Updater called before beeing initialized
2026-01-15 21:29:59,729 [ERROR] CADModel:125 - Updater not yet initialized, retry later 
2026-01-15 21:29:59,731 [FATAL] Updater:351 - Updater called before beeing initialized
2026-01-15 21:29:59,862 [FATAL] Updater:351 - Updater called before beeing initialized
2026-01-15 21:29:59,865 [INFO] DbMcusAds:53 - JSON generation date=Thu Jan 08 09:56:32 CST 2026 (1767887792457)
2026-01-15 21:29:59,865 [FATAL] Updater:351 - Updater called before beeing initialized
2026-01-15 21:29:59,913 [WARN] DetailPanel:346 - Failed to get advertising image, set to default
2026-01-15 21:29:59,969 [FATAL] Updater:351 - Updater called before beeing initialized
2026-01-15 21:29:59,971 [FATAL] Updater:351 - Updater called before beeing initialized
2026-01-15 21:29:59,971 [FATAL] Updater:351 - Updater called before beeing initialized
2026-01-15 21:29:59,971 [WARN] DetailPanel:346 - Failed to get advertising image, set to default
2026-01-15 21:29:59,973 [FATAL] Updater:351 - Updater called before beeing initialized
2026-01-15 21:30:00,017 [ERROR] Updater:1198 - MainUpdater not yet initialized. External WinMGr cannot be set.
2026-01-15 21:30:00,037 [INFO] Updater:1134 - Updater Version found : 6.15.0
2026-01-15 21:30:00,049 [INFO] ApplicationProperties:184 - Using Application install path: /Applications/STM32CubeIDE.app/Contents/Eclipse/plugins/com.st.stm32cube.common.mx_6.15.0.202507011659
2026-01-15 21:30:01,105 [INFO] MainUpdater:2872 - connection check result : 10
2026-01-15 21:30:01,106 [INFO] MainUpdater:289 - Updater Check For Update Now.
2026-01-15 21:30:01,106 [INFO] MicroXplorer:498 - Change Database Version : DB.6.0.150
2026-01-15 21:30:01,110 [INFO] McuFinderGlobals:63 - Set McuFinder mode to 2 (CubeIDE integrated)
2026-01-15 21:30:01,110 [INFO] UserAuth:171 - activating auth plugin
2026-01-15 21:30:01,125 [INFO] UserAuth:487 - Internet connection configuration mode: 1
2026-01-15 21:30:01,141 [INFO] JxBrowserEngine:152 - Initiate JxBrowser Engine with user profile folder
2026-01-15 21:30:01,342 [INFO] CheckServerUpdateThread:120 - End of CheckServer Thread
2026-01-15 21:30:01,505 [WARN] PackLoader:240 - Cannot read IP mode file for STMicroelectronics.FP-SNS-MOTENVWB1.1.4.0
2026-01-15 21:30:01,521 [WARN] PackLoader:240 - Cannot read IP mode file for STMicroelectronics.FP-ATR-ASTRA1.2.0.2
2026-01-15 21:30:01,541 [WARN] PackLoader:240 - Cannot read IP mode file for STMicroelectronics.X-CUBE-SMBUS.2.1.0
2026-01-15 21:30:01,576 [WARN] PackLoader:240 - Cannot read IP mode file for STMicroelectronics.X-CUBE-AZRTOS-F7.1.1.0
2026-01-15 21:30:01,590 [WARN] PackLoader:240 - Cannot read IP mode file for Cesanta.I-CUBE-Mongoose.7.19.0
2026-01-15 21:30:01,595 [WARN] PackLoader:240 - Cannot read IP mode file for STMicroelectronics.FP-SNS-MOTENV1.5.1.0
2026-01-15 21:30:01,612 [WARN] PackLoader:240 - Cannot read IP mode file for WES.I-CUBE-Cesium.1.4.0
2026-01-15 21:30:01,656 [WARN] PackLoader:240 - Cannot read IP mode file for Infineon.AIROC-Wi-Fi-Bluetooth-STM32.1.7.1
2026-01-15 21:30:01,721 [WARN] PackLoader:240 - Cannot read IP mode file for STMicroelectronics.X-CUBE-AZRTOS-H7.3.4.0
2026-01-15 21:30:01,747 [WARN] PackLoader:240 - Cannot read IP mode file for STMicroelectronics.X-CUBE-DISPLAY.3.0.0
2026-01-15 21:30:01,771 [WARN] PackLoader:240 - Cannot read IP mode file for STMicroelectronics.X-CUBE-NFC10.1.0.0
2026-01-15 21:30:01,780 [WARN] PackLoader:240 - Cannot read IP mode file for STMicroelectronics.X-CUBE-ST60.1.1.0
2026-01-15 21:30:01,789 [WARN] PackLoader:240 - Cannot read IP mode file for emotas.I-CUBE-CANOPEN.1.3.0
2026-01-15 21:30:01,796 [WARN] PackLoader:240 - Cannot read IP mode file for STMicroelectronics.X-CUBE-GNSS1.7.1.0
2026-01-15 21:30:01,808 [WARN] PackLoader:240 - Cannot read IP mode file for STMicroelectronics.FP-SNS-STBOX1.2.1.0
2026-01-15 21:30:01,815 [WARN] PackLoader:240 - Cannot read IP mode file for STMicroelectronics.FP-SNS-SMARTAG2.1.2.0
2026-01-15 21:30:01,819 [WARN] PackLoader:240 - Cannot read IP mode file for STMicroelectronics.FP-SNS-FLIGHT1.5.1.0
2026-01-15 21:30:01,830 [INFO] LogOutputStream:77 - [STDOUT_REDIRECT] 1 : Invalid condition id : UX_CORESTACK_Condition cause : null
2026-01-15 21:30:01,831 [INFO] LogOutputStream:77 - [STDOUT_REDIRECT] 1 : Invalid condition id : UX_CORESTACK_Condition cause : null
2026-01-15 21:30:01,831 [INFO] LogOutputStream:77 - [STDOUT_REDIRECT] 1 : Invalid condition id : UX_CORESTACK_Condition cause : null
2026-01-15 21:30:01,831 [INFO] LogOutputStream:77 - [STDOUT_REDIRECT] 1 : Invalid condition id : UX_CORESTACK_Condition cause : null
2026-01-15 21:30:01,831 [INFO] LogOutputStream:77 - [STDOUT_REDIRECT] 1 : Invalid condition id : UX_CORESTACK_Condition cause : null
2026-01-15 21:30:01,838 [WARN] PackLoader:240 - Cannot read IP mode file for STMicroelectronics.X-CUBE-AZRTOS-WL.2.0.0
2026-01-15 21:30:01,850 [WARN] PackLoader:240 - Cannot read IP mode file for STMicroelectronics.FP-SNS-MOTENV1.5.0.0
2026-01-15 21:30:01,882 [WARN] PackLoader:240 - Cannot read IP mode file for STMicroelectronics.X-CUBE-AZRTOS-H7RS.1.2.0
2026-01-15 21:30:01,896 [WARN] PackLoader:240 - Cannot read IP mode file for STMicroelectronics.X-CUBE-BLE2.3.3.0
2026-01-15 21:30:02,092 [WARN] PackLoader:240 - Cannot read IP mode file for STMicroelectronics.X-CUBE-NFC9.1.0.0
2026-01-15 21:30:02,247 [WARN] PackLoader:240 - Cannot read IP mode file for wolfSSL.I-CUBE-wolfSSL.5.8.2
2026-01-15 21:30:02,265 [WARN] PackLoader:240 - Cannot read IP mode file for STMicroelectronics.X-CUBE-BLE1.7.1.0
2026-01-15 21:30:02,272 [WARN] PackLoader:240 - Cannot read IP mode file for wolfSSL.I-CUBE-wolfMQTT.1.19.2
2026-01-15 21:30:02,281 [WARN] PackLoader:240 - Cannot read IP mode file for STMicroelectronics.X-CUBE-FREERTOS.1.4.0
2026-01-15 21:30:02,290 [WARN] PackLoader:240 - Cannot read IP mode file for STMicroelectronics.X-CUBE-EEPRMA1.5.2.0
2026-01-15 21:30:02,300 [WARN] PackLoader:240 - Cannot read IP mode file for STMicroelectronics.X-CUBE-ST67W61.1.1.0
2026-01-15 21:30:02,381 [WARN] PackLoader:240 - Cannot read IP mode file for STMicroelectronics.X-CUBE-MEMS1.12.0.0
2026-01-15 21:30:02,466 [WARN] PackLoader:240 - Cannot read IP mode file for STMicroelectronics.X-CUBE-AZRTOS-G0.1.1.0
2026-01-15 21:30:02,483 [WARN] PackLoader:240 - Cannot read IP mode file for STMicroelectronics.X-CUBE-SAFEA1.1.2.2
2026-01-15 21:30:02,493 [WARN] PackLoader:240 - Cannot read IP mode file for STMicroelectronics.X-CUBE-NFC4.3.0.0
2026-01-15 21:30:02,506 [WARN] PackLoader:240 - Cannot read IP mode file for EmbeddedOffice.I-CUBE-FS-RTOS.1.0.1
2026-01-15 21:30:02,515 [WARN] PackLoader:240 - Cannot read IP mode file for STMicroelectronics.X-CUBE-WB05N.2.0.0
2026-01-15 21:30:02,549 [WARN] PackLoader:240 - Cannot read IP mode file for wolfSSL.I-CUBE-wolfTPM.3.8.0
2026-01-15 21:30:02,559 [WARN] PackLoader:240 - Cannot read IP mode file for STMicroelectronics.X-CUBE-TCPP.4.2.0
2026-01-15 21:30:02,564 [WARN] PackLoader:240 - Cannot read IP mode file for RealThread.X-CUBE-RT-Thread_Nano.4.1.1
2026-01-15 21:30:02,571 [WARN] PackLoader:240 - Cannot read IP mode file for STMicroelectronics.FP-ATR-SIGFOX1.3.2.0
2026-01-15 21:30:02,576 [WARN] PackLoader:240 - Cannot read IP mode file for ITTIA_DB.I-CUBE-ITTIADB.8.9.0
2026-01-15 21:30:02,579 [WARN] PackLoader:240 - Cannot read IP mode file for STMicroelectronics.X-CUBE-AI.10.2.0
2026-01-15 21:30:02,652 [WARN] PackLoader:240 - Cannot read IP mode file for SEGGER.I-CUBE-embOS.1.3.1
2026-01-15 21:30:02,723 [WARN] PackLoader:240 - Cannot read IP mode file for STMicroelectronics.X-CUBE-ALGOBUILD.1.4.0
2026-01-15 21:30:02,812 [WARN] PackLoader:240 - Cannot read IP mode file for STMicroelectronics.X-CUBE-MEMS1.11.3.0
2026-01-15 21:30:02,917 [WARN] PackLoader:240 - Cannot read IP mode file for STMicroelectronics.X-CUBE-PM33A1.1.0.0
2026-01-15 21:30:02,952 [WARN] PackLoader:240 - Cannot read IP mode file for STMicroelectronics.X-CUBE-AZRTOS-F4.1.1.0
2026-01-15 21:30:02,962 [WARN] PackLoader:240 - Cannot read IP mode file for STMicroelectronics.X-CUBE-ISPU.2.1.0
2026-01-15 21:30:02,974 [WARN] PackLoader:240 - Cannot read IP mode file for STMicroelectronics.X-CUBE-IPS.3.2.0
2026-01-15 21:30:02,985 [WARN] PackLoader:240 - Cannot read IP mode file for STMicroelectronics.X-CUBE-NFC12.1.0.0
2026-01-15 21:30:03,148 [WARN] PackLoader:240 - Cannot read IP mode file for STMicroelectronics.X-CUBE-AZRTOS-L5.2.0.0
2026-01-15 21:30:03,371 [WARN] PackLoader:240 - Cannot read IP mode file for STMicroelectronics.X-CUBE-NFC6.3.1.0
2026-01-15 21:30:03,401 [WARN] PackLoader:240 - Cannot read IP mode file for STMicroelectronics.X-CUBE-FREERTOS.1.3.1
2026-01-15 21:30:03,426 [WARN] PackLoader:240 - Cannot read IP mode file for STMicroelectronics.X-CUBE-TOUCHGFX.4.26.0
2026-01-15 21:30:03,442 [WARN] PackLoader:240 - Cannot read IP mode file for STMicroelectronics.FP-SNS-STAIOTCFT.1.0.0
2026-01-15 21:30:03,458 [WARN] PackLoader:240 - Cannot read IP mode file for STMicroelectronics.X-CUBE-DPower.1.3.0
2026-01-15 21:30:03,500 [WARN] ConditionMgr:438 - getConditionDescription Invalid condition id : LAN8742 Phy interface Condition cause : null
2026-01-15 21:30:03,502 [WARN] PackLoader:240 - Cannot read IP mode file for STMicroelectronics.X-CUBE-AZRTOS-L4.2.0.0
2026-01-15 21:30:03,506 [WARN] ConditionMgr:1044 - genDependencies : Invalid condition id : LAN8742 Phy interface Condition cause : null
2026-01-15 21:30:03,510 [WARN] ConditionMgr:1044 - genDependencies : Invalid condition id : LAN8742 Phy interface Condition cause : null
2026-01-15 21:30:03,511 [WARN] ConditionMgr:1044 - genDependencies : Invalid condition id : LAN8742 Phy interface Condition cause : null
2026-01-15 21:30:03,526 [WARN] PackLoader:240 - Cannot read IP mode file for STMicroelectronics.X-CUBE-SFXS2LP1.4.0.0
2026-01-15 21:30:03,548 [WARN] PackLoader:240 - Cannot read IP mode file for STMicroelectronics.X-CUBE-BLEMGR.4.1.0
2026-01-15 21:30:03,566 [WARN] ConditionMgr:438 - getConditionDescription Invalid condition id : UX DEVICE CLASS RTOS Condition cause : null
2026-01-15 21:30:03,566 [WARN] ConditionMgr:438 - getConditionDescription Invalid condition id : UX DEVICE CLASS RTOS Condition cause : null
2026-01-15 21:30:03,569 [WARN] PackLoader:240 - Cannot read IP mode file for STMicroelectronics.X-CUBE-AZRTOS-WB.2.0.0
2026-01-15 21:30:03,570 [WARN] ConditionMgr:1044 - genDependencies : Invalid condition id : UX DEVICE CLASS RTOS Condition cause : null
2026-01-15 21:30:03,570 [WARN] ConditionMgr:1044 - genDependencies : Invalid condition id : UX DEVICE CLASS RTOS Condition cause : null
2026-01-15 21:30:03,571 [WARN] ConditionMgr:1044 - genDependencies : Invalid condition id : UX DEVICE CLASS RTOS Condition cause : null
2026-01-15 21:30:03,571 [WARN] ConditionMgr:1044 - genDependencies : Invalid condition id : UX DEVICE CLASS RTOS Condition cause : null
2026-01-15 21:30:03,571 [WARN] ConditionMgr:1044 - genDependencies : Invalid condition id : UX DEVICE CLASS RTOS Condition cause : null
2026-01-15 21:30:03,579 [WARN] PackLoader:240 - Cannot read IP mode file for STMicroelectronics.X-CUBE-GNSS1.7.0.1
2026-01-15 21:30:03,613 [WARN] ConditionMgr:438 - getConditionDescription Invalid condition id : Cortex-A Device cause : null
2026-01-15 21:30:03,659 [WARN] ConditionMgr:1044 - genDependencies : Invalid condition id : Cortex-A Device cause : null
2026-01-15 21:30:03,659 [WARN] ConditionMgr:1044 - genDependencies : Invalid condition id : Cortex-A Device cause : null
2026-01-15 21:30:03,659 [WARN] ConditionMgr:1044 - genDependencies : Invalid condition id : Cortex-A Device cause : null
2026-01-15 21:30:03,678 [WARN] PackLoader:240 - Cannot read IP mode file for STMicroelectronics.X-CUBE-SUBG2.5.0.0
2026-01-15 21:30:03,712 [WARN] PackLoader:240 - Cannot read IP mode file for STMicroelectronics.X-CUBE-AZRTOS-H7RS.1.1.0
2026-01-15 21:30:03,731 [WARN] PackLoader:240 - Cannot read IP mode file for STMicroelectronics.X-CUBE-AZRTOS-G4.2.0.0
2026-01-15 21:30:03,737 [WARN] PackLoader:240 - Cannot read IP mode file for wolfSSL.I-CUBE-wolfSSH.1.4.20
2026-01-15 21:30:03,742 [WARN] PackLoader:240 - Cannot read IP mode file for STMicroelectronics.X-CUBE-NFC7.2.0.0
2026-01-15 21:30:03,745 [WARN] PackLoader:240 - Cannot read IP mode file for STMicroelectronics.X-CUBE-ALS.1.0.2
2026-01-15 21:30:03,750 [WARN] PackLoader:240 - Cannot read IP mode file for STMicroelectronics.X-CUBE-STSE01.1.0.0
2026-01-15 21:30:03,761 [WARN] PackLoader:240 - Cannot read IP mode file for STMicroelectronics.X-CUBE-TOF1.3.4.3
2026-01-15 21:30:03,776 [INFO] ThirdParty:978 - Integrity check success = true
2026-01-15 21:30:03,776 [INFO] IntegrityCheckThread:100 - exiting critical section [integrity check]
2026-01-15 21:30:03,776 [INFO] IntegrityCheckThread:103 - End integrity checks thread
2026-01-15 21:30:05,513 [INFO] WebApp:169 - Instantiating new browser for Auth
2026-01-15 21:30:06,822 [INFO] WebApp:463 - Apply proxy settings
2026-01-15 21:30:06,833 [INFO] WebApp:508 - Chromium authenticates against Manually configured proxy
2026-01-15 21:30:06,849 [INFO] WebApp:516 - Username used for proxy authentication: 
2026-01-15 21:30:06,887 [INFO] WebApp:900 - Register for checkConnection events
2026-01-15 21:30:06,888 [INFO] WebApp:463 - Apply proxy settings
2026-01-15 21:30:06,891 [INFO] WebApp:508 - Chromium authenticates against Manually configured proxy
2026-01-15 21:30:06,891 [INFO] WebApp:516 - Username used for proxy authentication: 
2026-01-15 21:30:07,014 [INFO] WebApp:225 - Starting web application
2026-01-15 21:30:07,015 [INFO] WebApp:593 - Web application path used /Applications/STM32CubeIDE.app/Contents/Eclipse/plugins/com.st.stm32cube.common.mx_6.15.0.202507011659/db/plugins/mcufinder/reactClient1/index.html
2026-01-15 21:30:07,882 [INFO] WebApp:191 - Connection restablished
2026-01-15 21:48:36,995 [ERROR] LogOutputStream:75 - [STDERR_REDIRECT] 
