2025-11-04 00:03:22,388 [INFO] WebApp:191 - Connection restablished
2025-11-04 00:03:22,697 [INFO] WebApp:194 - Connection lost
2025-11-04 00:03:22,983 [INFO] WebApp:191 - Connection restablished
2025-11-04 00:03:53,779 [INFO] WebApp:194 - Connection lost
2025-11-04 00:03:54,852 [INFO] WebApp:191 - Connection restablished
2025-11-04 00:03:59,492 [INFO] WebApp:194 - Connection lost
2025-11-04 00:03:59,792 [INFO] WebApp:191 - Connection restablished
2025-11-04 00:05:42,034 [INFO] WebApp:194 - Connection lost
2025-11-04 00:05:42,329 [INFO] WebApp:191 - Connection restablished
2025-11-04 00:05:44,568 [INFO] WebApp:194 - Connection lost
2025-11-04 00:05:46,387 [INFO] WebApp:191 - Connection restablished
2025-11-04 00:05:56,546 [INFO] WebApp:194 - Connection lost
2025-11-04 00:05:57,426 [INFO] WebApp:191 - Connection restablished
2025-11-04 00:06:15,357 [INFO] WebApp:194 - Connection lost
2025-11-04 00:06:16,317 [INFO] WebApp:191 - Connection restablished
2025-11-04 00:06:20,509 [INFO] WebApp:194 - Connection lost
2025-11-04 00:06:21,865 [INFO] WebApp:191 - Connection restablished
2025-11-04 00:06:35,560 [INFO] WebApp:194 - Connection lost
2025-11-04 00:06:35,810 [INFO] WebApp:191 - Connection restablished
2025-11-04 00:06:58,810 [INFO] WebApp:194 - Connection lost
2025-11-04 00:06:59,176 [INFO] WebApp:191 - Connection restablished
2025-11-04 00:09:37,422 [INFO] WebApp:194 - Connection lost
2025-11-04 00:09:38,008 [INFO] WebApp:191 - Connection restablished
2025-11-04 00:09:56,713 [INFO] WebApp:194 - Connection lost
2025-11-04 00:09:57,099 [INFO] WebApp:191 - Connection restablished
2025-11-04 00:09:59,643 [INFO] WebApp:194 - Connection lost
2025-11-04 00:10:01,919 [INFO] WebApp:191 - Connection restablished
2025-11-04 00:10:16,425 [INFO] WebApp:194 - Connection lost
2025-11-04 00:10:17,244 [INFO] WebApp:191 - Connection restablished
2025-11-04 00:10:20,639 [INFO] WebApp:194 - Connection lost
2025-11-04 00:10:21,952 [INFO] WebApp:191 - Connection restablished
2025-11-04 00:12:50,652 [INFO] WebApp:194 - Connection lost
2025-11-04 00:12:53,211 [INFO] WebApp:191 - Connection restablished
2025-11-04 00:13:03,758 [INFO] WebApp:194 - Connection lost
2025-11-04 00:13:04,925 [INFO] WebApp:191 - Connection restablished
2025-11-04 00:14:52,100 [INFO] WebApp:194 - Connection lost
2025-11-04 00:14:52,728 [INFO] WebApp:191 - Connection restablished
2025-11-04 00:15:05,173 [INFO] WebApp:194 - Connection lost
2025-11-04 00:15:05,674 [INFO] WebApp:191 - Connection restablished
2025-11-04 00:15:05,722 [INFO] WebApp:194 - Connection lost
2025-11-04 00:15:05,878 [INFO] WebApp:191 - Connection restablished
2025-11-04 00:16:02,245 [INFO] WebApp:194 - Connection lost
2025-11-04 00:16:02,721 [INFO] WebApp:191 - Connection restablished
2025-11-04 00:16:10,730 [INFO] WebApp:194 - Connection lost
2025-11-04 00:16:11,193 [INFO] WebApp:191 - Connection restablished
2025-11-04 00:16:11,764 [INFO] WebApp:194 - Connection lost
2025-11-04 00:16:13,103 [INFO] WebApp:191 - Connection restablished
2025-11-04 00:16:28,584 [INFO] WebApp:194 - Connection lost
2025-11-04 00:16:29,610 [INFO] WebApp:191 - Connection restablished
2025-11-04 00:18:07,667 [INFO] WebApp:194 - Connection lost
2025-11-04 00:18:07,927 [INFO] WebApp:191 - Connection restablished
2025-11-04 00:18:08,814 [INFO] WebApp:194 - Connection lost
2025-11-04 00:18:09,937 [INFO] WebApp:191 - Connection restablished
2025-11-04 00:18:48,957 [INFO] WebApp:194 - Connection lost
2025-11-04 00:18:49,494 [INFO] WebApp:191 - Connection restablished
2025-11-04 00:21:21,017 [INFO] WebApp:194 - Connection lost
2025-11-04 00:21:21,464 [INFO] WebApp:191 - Connection restablished
2025-11-04 00:22:00,245 [INFO] WebApp:194 - Connection lost
2025-11-04 00:22:01,114 [INFO] WebApp:191 - Connection restablished
2025-11-04 00:23:39,216 [INFO] WebApp:194 - Connection lost
2025-11-04 00:23:39,816 [INFO] WebApp:191 - Connection restablished
2025-11-04 00:24:00,257 [INFO] WebApp:194 - Connection lost
2025-11-04 00:24:01,727 [INFO] WebApp:191 - Connection restablished
2025-11-04 00:24:22,670 [INFO] WebApp:194 - Connection lost
2025-11-04 00:24:23,309 [INFO] WebApp:191 - Connection restablished
2025-11-04 00:24:24,117 [INFO] WebApp:194 - Connection lost
2025-11-04 00:24:25,325 [INFO] WebApp:191 - Connection restablished
2025-11-04 00:24:59,451 [INFO] WebApp:194 - Connection lost
2025-11-04 00:25:00,407 [INFO] WebApp:191 - Connection restablished
2025-11-04 00:26:57,104 [INFO] WebApp:194 - Connection lost
2025-11-04 00:26:58,356 [INFO] WebApp:191 - Connection restablished
2025-11-04 00:28:01,951 [INFO] WebApp:194 - Connection lost
2025-11-04 00:28:02,349 [INFO] WebApp:191 - Connection restablished
2025-11-04 00:29:04,696 [INFO] WebApp:194 - Connection lost
2025-11-04 00:29:05,060 [INFO] WebApp:191 - Connection restablished
2025-11-04 00:29:30,809 [INFO] WebApp:194 - Connection lost
2025-11-04 00:29:31,091 [INFO] WebApp:191 - Connection restablished
2025-11-04 00:29:44,233 [INFO] WebApp:194 - Connection lost
2025-11-04 00:29:44,705 [INFO] WebApp:191 - Connection restablished
2025-11-04 00:29:48,217 [INFO] WebApp:194 - Connection lost
2025-11-04 00:29:50,086 [INFO] WebApp:191 - Connection restablished
2025-11-04 00:30:49,349 [INFO] WebApp:194 - Connection lost
2025-11-04 00:30:51,070 [INFO] WebApp:191 - Connection restablished
2025-11-04 00:31:09,727 [INFO] WebApp:194 - Connection lost
2025-11-04 00:31:10,561 [INFO] WebApp:191 - Connection restablished
2025-11-04 00:31:22,323 [INFO] WebApp:194 - Connection lost
2025-11-04 00:31:22,570 [INFO] WebApp:191 - Connection restablished
2025-11-04 00:38:14,693 [INFO] WebApp:194 - Connection lost
2025-11-04 00:38:14,952 [INFO] WebApp:191 - Connection restablished
2025-11-04 00:38:24,030 [INFO] WebApp:194 - Connection lost
2025-11-04 00:38:26,051 [INFO] WebApp:191 - Connection restablished
2025-11-04 00:38:44,936 [INFO] WebApp:194 - Connection lost
2025-11-04 00:38:46,218 [INFO] WebApp:191 - Connection restablished
2025-11-04 00:38:52,391 [INFO] WebApp:194 - Connection lost
2025-11-04 00:38:53,533 [INFO] WebApp:191 - Connection restablished
2025-11-04 03:05:12,912 [INFO] WebApp:194 - Connection lost
2025-11-04 03:05:13,329 [INFO] WebApp:191 - Connection restablished
2025-11-04 03:22:06,791 [INFO] WebApp:194 - Connection lost
2025-11-04 03:22:07,139 [INFO] WebApp:191 - Connection restablished
2025-11-04 03:39:17,796 [INFO] WebApp:194 - Connection lost
2025-11-04 03:39:18,663 [INFO] WebApp:191 - Connection restablished
2025-11-04 03:55:16,026 [INFO] WebApp:194 - Connection lost
2025-11-04 03:55:17,383 [INFO] WebApp:191 - Connection restablished
2025-11-04 03:55:21,257 [INFO] WebApp:194 - Connection lost
2025-11-04 03:55:23,550 [INFO] WebApp:191 - Connection restablished
2025-11-04 04:28:26,781 [INFO] WebApp:194 - Connection lost
2025-11-04 04:28:27,554 [INFO] WebApp:191 - Connection restablished
2025-11-04 04:43:47,193 [INFO] WebApp:194 - Connection lost
2025-11-04 04:43:47,530 [INFO] WebApp:191 - Connection restablished
2025-11-04 05:00:03,790 [INFO] WebApp:194 - Connection lost
2025-11-04 05:00:05,190 [INFO] WebApp:191 - Connection restablished
2025-11-04 05:00:05,542 [INFO] WebApp:194 - Connection lost
2025-11-04 05:00:07,044 [INFO] WebApp:191 - Connection restablished
2025-11-04 05:17:36,754 [INFO] WebApp:194 - Connection lost
2025-11-04 05:17:37,993 [INFO] WebApp:191 - Connection restablished
2025-11-04 05:33:00,934 [INFO] WebApp:194 - Connection lost
2025-11-04 05:33:02,706 [INFO] WebApp:191 - Connection restablished
2025-11-04 05:49:03,826 [INFO] WebApp:194 - Connection lost
2025-11-04 05:49:06,454 [INFO] WebApp:191 - Connection restablished
2025-11-04 06:01:00,740 [INFO] WebApp:194 - Connection lost
2025-11-04 06:01:03,794 [INFO] WebApp:191 - Connection restablished
2025-11-04 06:16:19,588 [INFO] WebApp:194 - Connection lost
2025-11-04 06:16:20,080 [INFO] WebApp:191 - Connection restablished
2025-11-04 06:32:10,872 [INFO] WebApp:194 - Connection lost
2025-11-04 06:32:11,309 [INFO] WebApp:191 - Connection restablished
2025-11-04 06:37:52,698 [INFO] WebApp:194 - Connection lost
2025-11-04 06:37:53,327 [INFO] WebApp:191 - Connection restablished
2025-11-04 06:54:57,915 [INFO] WebApp:194 - Connection lost
2025-11-04 06:54:58,628 [INFO] WebApp:191 - Connection restablished
2025-11-04 07:12:04,846 [INFO] WebApp:194 - Connection lost
2025-11-04 07:12:06,022 [INFO] WebApp:191 - Connection restablished
2025-11-04 07:28:10,872 [INFO] WebApp:194 - Connection lost
2025-11-04 07:28:13,630 [INFO] WebApp:191 - Connection restablished
2025-11-04 07:45:17,754 [INFO] WebApp:194 - Connection lost
2025-11-04 07:45:20,936 [INFO] WebApp:191 - Connection restablished
2025-11-04 07:45:48,892 [INFO] WebApp:194 - Connection lost
2025-11-04 07:45:49,693 [INFO] WebApp:191 - Connection restablished
2025-11-04 07:59:56,188 [INFO] WebApp:194 - Connection lost
2025-11-04 07:59:56,526 [INFO] WebApp:191 - Connection restablished
2025-11-04 08:00:00,883 [INFO] WebApp:194 - Connection lost
2025-11-04 08:00:01,818 [INFO] WebApp:191 - Connection restablished
2025-11-04 08:02:00,818 [INFO] WebApp:194 - Connection lost
2025-11-04 08:02:02,116 [INFO] WebApp:191 - Connection restablished
2025-11-04 08:19:01,888 [INFO] WebApp:194 - Connection lost
2025-11-04 08:19:03,374 [INFO] WebApp:191 - Connection restablished
2025-11-04 08:36:50,140 [INFO] WebApp:194 - Connection lost
2025-11-04 08:36:52,448 [INFO] WebApp:191 - Connection restablished
2025-11-04 08:54:38,966 [INFO] WebApp:194 - Connection lost
2025-11-04 08:54:41,614 [INFO] WebApp:191 - Connection restablished
2025-11-04 09:03:00,798 [INFO] WebApp:194 - Connection lost
2025-11-04 09:03:03,695 [INFO] WebApp:191 - Connection restablished
2025-11-04 09:07:30,338 [INFO] WebApp:194 - Connection lost
2025-11-04 09:07:31,931 [INFO] WebApp:191 - Connection restablished
2025-11-04 09:07:32,823 [INFO] WebApp:194 - Connection lost
2025-11-04 09:07:34,964 [INFO] WebApp:191 - Connection restablished
2025-11-04 09:23:54,252 [INFO] WebApp:194 - Connection lost
2025-11-04 09:28:40,929 [INFO] WebApp:191 - Connection restablished
2025-11-04 09:28:42,015 [INFO] WebApp:194 - Connection lost
2025-11-04 09:28:43,964 [INFO] WebApp:191 - Connection restablished
2025-11-04 09:46:14,908 [INFO] WebApp:194 - Connection lost
2025-11-04 09:46:15,282 [INFO] WebApp:191 - Connection restablished
2025-11-04 10:01:52,768 [INFO] WebApp:194 - Connection lost
2025-11-04 10:01:53,127 [INFO] WebApp:191 - Connection restablished
2025-11-04 10:04:01,136 [INFO] WebApp:194 - Connection lost
2025-11-04 10:04:01,348 [INFO] WebApp:191 - Connection restablished
2025-11-04 10:19:10,560 [INFO] WebApp:194 - Connection lost
2025-11-04 10:19:12,488 [INFO] WebApp:191 - Connection restablished
2025-11-04 10:34:55,717 [INFO] WebApp:194 - Connection lost
2025-11-04 10:34:56,688 [INFO] WebApp:191 - Connection restablished
2025-11-04 10:37:26,931 [INFO] WebApp:194 - Connection lost
2025-11-04 10:37:27,370 [INFO] WebApp:191 - Connection restablished
2025-11-04 10:37:29,011 [INFO] WebApp:194 - Connection lost
2025-11-04 10:37:32,482 [INFO] WebApp:191 - Connection restablished
2025-11-04 10:37:46,434 [INFO] WebApp:194 - Connection lost
2025-11-04 10:37:47,311 [INFO] WebApp:191 - Connection restablished
2025-11-04 10:38:29,335 [INFO] WebApp:194 - Connection lost
2025-11-04 10:38:31,061 [INFO] WebApp:191 - Connection restablished
2025-11-04 10:39:38,653 [INFO] WebApp:194 - Connection lost
2025-11-04 10:39:39,841 [INFO] WebApp:191 - Connection restablished
2025-11-04 10:41:16,749 [INFO] WebApp:194 - Connection lost
2025-11-04 11:58:41,305 [INFO] WebApp:191 - Connection restablished
2025-11-04 14:12:25,264 [INFO] UtilMem:75 - End SaveConfig() Used Memory: 357418120 Bytes (832569344)
2025-11-04 14:12:25,900 [INFO] BlockDiagram:2775 - set Specific Code input for plugin: SPI
2025-11-04 14:12:25,900 [INFO] BlockDiagram:2775 - set Specific Code input for plugin: SYS
2025-11-04 14:12:25,900 [INFO] BlockDiagram:2775 - set Specific Code input for plugin: RCC
2025-11-04 14:12:25,902 [INFO] BlockDiagram:2775 - set Specific Code input for plugin: NVIC
2025-11-04 14:12:25,903 [INFO] BlockDiagram:2775 - set Specific Code input for plugin: USART
2025-11-04 14:12:25,904 [INFO] BlockDiagram:2775 - set Specific Code input for plugin: GPIO
2025-11-04 14:12:25,907 [INFO] CodeGenerator:892 - code generatio: config db path: /Applications/STM32CubeIDE.app/Contents/Eclipse/plugins/com.st.stm32cube.common.mx_6.15.0.202507011659//db/
2025-11-04 14:12:26,130 [INFO] CodeEngine:265 - oldGeneratedFile, /Users/rawandbk/STM32CubeIDE/workspace_1.19.0/STMCommandsFromPI/MXTmpFiles/license.tmp_save
2025-11-04 14:12:26,499 [INFO] CodeEngine:289 - Generated code: /Users/rawandbk/STM32CubeIDE/workspace_1.19.0/STMCommandsFromPI/MXTmpFiles/license.tmp
2025-11-04 14:12:26,604 [INFO] CodeEngine:265 - oldGeneratedFile, /Users/rawandbk/STM32CubeIDE/workspace_1.19.0/STMCommandsFromPI/MXTmpFiles/gpio.tmp_save
2025-11-04 14:12:26,796 [INFO] CodeEngine:289 - Generated code: /Users/rawandbk/STM32CubeIDE/workspace_1.19.0/STMCommandsFromPI/MXTmpFiles/gpio.tmp
2025-11-04 14:12:27,046 [INFO] CodeEngine:265 - oldGeneratedFile, /Users/rawandbk/STM32CubeIDE/workspace_1.19.0/STMCommandsFromPI/Core/Src/stm32f4xx_it.c_save
2025-11-04 14:12:27,288 [INFO] CodeEngine:289 - Generated code: /Users/rawandbk/STM32CubeIDE/workspace_1.19.0/STMCommandsFromPI/Core/Src/stm32f4xx_it.c
2025-11-04 14:12:27,291 [INFO] CodeEngine:265 - oldGeneratedFile, /Users/rawandbk/STM32CubeIDE/workspace_1.19.0/STMCommandsFromPI/Core/Inc/stm32f4xx_it.h_save
2025-11-04 14:12:27,404 [INFO] CodeEngine:289 - Generated code: /Users/rawandbk/STM32CubeIDE/workspace_1.19.0/STMCommandsFromPI/Core/Inc/stm32f4xx_it.h
2025-11-04 14:12:27,417 [INFO] CodeEngine:265 - oldGeneratedFile, /Users/rawandbk/STM32CubeIDE/workspace_1.19.0/STMCommandsFromPI/Core/Src/stm32f4xx_hal_msp.c_save
2025-11-04 14:12:27,586 [INFO] CodeEngine:289 - Generated code: /Users/rawandbk/STM32CubeIDE/workspace_1.19.0/STMCommandsFromPI/Core/Src/stm32f4xx_hal_msp.c
2025-11-04 14:12:27,589 [INFO] CodeEngine:265 - oldGeneratedFile, /Users/rawandbk/STM32CubeIDE/workspace_1.19.0/STMCommandsFromPI/MXTmpFiles/system.tmp_save
2025-11-04 14:12:27,683 [INFO] CodeEngine:289 - Generated code: /Users/rawandbk/STM32CubeIDE/workspace_1.19.0/STMCommandsFromPI/MXTmpFiles/system.tmp
2025-11-04 14:12:27,695 [INFO] CodeEngine:321 - oldGeneratedFile, /Users/rawandbk/STM32CubeIDE/workspace_1.19.0/STMCommandsFromPI/Core/Inc/stm32f4xx_hal_conf.h_save
2025-11-04 14:12:27,815 [INFO] CodeEngine:345 - Generated code: /Users/rawandbk/STM32CubeIDE/workspace_1.19.0/STMCommandsFromPI/Core/Inc/stm32f4xx_hal_conf.h
2025-11-04 14:12:27,884 [WARN] IPConfigManager:3238 - Warning: the RefConfig PLL2P_FOR_MCO is not available in your config.xml file
2025-11-04 14:12:27,902 [INFO] CodeEngine:265 - oldGeneratedFile, /Users/rawandbk/STM32CubeIDE/workspace_1.19.0/STMCommandsFromPI/Core/Inc/main.h_save
2025-11-04 14:12:28,026 [INFO] CodeEngine:289 - Generated code: /Users/rawandbk/STM32CubeIDE/workspace_1.19.0/STMCommandsFromPI/Core/Inc/main.h
2025-11-04 14:12:28,029 [INFO] CodeEngine:265 - oldGeneratedFile, /Users/rawandbk/STM32CubeIDE/workspace_1.19.0/STMCommandsFromPI/Core/Src/main.c_save
2025-11-04 14:12:28,199 [INFO] CodeEngine:289 - Generated code: /Users/rawandbk/STM32CubeIDE/workspace_1.19.0/STMCommandsFromPI/Core/Src/main.c
2025-11-04 14:12:28,783 [INFO] ProjectBuilder:3606 - Time for Copy HAL[1] : 100mS.
2025-11-04 14:12:28,801 [INFO] ProjectBuilder:5216 - Project Generator version: 4.7.0-B52
2025-11-04 14:12:28,963 [INFO] ConfigFileManager:1595 - The Die is : DIE421
2025-11-04 14:12:31,101 [INFO] ProjectBuilder:5496 - Time for Generating toolchain IDE Files: 2300mS.
2025-11-04 14:12:31,103 [INFO] ProjectBuilder:3463 - Time for Copy CMSIS : 0mS.
2025-11-04 14:12:31,104 [INFO] ProjectBuilder:3463 - Time for Copy CMSIS : 0mS.
