2025-10-18 00:23:32,358 [INFO] WebApp:194 - Connection lost
2025-10-18 00:23:32,673 [INFO] WebApp:191 - Connection restablished
2025-10-18 00:23:50,982 [INFO] WebApp:194 - Connection lost
2025-10-18 00:23:51,368 [INFO] WebApp:191 - Connection restablished
2025-10-18 00:23:54,989 [INFO] WebApp:194 - Connection lost
2025-10-18 00:23:55,145 [INFO] WebApp:191 - Connection restablished
2025-10-18 00:24:16,586 [INFO] WebApp:194 - Connection lost
2025-10-18 00:24:16,879 [INFO] WebApp:191 - Connection restablished
2025-10-18 00:24:32,422 [INFO] WebApp:194 - Connection lost
2025-10-18 00:24:32,796 [INFO] WebApp:191 - Connection restablished
2025-10-18 00:24:34,010 [INFO] WebApp:194 - Connection lost
2025-10-18 00:24:34,273 [INFO] WebApp:191 - Connection restablished
2025-10-18 00:24:55,730 [INFO] WebApp:194 - Connection lost
2025-10-18 00:24:56,020 [INFO] WebApp:191 - Connection restablished
2025-10-18 00:28:32,429 [INFO] WebApp:194 - Connection lost
2025-10-18 00:28:32,842 [INFO] WebApp:191 - Connection restablished
2025-10-18 00:28:34,148 [INFO] WebApp:194 - Connection lost
2025-10-18 00:28:36,167 [INFO] WebApp:191 - Connection restablished
2025-10-18 00:46:01,631 [INFO] WebApp:194 - Connection lost
2025-10-18 00:46:02,453 [INFO] WebApp:191 - Connection restablished
2025-10-18 00:52:54,440 [INFO] WebApp:194 - Connection lost
2025-10-18 00:52:54,948 [INFO] WebApp:191 - Connection restablished
2025-10-18 00:55:34,096 [INFO] WebApp:194 - Connection lost
2025-10-18 00:55:34,517 [INFO] WebApp:191 - Connection restablished
2025-10-18 00:55:34,804 [INFO] WebApp:194 - Connection lost
2025-10-18 00:55:35,592 [INFO] WebApp:191 - Connection restablished
2025-10-18 00:57:50,811 [INFO] WebApp:194 - Connection lost
2025-10-18 00:57:51,257 [INFO] WebApp:191 - Connection restablished
2025-10-18 00:57:54,987 [INFO] WebApp:194 - Connection lost
2025-10-18 00:57:56,084 [INFO] WebApp:191 - Connection restablished
2025-10-18 01:08:52,550 [INFO] WebApp:194 - Connection lost
2025-10-18 01:08:52,935 [INFO] WebApp:191 - Connection restablished
2025-10-18 01:24:00,093 [INFO] WebApp:194 - Connection lost
2025-10-18 01:24:00,405 [INFO] WebApp:191 - Connection restablished
2025-10-18 01:26:00,494 [INFO] WebApp:194 - Connection lost
2025-10-18 01:26:00,786 [INFO] WebApp:191 - Connection restablished
2025-10-18 01:41:59,776 [INFO] WebApp:194 - Connection lost
2025-10-18 01:42:00,148 [INFO] WebApp:191 - Connection restablished
2025-10-18 01:58:31,417 [INFO] WebApp:194 - Connection lost
2025-10-18 01:58:31,894 [INFO] WebApp:191 - Connection restablished
2025-10-18 01:58:33,163 [INFO] WebApp:194 - Connection lost
2025-10-18 01:58:33,360 [INFO] WebApp:191 - Connection restablished
2025-10-18 02:13:37,683 [INFO] WebApp:194 - Connection lost
2025-10-18 02:13:38,020 [INFO] WebApp:191 - Connection restablished
2025-10-18 02:31:15,582 [INFO] WebApp:194 - Connection lost
2025-10-18 02:31:16,208 [INFO] WebApp:191 - Connection restablished
2025-10-18 02:48:33,605 [INFO] WebApp:194 - Connection lost
2025-10-18 02:48:34,186 [INFO] WebApp:191 - Connection restablished
2025-10-18 03:24:04,722 [INFO] WebApp:194 - Connection lost
2025-10-18 03:24:05,097 [INFO] WebApp:191 - Connection restablished
2025-10-18 03:41:14,612 [INFO] WebApp:194 - Connection lost
2025-10-18 03:41:15,408 [INFO] WebApp:191 - Connection restablished
2025-10-18 03:56:49,458 [INFO] WebApp:194 - Connection lost
2025-10-18 03:56:49,832 [INFO] WebApp:191 - Connection restablished
2025-10-18 03:58:23,743 [INFO] WebApp:194 - Connection lost
2025-10-18 03:58:24,382 [INFO] WebApp:191 - Connection restablished
2025-10-18 03:58:39,990 [INFO] WebApp:194 - Connection lost
2025-10-18 03:58:40,442 [INFO] WebApp:191 - Connection restablished
2025-10-18 03:58:42,067 [INFO] WebApp:194 - Connection lost
2025-10-18 03:58:42,440 [INFO] WebApp:191 - Connection restablished
2025-10-18 04:31:49,030 [INFO] WebApp:194 - Connection lost
2025-10-18 04:31:49,367 [INFO] WebApp:191 - Connection restablished
2025-10-18 04:47:28,680 [INFO] WebApp:194 - Connection lost
2025-10-18 04:47:29,290 [INFO] WebApp:191 - Connection restablished
2025-10-18 05:03:24,544 [INFO] WebApp:194 - Connection lost
2025-10-18 05:03:25,101 [INFO] WebApp:191 - Connection restablished
2025-10-18 05:19:38,193 [INFO] WebApp:194 - Connection lost
2025-10-18 05:19:40,132 [INFO] WebApp:191 - Connection restablished
2025-10-18 06:01:02,752 [INFO] WebApp:194 - Connection lost
2025-10-18 06:01:03,209 [INFO] WebApp:191 - Connection restablished
2025-10-18 06:18:57,662 [INFO] WebApp:194 - Connection lost
2025-10-18 06:18:58,102 [INFO] WebApp:191 - Connection restablished
2025-10-18 06:52:19,011 [INFO] WebApp:194 - Connection lost
2025-10-18 06:52:20,547 [INFO] WebApp:191 - Connection restablished
2025-10-18 07:07:23,614 [INFO] WebApp:194 - Connection lost
2025-10-18 07:07:24,653 [INFO] WebApp:191 - Connection restablished
2025-10-18 07:23:55,534 [INFO] WebApp:194 - Connection lost
2025-10-18 07:23:56,070 [INFO] WebApp:191 - Connection restablished
2025-10-18 07:41:35,503 [INFO] WebApp:194 - Connection lost
2025-10-18 07:41:35,764 [INFO] WebApp:191 - Connection restablished
2025-10-18 07:41:38,049 [INFO] WebApp:194 - Connection lost
2025-10-18 07:41:38,727 [INFO] WebApp:191 - Connection restablished
2025-10-18 07:58:28,462 [INFO] WebApp:194 - Connection lost
2025-10-18 07:58:29,576 [INFO] WebApp:191 - Connection restablished
2025-10-18 08:02:00,456 [INFO] WebApp:194 - Connection lost
2025-10-18 08:02:00,947 [INFO] WebApp:191 - Connection restablished
2025-10-18 08:17:45,610 [INFO] WebApp:194 - Connection lost
2025-10-18 08:17:46,364 [INFO] WebApp:191 - Connection restablished
2025-10-18 08:35:27,702 [INFO] WebApp:194 - Connection lost
2025-10-18 08:35:28,196 [INFO] WebApp:191 - Connection restablished
2025-10-18 09:03:00,549 [INFO] WebApp:194 - Connection lost
2025-10-18 09:03:01,029 [INFO] WebApp:191 - Connection restablished
2025-10-18 09:07:17,158 [INFO] WebApp:194 - Connection lost
2025-10-18 09:07:17,686 [INFO] WebApp:191 - Connection restablished
2025-10-18 09:24:05,458 [INFO] WebApp:194 - Connection lost
2025-10-18 09:24:05,922 [INFO] WebApp:191 - Connection restablished
2025-10-18 09:24:07,436 [INFO] WebApp:194 - Connection lost
2025-10-18 09:24:11,299 [INFO] WebApp:191 - Connection restablished
2025-10-18 09:42:25,765 [INFO] WebApp:194 - Connection lost
2025-10-18 09:42:26,442 [INFO] WebApp:191 - Connection restablished
2025-10-18 09:58:22,838 [INFO] WebApp:194 - Connection lost
2025-10-18 09:58:23,199 [INFO] WebApp:191 - Connection restablished
2025-10-18 10:04:00,883 [INFO] WebApp:194 - Connection lost
2025-10-18 10:04:01,342 [INFO] WebApp:191 - Connection restablished
2025-10-18 10:19:57,849 [INFO] WebApp:194 - Connection lost
2025-10-18 10:19:58,363 [INFO] WebApp:191 - Connection restablished
2025-10-18 10:36:51,538 [INFO] WebApp:194 - Connection lost
2025-10-18 10:36:51,880 [INFO] WebApp:191 - Connection restablished
2025-10-18 10:36:54,275 [INFO] WebApp:194 - Connection lost
2025-10-18 10:36:55,182 [INFO] WebApp:191 - Connection restablished
2025-10-18 10:57:00,689 [INFO] WebApp:194 - Connection lost
2025-10-18 10:57:01,213 [INFO] WebApp:191 - Connection restablished
2025-10-18 11:05:00,492 [INFO] WebApp:194 - Connection lost
2025-10-18 11:05:00,770 [INFO] WebApp:191 - Connection restablished
2025-10-18 11:08:42,188 [INFO] WebApp:194 - Connection lost
2025-10-18 11:08:42,627 [INFO] WebApp:191 - Connection restablished
2025-10-18 11:08:45,921 [INFO] WebApp:194 - Connection lost
2025-10-18 11:08:46,267 [INFO] WebApp:191 - Connection restablished
2025-10-18 11:23:57,366 [INFO] WebApp:194 - Connection lost
2025-10-18 11:23:57,659 [INFO] WebApp:191 - Connection restablished
2025-10-18 11:40:34,765 [INFO] WebApp:194 - Connection lost
2025-10-18 11:40:35,121 [INFO] WebApp:191 - Connection restablished
2025-10-18 11:57:18,715 [INFO] WebApp:194 - Connection lost
2025-10-18 11:57:19,019 [INFO] WebApp:191 - Connection restablished
2025-10-18 12:06:00,558 [INFO] WebApp:194 - Connection lost
2025-10-18 12:06:00,835 [INFO] WebApp:191 - Connection restablished
2025-10-18 12:21:45,824 [INFO] WebApp:194 - Connection lost
2025-10-18 12:21:46,295 [INFO] WebApp:191 - Connection restablished
2025-10-18 12:21:52,150 [INFO] WebApp:194 - Connection lost
2025-10-18 12:21:52,436 [INFO] WebApp:191 - Connection restablished
2025-10-18 12:21:56,670 [INFO] WebApp:194 - Connection lost
2025-10-18 12:21:57,354 [INFO] WebApp:191 - Connection restablished
2025-10-18 12:23:05,186 [INFO] WebApp:194 - Connection lost
2025-10-18 12:23:05,776 [INFO] WebApp:191 - Connection restablished
2025-10-18 12:38:19,456 [INFO] WebApp:194 - Connection lost
2025-10-18 12:38:19,873 [INFO] WebApp:191 - Connection restablished
2025-10-18 12:56:38,590 [INFO] WebApp:194 - Connection lost
2025-10-18 12:56:39,132 [INFO] WebApp:191 - Connection restablished
2025-10-18 13:00:32,746 [INFO] WebApp:194 - Connection lost
2025-10-18 13:00:33,292 [INFO] WebApp:191 - Connection restablished
2025-10-18 13:07:00,648 [INFO] WebApp:194 - Connection lost
2025-10-18 13:07:01,146 [INFO] WebApp:191 - Connection restablished
2025-10-18 13:15:41,104 [INFO] WebApp:194 - Connection lost
2025-10-18 13:15:41,460 [INFO] WebApp:191 - Connection restablished
2025-10-18 13:16:54,961 [INFO] WebApp:194 - Connection lost
2025-10-18 13:32:12,906 [INFO] WebApp:191 - Connection restablished
2025-10-18 14:04:10,812 [INFO] Gpio:278 - dependency for GPIO [RCC, SYS, USART2, USB_OTG_FS]
2025-10-18 14:05:23,437 [INFO] UtilMem:75 - End SaveConfig() Used Memory: 340718576 Bytes (814743552)
2025-10-18 14:05:44,323 [INFO] UtilMem:75 - End SaveConfig() Used Memory: 671542256 Bytes (814743552)
2025-10-18 14:05:45,391 [INFO] BlockDiagram:2775 - set Specific Code input for plugin: SYS
2025-10-18 14:05:45,393 [INFO] BlockDiagram:2775 - set Specific Code input for plugin: RCC
2025-10-18 14:05:45,394 [INFO] BlockDiagram:2775 - set Specific Code input for plugin: USB_OTG_FS
2025-10-18 14:05:45,394 [INFO] BlockDiagram:2775 - set Specific Code input for plugin: NVIC
2025-10-18 14:05:45,394 [INFO] BlockDiagram:2775 - set Specific Code input for plugin: USART
2025-10-18 14:05:45,394 [INFO] BlockDiagram:2775 - set Specific Code input for plugin: GPIO
2025-10-18 14:05:45,395 [INFO] CodeGenerator:892 - code generatio: config db path: /Applications/STM32CubeIDE.app/Contents/Eclipse/plugins/com.st.stm32cube.common.mx_6.15.0.202507011659//db/
2025-10-18 14:05:45,540 [INFO] CodeEngine:265 - oldGeneratedFile, /Users/rawandbk/STM32CubeIDE/workspace_1.19.0/RawandAndAmyPractice/MXTmpFiles/license.tmp_save
2025-10-18 14:05:45,946 [INFO] CodeEngine:289 - Generated code: /Users/rawandbk/STM32CubeIDE/workspace_1.19.0/RawandAndAmyPractice/MXTmpFiles/license.tmp
2025-10-18 14:05:46,001 [INFO] CodeEngine:265 - oldGeneratedFile, /Users/rawandbk/STM32CubeIDE/workspace_1.19.0/RawandAndAmyPractice/MXTmpFiles/gpio.tmp_save
2025-10-18 14:05:46,154 [INFO] CodeEngine:289 - Generated code: /Users/rawandbk/STM32CubeIDE/workspace_1.19.0/RawandAndAmyPractice/MXTmpFiles/gpio.tmp
2025-10-18 14:05:46,339 [WARN] IPConfigManager:3238 - Warning: the RefConfig PWREx_EnableUSBVoltageDetector is not available in your config.xml file
2025-10-18 14:05:46,351 [INFO] CodeEngine:265 - oldGeneratedFile, /Users/rawandbk/STM32CubeIDE/workspace_1.19.0/RawandAndAmyPractice/Core/Src/stm32f4xx_it.c_save
2025-10-18 14:05:46,559 [INFO] CodeEngine:289 - Generated code: /Users/rawandbk/STM32CubeIDE/workspace_1.19.0/RawandAndAmyPractice/Core/Src/stm32f4xx_it.c
2025-10-18 14:05:46,561 [INFO] CodeEngine:265 - oldGeneratedFile, /Users/rawandbk/STM32CubeIDE/workspace_1.19.0/RawandAndAmyPractice/Core/Inc/stm32f4xx_it.h_save
2025-10-18 14:05:46,713 [INFO] CodeEngine:289 - Generated code: /Users/rawandbk/STM32CubeIDE/workspace_1.19.0/RawandAndAmyPractice/Core/Inc/stm32f4xx_it.h
2025-10-18 14:05:46,723 [INFO] CodeEngine:265 - oldGeneratedFile, /Users/rawandbk/STM32CubeIDE/workspace_1.19.0/RawandAndAmyPractice/Core/Src/stm32f4xx_hal_msp.c_save
2025-10-18 14:05:46,893 [INFO] CodeEngine:289 - Generated code: /Users/rawandbk/STM32CubeIDE/workspace_1.19.0/RawandAndAmyPractice/Core/Src/stm32f4xx_hal_msp.c
2025-10-18 14:05:46,896 [INFO] CodeEngine:265 - oldGeneratedFile, /Users/rawandbk/STM32CubeIDE/workspace_1.19.0/RawandAndAmyPractice/MXTmpFiles/system.tmp_save
2025-10-18 14:05:46,958 [INFO] CodeEngine:289 - Generated code: /Users/rawandbk/STM32CubeIDE/workspace_1.19.0/RawandAndAmyPractice/MXTmpFiles/system.tmp
2025-10-18 14:05:46,966 [INFO] CodeEngine:321 - oldGeneratedFile, /Users/rawandbk/STM32CubeIDE/workspace_1.19.0/RawandAndAmyPractice/Core/Inc/stm32f4xx_hal_conf.h_save
2025-10-18 14:05:47,036 [INFO] CodeEngine:345 - Generated code: /Users/rawandbk/STM32CubeIDE/workspace_1.19.0/RawandAndAmyPractice/Core/Inc/stm32f4xx_hal_conf.h
2025-10-18 14:05:47,106 [WARN] IPConfigManager:3238 - Warning: the RefConfig PLL2P_FOR_MCO is not available in your config.xml file
2025-10-18 14:05:47,111 [WARN] IPConfigManager:3811 - IP not found : USB_OTG
2025-10-18 14:05:47,111 [WARN] CodeGenerator:4259 - IP not found : null
2025-10-18 14:05:47,119 [INFO] CodeEngine:265 - oldGeneratedFile, /Users/rawandbk/STM32CubeIDE/workspace_1.19.0/RawandAndAmyPractice/Core/Inc/main.h_save
2025-10-18 14:05:47,221 [INFO] CodeEngine:289 - Generated code: /Users/rawandbk/STM32CubeIDE/workspace_1.19.0/RawandAndAmyPractice/Core/Inc/main.h
2025-10-18 14:05:47,224 [INFO] CodeEngine:265 - oldGeneratedFile, /Users/rawandbk/STM32CubeIDE/workspace_1.19.0/RawandAndAmyPractice/Core/Src/main.c_save
2025-10-18 14:05:47,352 [INFO] CodeEngine:289 - Generated code: /Users/rawandbk/STM32CubeIDE/workspace_1.19.0/RawandAndAmyPractice/Core/Src/main.c
2025-10-18 14:05:47,560 [INFO] ProjectBuilder:3606 - Time for Copy HAL[1] : 62mS.
2025-10-18 14:05:47,569 [INFO] ProjectBuilder:5216 - Project Generator version: 4.7.0-B52
2025-10-18 14:05:47,635 [INFO] ConfigFileManager:1595 - The Die is : DIE421
2025-10-18 14:05:49,221 [INFO] ProjectBuilder:5496 - Time for Generating toolchain IDE Files: 1652mS.
2025-10-18 14:05:49,222 [INFO] ProjectBuilder:3463 - Time for Copy CMSIS : 1mS.
2025-10-18 14:05:49,222 [INFO] ProjectBuilder:3463 - Time for Copy CMSIS : 0mS.
2025-10-18 14:19:43,823 [INFO] Gpio:278 - dependency for GPIO [RCC, SYS, USART2, USB_OTG_FS]
2025-10-18 14:19:44,040 [INFO] NvicIntPanel:101 - NVIC parent = com.st.microxplorer.plugins.ip.nvic.MultiNvicIntPanel[,0,0,0x0,invalid,layout=javax.swing.BoxLayout,alignmentX=0.0,alignmentY=0.0,border=,flags=9,maximumSize=,minimumSize=,preferredSize=]
2025-10-18 14:22:48,939 [INFO] UtilMem:75 - End SaveConfig() Used Memory: 687258400 Bytes (814743552)
2025-10-18 14:22:52,682 [INFO] UtilMem:75 - End SaveConfig() Used Memory: 297918496 Bytes (814743552)
2025-10-18 14:22:53,280 [INFO] BlockDiagram:2775 - set Specific Code input for plugin: SYS
2025-10-18 14:22:53,280 [INFO] BlockDiagram:2775 - set Specific Code input for plugin: RCC
2025-10-18 14:22:53,280 [INFO] BlockDiagram:2775 - set Specific Code input for plugin: USB_OTG_FS
2025-10-18 14:22:53,280 [INFO] BlockDiagram:2775 - set Specific Code input for plugin: NVIC
2025-10-18 14:22:53,280 [INFO] BlockDiagram:2775 - set Specific Code input for plugin: USART
2025-10-18 14:22:53,280 [INFO] BlockDiagram:2775 - set Specific Code input for plugin: GPIO
2025-10-18 14:22:53,281 [INFO] CodeGenerator:892 - code generatio: config db path: /Applications/STM32CubeIDE.app/Contents/Eclipse/plugins/com.st.stm32cube.common.mx_6.15.0.202507011659//db/
2025-10-18 14:22:53,373 [INFO] CodeEngine:265 - oldGeneratedFile, /Users/rawandbk/STM32CubeIDE/workspace_1.19.0/RawandAndAmyPractice/MXTmpFiles/license.tmp_save
2025-10-18 14:22:53,662 [INFO] CodeEngine:289 - Generated code: /Users/rawandbk/STM32CubeIDE/workspace_1.19.0/RawandAndAmyPractice/MXTmpFiles/license.tmp
2025-10-18 14:22:53,733 [INFO] CodeEngine:265 - oldGeneratedFile, /Users/rawandbk/STM32CubeIDE/workspace_1.19.0/RawandAndAmyPractice/MXTmpFiles/gpio.tmp_save
2025-10-18 14:22:53,911 [INFO] CodeEngine:289 - Generated code: /Users/rawandbk/STM32CubeIDE/workspace_1.19.0/RawandAndAmyPractice/MXTmpFiles/gpio.tmp
2025-10-18 14:22:54,062 [WARN] IPConfigManager:3238 - Warning: the RefConfig PWREx_EnableUSBVoltageDetector is not available in your config.xml file
2025-10-18 14:22:54,073 [INFO] CodeEngine:265 - oldGeneratedFile, /Users/rawandbk/STM32CubeIDE/workspace_1.19.0/RawandAndAmyPractice/Core/Src/stm32f4xx_it.c_save
2025-10-18 14:22:54,280 [INFO] CodeEngine:289 - Generated code: /Users/rawandbk/STM32CubeIDE/workspace_1.19.0/RawandAndAmyPractice/Core/Src/stm32f4xx_it.c
2025-10-18 14:22:54,282 [INFO] CodeEngine:265 - oldGeneratedFile, /Users/rawandbk/STM32CubeIDE/workspace_1.19.0/RawandAndAmyPractice/Core/Inc/stm32f4xx_it.h_save
2025-10-18 14:22:54,360 [INFO] CodeEngine:289 - Generated code: /Users/rawandbk/STM32CubeIDE/workspace_1.19.0/RawandAndAmyPractice/Core/Inc/stm32f4xx_it.h
2025-10-18 14:22:54,366 [INFO] CodeEngine:265 - oldGeneratedFile, /Users/rawandbk/STM32CubeIDE/workspace_1.19.0/RawandAndAmyPractice/Core/Src/stm32f4xx_hal_msp.c_save
2025-10-18 14:22:54,539 [INFO] CodeEngine:289 - Generated code: /Users/rawandbk/STM32CubeIDE/workspace_1.19.0/RawandAndAmyPractice/Core/Src/stm32f4xx_hal_msp.c
2025-10-18 14:22:54,546 [INFO] CodeEngine:265 - oldGeneratedFile, /Users/rawandbk/STM32CubeIDE/workspace_1.19.0/RawandAndAmyPractice/MXTmpFiles/system.tmp_save
2025-10-18 14:22:54,629 [INFO] CodeEngine:289 - Generated code: /Users/rawandbk/STM32CubeIDE/workspace_1.19.0/RawandAndAmyPractice/MXTmpFiles/system.tmp
2025-10-18 14:22:54,636 [INFO] CodeEngine:321 - oldGeneratedFile, /Users/rawandbk/STM32CubeIDE/workspace_1.19.0/RawandAndAmyPractice/Core/Inc/stm32f4xx_hal_conf.h_save
2025-10-18 14:22:54,732 [INFO] CodeEngine:345 - Generated code: /Users/rawandbk/STM32CubeIDE/workspace_1.19.0/RawandAndAmyPractice/Core/Inc/stm32f4xx_hal_conf.h
2025-10-18 14:22:54,781 [WARN] IPConfigManager:3238 - Warning: the RefConfig PLL2P_FOR_MCO is not available in your config.xml file
2025-10-18 14:22:54,787 [WARN] IPConfigManager:3811 - IP not found : USB_OTG
2025-10-18 14:22:54,788 [WARN] CodeGenerator:4259 - IP not found : null
2025-10-18 14:22:54,792 [INFO] CodeEngine:265 - oldGeneratedFile, /Users/rawandbk/STM32CubeIDE/workspace_1.19.0/RawandAndAmyPractice/Core/Inc/main.h_save
2025-10-18 14:22:54,932 [INFO] CodeEngine:289 - Generated code: /Users/rawandbk/STM32CubeIDE/workspace_1.19.0/RawandAndAmyPractice/Core/Inc/main.h
2025-10-18 14:22:54,936 [INFO] CodeEngine:265 - oldGeneratedFile, /Users/rawandbk/STM32CubeIDE/workspace_1.19.0/RawandAndAmyPractice/Core/Src/main.c_save
2025-10-18 14:22:55,100 [INFO] CodeEngine:289 - Generated code: /Users/rawandbk/STM32CubeIDE/workspace_1.19.0/RawandAndAmyPractice/Core/Src/main.c
2025-10-18 14:22:55,781 [INFO] ProjectBuilder:3606 - Time for Copy HAL[1] : 68mS.
2025-10-18 14:22:55,799 [INFO] ProjectBuilder:5216 - Project Generator version: 4.7.0-B52
2025-10-18 14:22:55,939 [INFO] ConfigFileManager:1595 - The Die is : DIE421
2025-10-18 14:22:58,331 [INFO] ProjectBuilder:5496 - Time for Generating toolchain IDE Files: 2528mS.
2025-10-18 14:22:58,334 [INFO] ProjectBuilder:3463 - Time for Copy CMSIS : 0mS.
2025-10-18 14:22:58,335 [INFO] ProjectBuilder:3463 - Time for Copy CMSIS : 0mS.
2025-10-18 15:17:50,464 [INFO] WebApp:194 - Connection lost
2025-10-18 15:17:51,093 [INFO] WebApp:191 - Connection restablished
2025-10-18 15:18:40,359 [INFO] WebApp:194 - Connection lost
2025-10-18 15:18:40,718 [INFO] WebApp:191 - Connection restablished
2025-10-18 16:03:35,454 [INFO] WebApp:194 - Connection lost
2025-10-18 16:03:42,368 [INFO] WebApp:191 - Connection restablished
2025-10-18 16:04:07,273 [INFO] WebApp:194 - Connection lost
2025-10-18 16:04:14,915 [INFO] WebApp:191 - Connection restablished
2025-10-18 16:04:55,423 [INFO] WebApp:194 - Connection lost
2025-10-18 16:05:09,320 [INFO] WebApp:191 - Connection restablished
2025-10-18 16:05:18,640 [INFO] WebApp:194 - Connection lost
2025-10-18 16:05:26,471 [INFO] WebApp:191 - Connection restablished
2025-10-18 16:05:44,669 [INFO] WebApp:194 - Connection lost
2025-10-18 16:05:52,295 [INFO] WebApp:191 - Connection restablished
2025-10-18 16:07:04,567 [INFO] WebApp:194 - Connection lost
2025-10-18 16:07:11,630 [INFO] WebApp:191 - Connection restablished
2025-10-18 16:07:21,067 [INFO] WebApp:194 - Connection lost
2025-10-18 16:07:36,704 [INFO] WebApp:191 - Connection restablished
2025-10-18 16:36:19,401 [INFO] WebApp:194 - Connection lost
2025-10-18 16:36:21,403 [INFO] WebApp:191 - Connection restablished
2025-10-18 16:36:36,353 [INFO] WebApp:194 - Connection lost
2025-10-18 16:36:41,259 [INFO] WebApp:191 - Connection restablished
2025-10-18 16:37:13,472 [INFO] WebApp:194 - Connection lost
2025-10-18 17:03:06,597 [INFO] WebApp:191 - Connection restablished
2025-10-18 17:03:23,339 [INFO] WebApp:194 - Connection lost
2025-10-18 17:03:24,134 [INFO] WebApp:191 - Connection restablished
2025-10-18 17:06:13,246 [INFO] WebApp:194 - Connection lost
2025-10-18 17:06:13,534 [INFO] WebApp:191 - Connection restablished
2025-10-18 17:06:34,368 [INFO] WebApp:194 - Connection lost
2025-10-18 17:06:34,639 [INFO] WebApp:191 - Connection restablished
2025-10-18 17:06:49,237 [INFO] WebApp:194 - Connection lost
2025-10-18 17:06:49,677 [INFO] WebApp:191 - Connection restablished
2025-10-18 17:06:53,585 [INFO] WebApp:194 - Connection lost
2025-10-18 17:06:53,897 [INFO] WebApp:191 - Connection restablished
2025-10-18 17:07:33,535 [INFO] WebApp:194 - Connection lost
2025-10-18 17:07:33,898 [INFO] WebApp:191 - Connection restablished
2025-10-18 17:11:58,389 [INFO] WebApp:194 - Connection lost
2025-10-18 17:11:58,717 [INFO] WebApp:191 - Connection restablished
2025-10-18 17:13:33,588 [INFO] WebApp:194 - Connection lost
2025-10-18 17:13:33,962 [INFO] WebApp:191 - Connection restablished
2025-10-18 17:15:17,949 [INFO] WebApp:194 - Connection lost
2025-10-18 17:15:18,300 [INFO] WebApp:191 - Connection restablished
2025-10-18 17:31:41,682 [INFO] WebApp:194 - Connection lost
2025-10-18 17:31:42,138 [INFO] WebApp:191 - Connection restablished
2025-10-18 17:47:38,665 [INFO] WebApp:194 - Connection lost
2025-10-18 17:47:39,073 [INFO] WebApp:191 - Connection restablished
2025-10-18 18:01:03,599 [INFO] WebApp:194 - Connection lost
2025-10-18 18:01:03,811 [INFO] WebApp:191 - Connection restablished
2025-10-18 18:01:48,296 [INFO] WebApp:194 - Connection lost
2025-10-18 18:01:48,522 [INFO] WebApp:191 - Connection restablished
2025-10-18 18:01:56,952 [INFO] WebApp:194 - Connection lost
2025-10-18 18:01:57,271 [INFO] WebApp:191 - Connection restablished
2025-10-18 18:01:58,739 [INFO] WebApp:194 - Connection lost
2025-10-18 18:02:00,458 [INFO] WebApp:191 - Connection restablished
2025-10-18 18:02:08,152 [INFO] WebApp:194 - Connection lost
2025-10-18 18:02:08,404 [INFO] WebApp:191 - Connection restablished
2025-10-18 18:02:16,552 [INFO] WebApp:194 - Connection lost
2025-10-18 18:02:16,748 [INFO] WebApp:191 - Connection restablished
2025-10-18 18:02:25,760 [INFO] WebApp:194 - Connection lost
2025-10-18 18:02:25,968 [INFO] WebApp:191 - Connection restablished
2025-10-18 18:02:35,204 [INFO] WebApp:194 - Connection lost
2025-10-18 18:02:35,603 [INFO] WebApp:191 - Connection restablished
2025-10-18 18:02:44,307 [INFO] WebApp:194 - Connection lost
2025-10-18 18:02:44,743 [INFO] WebApp:191 - Connection restablished
2025-10-18 18:02:48,905 [INFO] WebApp:194 - Connection lost
2025-10-18 18:02:50,712 [INFO] WebApp:191 - Connection restablished
2025-10-18 18:02:58,751 [INFO] WebApp:194 - Connection lost
2025-10-18 18:02:59,026 [INFO] WebApp:191 - Connection restablished
2025-10-18 18:03:07,953 [INFO] WebApp:194 - Connection lost
2025-10-18 18:03:08,222 [INFO] WebApp:191 - Connection restablished
2025-10-18 18:03:18,710 [INFO] WebApp:194 - Connection lost
2025-10-18 18:03:19,023 [INFO] WebApp:191 - Connection restablished
2025-10-18 18:03:27,930 [INFO] WebApp:194 - Connection lost
2025-10-18 18:03:28,224 [INFO] WebApp:191 - Connection restablished
2025-10-18 18:03:36,112 [INFO] WebApp:194 - Connection lost
2025-10-18 18:03:36,423 [INFO] WebApp:191 - Connection restablished
2025-10-18 18:03:37,840 [INFO] WebApp:194 - Connection lost
2025-10-18 18:03:39,668 [INFO] WebApp:191 - Connection restablished
2025-10-18 18:03:45,554 [INFO] WebApp:194 - Connection lost
2025-10-18 18:03:46,012 [INFO] WebApp:191 - Connection restablished
2025-10-18 18:03:53,971 [INFO] WebApp:194 - Connection lost
2025-10-18 18:03:54,254 [INFO] WebApp:191 - Connection restablished
2025-10-18 18:03:55,864 [INFO] WebApp:194 - Connection lost
2025-10-18 18:03:59,460 [INFO] WebApp:191 - Connection restablished
2025-10-18 18:04:02,367 [INFO] WebApp:194 - Connection lost
2025-10-18 18:04:03,587 [INFO] WebApp:191 - Connection restablished
2025-10-18 18:04:10,714 [INFO] WebApp:194 - Connection lost
2025-10-18 18:04:10,970 [INFO] WebApp:191 - Connection restablished
2025-10-18 18:04:19,342 [INFO] WebApp:194 - Connection lost
2025-10-18 18:04:19,611 [INFO] WebApp:191 - Connection restablished
2025-10-18 18:04:28,642 [INFO] WebApp:194 - Connection lost
2025-10-18 18:04:29,036 [INFO] WebApp:191 - Connection restablished
2025-10-18 18:04:38,265 [INFO] WebApp:194 - Connection lost
2025-10-18 18:04:38,722 [INFO] WebApp:191 - Connection restablished
2025-10-18 18:04:46,663 [INFO] WebApp:194 - Connection lost
2025-10-18 18:04:47,116 [INFO] WebApp:191 - Connection restablished
2025-10-18 18:04:54,982 [INFO] WebApp:194 - Connection lost
2025-10-18 18:04:55,336 [INFO] WebApp:191 - Connection restablished
2025-10-18 18:04:55,874 [INFO] WebApp:194 - Connection lost
2025-10-18 18:04:56,396 [INFO] WebApp:191 - Connection restablished
2025-10-18 18:05:04,904 [INFO] WebApp:194 - Connection lost
2025-10-18 18:05:05,306 [INFO] WebApp:191 - Connection restablished
2025-10-18 18:05:12,891 [INFO] WebApp:194 - Connection lost
2025-10-18 18:05:13,179 [INFO] WebApp:191 - Connection restablished
2025-10-18 18:05:22,316 [INFO] WebApp:194 - Connection lost
2025-10-18 18:05:22,663 [INFO] WebApp:191 - Connection restablished
2025-10-18 18:05:34,333 [INFO] WebApp:194 - Connection lost
2025-10-18 18:05:34,623 [INFO] WebApp:191 - Connection restablished
2025-10-18 18:05:42,470 [INFO] WebApp:194 - Connection lost
2025-10-18 18:05:42,792 [INFO] WebApp:191 - Connection restablished
2025-10-18 18:05:43,905 [INFO] WebApp:194 - Connection lost
2025-10-18 18:05:44,299 [INFO] WebApp:191 - Connection restablished
2025-10-18 18:05:51,082 [INFO] WebApp:194 - Connection lost
2025-10-18 18:05:51,375 [INFO] WebApp:191 - Connection restablished
2025-10-18 18:06:00,418 [INFO] WebApp:194 - Connection lost
2025-10-18 18:06:00,721 [INFO] WebApp:191 - Connection restablished
2025-10-18 18:06:08,906 [INFO] WebApp:194 - Connection lost
2025-10-18 18:06:09,186 [INFO] WebApp:191 - Connection restablished
2025-10-18 18:06:18,317 [INFO] WebApp:194 - Connection lost
2025-10-18 18:06:18,642 [INFO] WebApp:191 - Connection restablished
2025-10-18 18:06:26,773 [INFO] WebApp:194 - Connection lost
2025-10-18 18:06:27,058 [INFO] WebApp:191 - Connection restablished
2025-10-18 18:06:35,226 [INFO] WebApp:194 - Connection lost
2025-10-18 18:06:35,481 [INFO] WebApp:191 - Connection restablished
2025-10-18 18:06:44,543 [INFO] WebApp:194 - Connection lost
2025-10-18 18:06:44,892 [INFO] WebApp:191 - Connection restablished
2025-10-18 18:06:53,664 [INFO] WebApp:194 - Connection lost
2025-10-18 18:06:54,056 [INFO] WebApp:191 - Connection restablished
2025-10-18 18:07:02,963 [INFO] WebApp:194 - Connection lost
2025-10-18 18:07:04,472 [INFO] WebApp:191 - Connection restablished
2025-10-18 18:07:04,903 [INFO] WebApp:194 - Connection lost
2025-10-18 18:07:06,071 [INFO] WebApp:191 - Connection restablished
2025-10-18 18:07:15,283 [INFO] WebApp:194 - Connection lost
2025-10-18 18:07:15,730 [INFO] WebApp:191 - Connection restablished
2025-10-18 18:07:24,496 [INFO] WebApp:194 - Connection lost
2025-10-18 18:07:24,865 [INFO] WebApp:191 - Connection restablished
2025-10-18 18:07:26,001 [INFO] WebApp:194 - Connection lost
2025-10-18 18:07:26,357 [INFO] WebApp:191 - Connection restablished
2025-10-18 18:07:33,177 [INFO] WebApp:194 - Connection lost
2025-10-18 18:07:33,475 [INFO] WebApp:191 - Connection restablished
2025-10-18 18:07:43,401 [INFO] WebApp:194 - Connection lost
2025-10-18 18:07:44,190 [INFO] WebApp:191 - Connection restablished
2025-10-18 18:07:56,875 [INFO] WebApp:194 - Connection lost
2025-10-18 18:07:57,128 [INFO] WebApp:191 - Connection restablished
2025-10-18 18:07:58,969 [INFO] WebApp:194 - Connection lost
2025-10-18 18:08:00,065 [INFO] WebApp:191 - Connection restablished
2025-10-18 18:08:07,482 [INFO] WebApp:194 - Connection lost
2025-10-18 18:08:07,775 [INFO] WebApp:191 - Connection restablished
2025-10-18 18:08:17,865 [INFO] WebApp:194 - Connection lost
2025-10-18 18:08:18,134 [INFO] WebApp:191 - Connection restablished
2025-10-18 18:08:19,961 [INFO] WebApp:194 - Connection lost
2025-10-18 18:08:20,795 [INFO] WebApp:191 - Connection restablished
2025-10-18 18:08:30,417 [INFO] WebApp:194 - Connection lost
2025-10-18 18:08:30,717 [INFO] WebApp:191 - Connection restablished
2025-10-18 18:08:39,220 [INFO] WebApp:194 - Connection lost
2025-10-18 18:08:39,478 [INFO] WebApp:191 - Connection restablished
2025-10-18 18:08:47,485 [INFO] WebApp:194 - Connection lost
2025-10-18 18:08:47,759 [INFO] WebApp:191 - Connection restablished
2025-10-18 18:08:49,968 [INFO] WebApp:194 - Connection lost
2025-10-18 18:08:50,740 [INFO] WebApp:191 - Connection restablished
2025-10-18 18:08:58,588 [INFO] WebApp:194 - Connection lost
2025-10-18 18:08:58,819 [INFO] WebApp:191 - Connection restablished
2025-10-18 18:09:08,313 [INFO] WebApp:194 - Connection lost
2025-10-18 18:09:08,574 [INFO] WebApp:191 - Connection restablished
2025-10-18 18:09:17,849 [INFO] WebApp:194 - Connection lost
2025-10-18 18:09:18,130 [INFO] WebApp:191 - Connection restablished
2025-10-18 18:09:26,068 [INFO] WebApp:194 - Connection lost
2025-10-18 18:09:26,693 [INFO] WebApp:191 - Connection restablished
2025-10-18 18:09:30,299 [INFO] WebApp:194 - Connection lost
2025-10-18 18:09:30,746 [INFO] WebApp:191 - Connection restablished
2025-10-18 18:09:40,882 [INFO] WebApp:194 - Connection lost
2025-10-18 18:09:41,166 [INFO] WebApp:191 - Connection restablished
2025-10-18 18:09:49,277 [INFO] WebApp:194 - Connection lost
2025-10-18 18:09:49,541 [INFO] WebApp:191 - Connection restablished
2025-10-18 18:09:57,466 [INFO] WebApp:194 - Connection lost
2025-10-18 18:09:57,752 [INFO] WebApp:191 - Connection restablished
2025-10-18 18:10:05,779 [INFO] WebApp:194 - Connection lost
2025-10-18 18:10:06,073 [INFO] WebApp:191 - Connection restablished
2025-10-18 18:10:07,999 [INFO] WebApp:194 - Connection lost
2025-10-18 18:10:08,986 [INFO] WebApp:191 - Connection restablished
2025-10-18 18:10:17,560 [INFO] WebApp:194 - Connection lost
2025-10-18 18:10:17,928 [INFO] WebApp:191 - Connection restablished
2025-10-18 18:10:26,916 [INFO] WebApp:194 - Connection lost
2025-10-18 18:10:27,248 [INFO] WebApp:191 - Connection restablished
2025-10-18 18:10:28,959 [INFO] WebApp:194 - Connection lost
2025-10-18 18:10:30,247 [INFO] WebApp:191 - Connection restablished
2025-10-18 18:10:37,555 [INFO] WebApp:194 - Connection lost
2025-10-18 18:10:37,904 [INFO] WebApp:191 - Connection restablished
2025-10-18 18:10:45,996 [INFO] WebApp:194 - Connection lost
2025-10-18 18:10:46,267 [INFO] WebApp:191 - Connection restablished
2025-10-18 18:10:54,462 [INFO] WebApp:194 - Connection lost
2025-10-18 18:10:54,715 [INFO] WebApp:191 - Connection restablished
2025-10-18 18:10:56,027 [INFO] WebApp:194 - Connection lost
2025-10-18 18:10:57,811 [INFO] WebApp:191 - Connection restablished
2025-10-18 18:11:03,936 [INFO] WebApp:194 - Connection lost
2025-10-18 18:11:04,216 [INFO] WebApp:191 - Connection restablished
2025-10-18 18:11:12,219 [INFO] WebApp:194 - Connection lost
2025-10-18 18:11:12,479 [INFO] WebApp:191 - Connection restablished
2025-10-18 18:11:21,649 [INFO] WebApp:194 - Connection lost
2025-10-18 18:11:21,918 [INFO] WebApp:191 - Connection restablished
2025-10-18 18:11:29,895 [INFO] WebApp:194 - Connection lost
2025-10-18 18:11:30,278 [INFO] WebApp:191 - Connection restablished
2025-10-18 18:11:41,918 [INFO] WebApp:194 - Connection lost
2025-10-18 18:11:42,229 [INFO] WebApp:191 - Connection restablished
2025-10-18 18:11:55,411 [INFO] WebApp:194 - Connection lost
2025-10-18 18:11:55,675 [INFO] WebApp:191 - Connection restablished
2025-10-18 18:11:58,983 [INFO] WebApp:194 - Connection lost
2025-10-18 18:11:59,192 [INFO] WebApp:191 - Connection restablished
2025-10-18 18:12:09,152 [INFO] WebApp:194 - Connection lost
2025-10-18 18:12:09,430 [INFO] WebApp:191 - Connection restablished
2025-10-18 18:12:10,987 [INFO] WebApp:194 - Connection lost
2025-10-18 18:12:12,530 [INFO] WebApp:191 - Connection restablished
2025-10-18 18:12:17,623 [INFO] WebApp:194 - Connection lost
2025-10-18 18:12:18,101 [INFO] WebApp:191 - Connection restablished
2025-10-18 18:12:22,456 [INFO] WebApp:194 - Connection lost
2025-10-18 18:12:22,892 [INFO] WebApp:191 - Connection restablished
2025-10-18 18:12:32,008 [INFO] WebApp:194 - Connection lost
2025-10-18 18:12:32,445 [INFO] WebApp:191 - Connection restablished
2025-10-18 18:12:40,291 [INFO] WebApp:194 - Connection lost
2025-10-18 18:12:40,562 [INFO] WebApp:191 - Connection restablished
2025-10-18 18:12:44,060 [INFO] WebApp:194 - Connection lost
2025-10-18 18:12:45,118 [INFO] WebApp:191 - Connection restablished
2025-10-18 18:12:54,430 [INFO] WebApp:194 - Connection lost
2025-10-18 18:12:54,727 [INFO] WebApp:191 - Connection restablished
2025-10-18 18:13:02,672 [INFO] WebApp:194 - Connection lost
2025-10-18 18:13:03,035 [INFO] WebApp:191 - Connection restablished
2025-10-18 18:13:05,059 [INFO] WebApp:194 - Connection lost
2025-10-18 18:13:06,247 [INFO] WebApp:191 - Connection restablished
2025-10-18 18:13:13,577 [INFO] WebApp:194 - Connection lost
2025-10-18 18:13:13,849 [INFO] WebApp:191 - Connection restablished
2025-10-18 18:13:21,895 [INFO] WebApp:194 - Connection lost
2025-10-18 18:13:22,359 [INFO] WebApp:191 - Connection restablished
2025-10-18 18:13:23,023 [INFO] WebApp:194 - Connection lost
2025-10-18 18:13:23,385 [INFO] WebApp:191 - Connection restablished
2025-10-18 18:13:36,399 [INFO] WebApp:194 - Connection lost
2025-10-18 18:13:36,781 [INFO] WebApp:191 - Connection restablished
2025-10-18 18:13:47,405 [INFO] WebApp:194 - Connection lost
2025-10-18 18:13:47,701 [INFO] WebApp:191 - Connection restablished
2025-10-18 18:14:01,759 [INFO] WebApp:194 - Connection lost
2025-10-18 18:14:02,089 [INFO] WebApp:191 - Connection restablished
2025-10-18 18:14:09,975 [INFO] WebApp:194 - Connection lost
2025-10-18 18:14:10,372 [INFO] WebApp:191 - Connection restablished
2025-10-18 18:14:11,106 [INFO] WebApp:194 - Connection lost
2025-10-18 18:14:11,722 [INFO] WebApp:191 - Connection restablished
2025-10-18 18:14:18,551 [INFO] WebApp:194 - Connection lost
2025-10-18 18:14:18,810 [INFO] WebApp:191 - Connection restablished
2025-10-18 18:14:20,118 [INFO] WebApp:194 - Connection lost
2025-10-18 18:14:21,989 [INFO] WebApp:191 - Connection restablished
2025-10-18 18:14:26,977 [INFO] WebApp:194 - Connection lost
2025-10-18 18:14:27,503 [INFO] WebApp:191 - Connection restablished
2025-10-18 18:14:29,050 [INFO] WebApp:194 - Connection lost
2025-10-18 18:14:30,684 [INFO] WebApp:191 - Connection restablished
2025-10-18 18:14:38,578 [INFO] WebApp:194 - Connection lost
2025-10-18 18:14:38,899 [INFO] WebApp:191 - Connection restablished
2025-10-18 18:14:41,213 [INFO] WebApp:194 - Connection lost
2025-10-18 18:14:42,118 [INFO] WebApp:191 - Connection restablished
2025-10-18 18:14:50,541 [INFO] WebApp:194 - Connection lost
2025-10-18 18:14:50,828 [INFO] WebApp:191 - Connection restablished
2025-10-18 18:14:58,875 [INFO] WebApp:194 - Connection lost
2025-10-18 18:14:59,230 [INFO] WebApp:191 - Connection restablished
2025-10-18 18:15:08,378 [INFO] WebApp:194 - Connection lost
2025-10-18 18:15:08,711 [INFO] WebApp:191 - Connection restablished
2025-10-18 18:15:16,745 [INFO] WebApp:194 - Connection lost
2025-10-18 18:15:17,109 [INFO] WebApp:191 - Connection restablished
2025-10-18 18:15:24,968 [INFO] WebApp:194 - Connection lost
2025-10-18 18:15:25,212 [INFO] WebApp:191 - Connection restablished
2025-10-18 18:15:33,237 [INFO] WebApp:194 - Connection lost
2025-10-18 18:15:33,505 [INFO] WebApp:191 - Connection restablished
2025-10-18 18:15:41,652 [INFO] WebApp:194 - Connection lost
2025-10-18 18:15:41,975 [INFO] WebApp:191 - Connection restablished
2025-10-18 18:15:52,802 [INFO] WebApp:194 - Connection lost
2025-10-18 18:15:53,517 [INFO] WebApp:191 - Connection restablished
2025-10-18 18:16:01,129 [INFO] WebApp:194 - Connection lost
2025-10-18 18:16:01,388 [INFO] WebApp:191 - Connection restablished
2025-10-18 18:16:11,245 [INFO] WebApp:194 - Connection lost
2025-10-18 18:16:11,638 [INFO] WebApp:191 - Connection restablished
2025-10-18 18:16:32,134 [INFO] WebApp:194 - Connection lost
2025-10-18 18:16:32,705 [INFO] WebApp:191 - Connection restablished
2025-10-18 18:16:40,638 [INFO] WebApp:194 - Connection lost
2025-10-18 18:16:40,893 [INFO] WebApp:191 - Connection restablished
2025-10-18 18:16:45,738 [INFO] WebApp:194 - Connection lost
2025-10-18 18:16:46,040 [INFO] WebApp:191 - Connection restablished
2025-10-18 18:16:49,110 [INFO] WebApp:194 - Connection lost
2025-10-18 18:16:50,371 [INFO] WebApp:191 - Connection restablished
2025-10-18 18:17:00,868 [INFO] WebApp:194 - Connection lost
2025-10-18 18:17:01,151 [INFO] WebApp:191 - Connection restablished
2025-10-18 18:17:11,148 [INFO] WebApp:194 - Connection lost
2025-10-18 18:17:11,590 [INFO] WebApp:191 - Connection restablished
2025-10-18 18:17:19,556 [INFO] WebApp:194 - Connection lost
2025-10-18 18:17:19,930 [INFO] WebApp:191 - Connection restablished
2025-10-18 18:17:28,911 [INFO] WebApp:194 - Connection lost
2025-10-18 18:17:29,200 [INFO] WebApp:191 - Connection restablished
2025-10-18 18:17:37,355 [INFO] WebApp:194 - Connection lost
2025-10-18 18:17:37,648 [INFO] WebApp:191 - Connection restablished
2025-10-18 18:17:46,980 [INFO] WebApp:194 - Connection lost
2025-10-18 18:17:47,670 [INFO] WebApp:191 - Connection restablished
2025-10-18 18:17:55,384 [INFO] WebApp:194 - Connection lost
2025-10-18 18:17:55,713 [INFO] WebApp:191 - Connection restablished
2025-10-18 18:18:10,552 [INFO] WebApp:194 - Connection lost
2025-10-18 18:18:10,836 [INFO] WebApp:191 - Connection restablished
2025-10-18 18:18:19,876 [INFO] WebApp:194 - Connection lost
2025-10-18 18:18:20,167 [INFO] WebApp:191 - Connection restablished
2025-10-18 18:18:34,573 [INFO] WebApp:194 - Connection lost
2025-10-18 18:18:35,369 [INFO] WebApp:191 - Connection restablished
2025-10-18 18:18:43,110 [INFO] WebApp:194 - Connection lost
2025-10-18 18:18:43,570 [INFO] WebApp:191 - Connection restablished
2025-10-18 18:18:51,428 [INFO] WebApp:194 - Connection lost
2025-10-18 18:18:51,805 [INFO] WebApp:191 - Connection restablished
2025-10-18 18:19:04,331 [INFO] WebApp:194 - Connection lost
2025-10-18 18:19:05,422 [INFO] WebApp:191 - Connection restablished
2025-10-18 18:19:13,826 [INFO] WebApp:194 - Connection lost
2025-10-18 18:19:14,303 [INFO] WebApp:191 - Connection restablished
2025-10-18 18:19:24,176 [INFO] WebApp:194 - Connection lost
2025-10-18 18:19:24,940 [INFO] WebApp:191 - Connection restablished
2025-10-18 18:19:33,695 [INFO] WebApp:194 - Connection lost
2025-10-18 18:19:34,220 [INFO] WebApp:191 - Connection restablished
2025-10-18 18:24:09,119 [INFO] WebApp:194 - Connection lost
2025-10-18 18:24:09,600 [INFO] WebApp:191 - Connection restablished
2025-10-18 18:24:11,395 [INFO] WebApp:194 - Connection lost
2025-10-18 18:24:12,540 [INFO] WebApp:191 - Connection restablished
2025-10-18 18:24:22,160 [INFO] WebApp:194 - Connection lost
2025-10-18 18:24:22,617 [INFO] WebApp:191 - Connection restablished
2025-10-18 18:24:44,588 [INFO] WebApp:194 - Connection lost
2025-10-18 18:24:45,352 [INFO] WebApp:191 - Connection restablished
2025-10-18 18:25:11,523 [INFO] WebApp:194 - Connection lost
2025-10-18 18:25:11,968 [INFO] WebApp:191 - Connection restablished
2025-10-18 18:28:18,104 [INFO] WebApp:194 - Connection lost
2025-10-18 18:28:18,429 [INFO] WebApp:191 - Connection restablished
2025-10-18 18:28:39,512 [INFO] WebApp:194 - Connection lost
2025-10-18 18:28:39,893 [INFO] WebApp:191 - Connection restablished
2025-10-18 18:30:38,344 [INFO] WebApp:194 - Connection lost
2025-10-18 18:30:38,777 [INFO] WebApp:191 - Connection restablished
2025-10-18 18:30:42,671 [INFO] WebApp:194 - Connection lost
2025-10-18 18:30:43,086 [INFO] WebApp:191 - Connection restablished
2025-10-18 18:30:52,206 [INFO] WebApp:194 - Connection lost
2025-10-18 18:30:52,785 [INFO] WebApp:191 - Connection restablished
2025-10-18 18:34:33,825 [INFO] WebApp:194 - Connection lost
2025-10-18 18:34:34,421 [INFO] WebApp:191 - Connection restablished
2025-10-18 18:34:43,129 [INFO] WebApp:194 - Connection lost
2025-10-18 18:34:43,543 [INFO] WebApp:191 - Connection restablished
2025-10-18 18:35:10,876 [INFO] WebApp:194 - Connection lost
2025-10-18 18:35:11,895 [INFO] WebApp:191 - Connection restablished
2025-10-18 18:35:22,268 [INFO] WebApp:194 - Connection lost
2025-10-18 18:35:23,147 [INFO] WebApp:191 - Connection restablished
2025-10-18 18:35:26,420 [INFO] WebApp:194 - Connection lost
2025-10-18 18:35:26,791 [INFO] WebApp:191 - Connection restablished
2025-10-18 18:52:25,720 [INFO] WebApp:194 - Connection lost
2025-10-18 18:52:26,131 [INFO] WebApp:191 - Connection restablished
2025-10-18 19:02:03,652 [INFO] WebApp:194 - Connection lost
2025-10-18 19:02:04,235 [INFO] WebApp:191 - Connection restablished
2025-10-18 19:06:54,062 [INFO] WebApp:194 - Connection lost
2025-10-18 19:06:54,530 [INFO] WebApp:191 - Connection restablished
2025-10-18 19:08:55,180 [INFO] WebApp:194 - Connection lost
2025-10-18 19:08:55,546 [INFO] WebApp:191 - Connection restablished
2025-10-18 19:08:57,342 [INFO] WebApp:194 - Connection lost
2025-10-18 19:08:58,667 [INFO] WebApp:191 - Connection restablished
2025-10-18 19:10:32,210 [INFO] WebApp:194 - Connection lost
2025-10-18 19:10:32,714 [INFO] WebApp:191 - Connection restablished
2025-10-18 19:13:29,968 [INFO] WebApp:194 - Connection lost
2025-10-18 19:13:30,498 [INFO] WebApp:191 - Connection restablished
2025-10-18 19:14:24,448 [INFO] WebApp:194 - Connection lost
2025-10-18 19:14:24,903 [INFO] WebApp:191 - Connection restablished
2025-10-18 19:14:59,035 [INFO] WebApp:194 - Connection lost
2025-10-18 19:14:59,454 [INFO] WebApp:191 - Connection restablished
2025-10-18 19:15:55,701 [INFO] WebApp:194 - Connection lost
2025-10-18 19:15:56,249 [INFO] WebApp:191 - Connection restablished
2025-10-18 19:16:09,359 [INFO] WebApp:194 - Connection lost
2025-10-18 19:16:09,765 [INFO] WebApp:191 - Connection restablished
2025-10-18 19:16:12,562 [INFO] WebApp:194 - Connection lost
2025-10-18 19:16:12,970 [INFO] WebApp:191 - Connection restablished
2025-10-18 19:16:37,759 [INFO] WebApp:194 - Connection lost
2025-10-18 19:16:38,260 [INFO] WebApp:191 - Connection restablished
2025-10-18 19:17:01,829 [INFO] WebApp:194 - Connection lost
2025-10-18 19:17:02,341 [INFO] WebApp:191 - Connection restablished
2025-10-18 19:17:27,624 [INFO] WebApp:194 - Connection lost
2025-10-18 19:17:28,001 [INFO] WebApp:191 - Connection restablished
2025-10-18 19:18:00,093 [INFO] WebApp:194 - Connection lost
2025-10-18 19:18:00,381 [INFO] WebApp:191 - Connection restablished
2025-10-18 19:18:26,005 [INFO] WebApp:194 - Connection lost
2025-10-18 19:18:26,368 [INFO] WebApp:191 - Connection restablished
2025-10-18 19:20:11,645 [INFO] WebApp:194 - Connection lost
2025-10-18 19:20:11,962 [INFO] WebApp:191 - Connection restablished
2025-10-18 19:20:15,661 [INFO] WebApp:194 - Connection lost
2025-10-18 19:20:15,893 [INFO] WebApp:191 - Connection restablished
2025-10-18 19:20:27,981 [INFO] WebApp:194 - Connection lost
2025-10-18 19:20:28,238 [INFO] WebApp:191 - Connection restablished
2025-10-18 19:20:30,616 [INFO] WebApp:194 - Connection lost
2025-10-18 19:20:31,578 [INFO] WebApp:191 - Connection restablished
2025-10-18 19:21:00,322 [INFO] WebApp:194 - Connection lost
2025-10-18 19:21:00,642 [INFO] WebApp:191 - Connection restablished
2025-10-18 19:21:13,225 [INFO] WebApp:194 - Connection lost
2025-10-18 19:21:13,551 [INFO] WebApp:191 - Connection restablished
2025-10-18 19:21:43,017 [INFO] WebApp:194 - Connection lost
2025-10-18 19:21:43,325 [INFO] WebApp:191 - Connection restablished
2025-10-18 19:22:06,239 [INFO] WebApp:194 - Connection lost
2025-10-18 19:22:06,484 [INFO] WebApp:191 - Connection restablished
2025-10-18 19:22:51,153 [INFO] WebApp:194 - Connection lost
2025-10-18 19:22:52,970 [INFO] WebApp:191 - Connection restablished
2025-10-18 19:23:20,403 [INFO] WebApp:194 - Connection lost
2025-10-18 19:23:20,695 [INFO] WebApp:191 - Connection restablished
2025-10-18 19:26:38,963 [INFO] WebApp:194 - Connection lost
2025-10-18 19:26:39,264 [INFO] WebApp:191 - Connection restablished
2025-10-18 19:29:09,182 [INFO] WebApp:194 - Connection lost
2025-10-18 19:29:09,448 [INFO] WebApp:191 - Connection restablished
2025-10-18 19:44:17,589 [INFO] WebApp:194 - Connection lost
2025-10-18 19:44:18,244 [INFO] WebApp:191 - Connection restablished
2025-10-18 19:46:39,387 [INFO] WebApp:194 - Connection lost
2025-10-18 19:46:39,885 [INFO] WebApp:191 - Connection restablished
2025-10-18 19:49:43,248 [INFO] WebApp:194 - Connection lost
2025-10-18 19:49:43,543 [INFO] WebApp:191 - Connection restablished
2025-10-18 19:49:56,940 [INFO] WebApp:194 - Connection lost
2025-10-18 19:49:57,225 [INFO] WebApp:191 - Connection restablished
2025-10-18 19:50:01,206 [INFO] WebApp:194 - Connection lost
2025-10-18 19:50:01,879 [INFO] WebApp:191 - Connection restablished
2025-10-18 19:50:15,310 [INFO] WebApp:194 - Connection lost
2025-10-18 19:50:15,631 [INFO] WebApp:191 - Connection restablished
2025-10-18 19:50:16,252 [INFO] WebApp:194 - Connection lost
2025-10-18 19:50:16,953 [INFO] WebApp:191 - Connection restablished
2025-10-18 20:00:05,783 [INFO] WebApp:194 - Connection lost
2025-10-18 20:00:06,108 [INFO] WebApp:191 - Connection restablished
2025-10-18 20:00:27,933 [INFO] WebApp:194 - Connection lost
2025-10-18 20:00:28,224 [INFO] WebApp:191 - Connection restablished
2025-10-18 20:01:33,427 [INFO] WebApp:194 - Connection lost
2025-10-18 20:01:33,772 [INFO] WebApp:191 - Connection restablished
2025-10-18 20:01:42,863 [INFO] WebApp:194 - Connection lost
2025-10-18 20:01:43,202 [INFO] WebApp:191 - Connection restablished
2025-10-18 20:02:06,096 [INFO] WebApp:194 - Connection lost
2025-10-18 20:02:06,443 [INFO] WebApp:191 - Connection restablished
2025-10-18 20:12:08,533 [INFO] WebApp:194 - Connection lost
2025-10-18 20:12:08,947 [INFO] WebApp:191 - Connection restablished
2025-10-18 20:12:10,868 [INFO] WebApp:194 - Connection lost
2025-10-18 20:12:12,004 [INFO] WebApp:191 - Connection restablished
2025-10-18 20:28:25,605 [INFO] WebApp:194 - Connection lost
2025-10-18 20:28:25,869 [INFO] WebApp:191 - Connection restablished
2025-10-18 20:28:29,283 [INFO] WebApp:194 - Connection lost
2025-10-18 20:28:30,332 [INFO] WebApp:191 - Connection restablished
2025-10-18 20:44:34,798 [INFO] WebApp:194 - Connection lost
2025-10-18 20:44:35,220 [INFO] WebApp:191 - Connection restablished
2025-10-18 20:44:35,667 [INFO] WebApp:194 - Connection lost
2025-10-18 20:44:36,253 [INFO] WebApp:191 - Connection restablished
2025-10-18 20:44:50,678 [INFO] WebApp:194 - Connection lost
2025-10-18 20:44:50,974 [INFO] WebApp:191 - Connection restablished
2025-10-18 20:44:53,707 [INFO] WebApp:194 - Connection lost
2025-10-18 20:44:54,937 [INFO] WebApp:191 - Connection restablished
2025-10-18 21:01:09,650 [INFO] WebApp:194 - Connection lost
2025-10-18 21:01:10,008 [INFO] WebApp:191 - Connection restablished
2025-10-18 21:01:12,077 [INFO] WebApp:194 - Connection lost
2025-10-18 21:01:13,542 [INFO] WebApp:191 - Connection restablished
2025-10-18 21:03:05,602 [INFO] WebApp:194 - Connection lost
2025-10-18 21:03:07,533 [INFO] WebApp:191 - Connection restablished
2025-10-18 21:13:28,652 [INFO] WebApp:194 - Connection lost
2025-10-18 21:13:29,150 [INFO] WebApp:191 - Connection restablished
2025-10-18 21:13:30,392 [INFO] WebApp:194 - Connection lost
2025-10-18 21:13:32,351 [INFO] WebApp:191 - Connection restablished
2025-10-18 21:28:37,744 [INFO] WebApp:194 - Connection lost
2025-10-18 21:28:38,525 [INFO] WebApp:191 - Connection restablished
2025-10-18 21:28:42,803 [INFO] WebApp:194 - Connection lost
2025-10-18 21:28:43,513 [INFO] WebApp:191 - Connection restablished
2025-10-18 21:35:05,019 [INFO] WebApp:194 - Connection lost
2025-10-18 21:35:05,274 [INFO] WebApp:191 - Connection restablished
2025-10-18 21:35:09,800 [INFO] WebApp:194 - Connection lost
2025-10-18 21:35:10,055 [INFO] WebApp:191 - Connection restablished
2025-10-18 21:38:39,042 [INFO] WebApp:194 - Connection lost
2025-10-18 21:38:39,649 [INFO] WebApp:191 - Connection restablished
2025-10-18 21:38:40,041 [INFO] WebApp:194 - Connection lost
2025-10-18 21:38:40,676 [INFO] WebApp:191 - Connection restablished
2025-10-18 21:40:00,139 [INFO] WebApp:194 - Connection lost
2025-10-18 21:40:00,397 [INFO] WebApp:191 - Connection restablished
2025-10-18 21:55:49,722 [INFO] WebApp:194 - Connection lost
2025-10-18 21:55:50,056 [INFO] WebApp:191 - Connection restablished
2025-10-18 22:04:05,861 [INFO] WebApp:194 - Connection lost
2025-10-18 22:04:06,436 [INFO] WebApp:191 - Connection restablished
2025-10-18 22:22:02,761 [INFO] WebApp:194 - Connection lost
2025-10-18 22:22:03,215 [INFO] WebApp:191 - Connection restablished
2025-10-18 22:37:08,475 [INFO] WebApp:194 - Connection lost
2025-10-18 22:37:09,957 [INFO] WebApp:191 - Connection restablished
2025-10-18 22:52:36,760 [INFO] WebApp:194 - Connection lost
2025-10-18 22:52:37,206 [INFO] WebApp:191 - Connection restablished
2025-10-18 23:05:08,987 [INFO] WebApp:194 - Connection lost
2025-10-18 23:05:10,288 [INFO] WebApp:191 - Connection restablished
2025-10-18 23:22:19,614 [INFO] WebApp:194 - Connection lost
2025-10-18 23:22:20,199 [INFO] WebApp:191 - Connection restablished
2025-10-18 23:39:19,850 [INFO] WebApp:194 - Connection lost
2025-10-18 23:39:20,120 [INFO] WebApp:191 - Connection restablished
2025-10-18 23:55:41,729 [INFO] WebApp:194 - Connection lost
2025-10-18 23:55:41,972 [INFO] WebApp:191 - Connection restablished
2025-10-18 23:55:43,218 [INFO] WebApp:194 - Connection lost
2025-10-18 23:55:45,201 [INFO] WebApp:191 - Connection restablished
2025-10-18 23:59:37,929 [INFO] WebApp:194 - Connection lost
2025-10-18 23:59:39,583 [INFO] WebApp:191 - Connection restablished
